<?xml version="1.0" encoding="utf-8"?><testsuites name="pytest tests"><testsuite name="pytest" errors="0" failures="0" skipped="8" tests="37" time="3.840" timestamp="2026-04-22T18:24:53.305846+00:00" hostname="agent-env-2f4aa8f6-d5d5-4e93-a71f-0d0b194e3946"><testcase classname="backend.tests.test_honesty_iter64_html_sweep" name="test_no_banned_literals[/]" time="0.151" /><testcase classname="backend.tests.test_honesty_iter64_html_sweep" name="test_no_banned_literals[/spa-gp-tickets]" time="0.119" /><testcase classname="backend.tests.test_honesty_iter64_html_sweep" name="test_no_banned_literals[/monaco-gp-tickets]" time="0.115" /><testcase classname="backend.tests.test_honesty_iter64_html_sweep" name="test_no_banned_literals[/taylor-swift-tickets]" time="0.125" /><testcase classname="backend.tests.test_honesty_iter64_html_sweep" name="test_no_banned_literals[/super-bowl-tickets]" time="0.119" /><testcase classname="backend.tests.test_honesty_iter64_html_sweep" name="test_no_banned_literals[/f1-tickets]" time="0.165" /><testcase classname="backend.tests.test_honesty_iter64_html_sweep" name="test_no_banned_literals[/abu-dhabi-gp-tickets]" time="0.144" /><testcase classname="backend.tests.test_honesty_iter64_html_sweep" name="test_no_banned_literals[/event/taylor-swift-eras-tour-london-2026-tickets]" time="0.146" /><testcase classname="backend.tests.test_honesty_iter64_html_sweep" name="test_no_banned_literals[/motogp-tickets]" time="0.120" /><testcase classname="backend.tests.test_honesty_iter64_html_sweep" name="test_no_banned_regex[/]" time="0.111" /><testcase classname="backend.tests.test_honesty_iter64_html_sweep" name="test_no_banned_regex[/spa-gp-tickets]" time="0.119" /><testcase classname="backend.tests.test_honesty_iter64_html_sweep" name="test_no_banned_regex[/monaco-gp-tickets]" time="0.117" /><testcase classname="backend.tests.test_honesty_iter64_html_sweep" name="test_no_banned_regex[/taylor-swift-tickets]" time="0.135" /><testcase classname="backend.tests.test_honesty_iter64_html_sweep" name="test_no_banned_regex[/super-bowl-tickets]" time="0.123" /><testcase classname="backend.tests.test_honesty_iter64_html_sweep" name="test_no_banned_regex[/f1-tickets]" time="0.117" /><testcase classname="backend.tests.test_honesty_iter64_html_sweep" name="test_no_banned_regex[/abu-dhabi-gp-tickets]" time="0.133" /><testcase classname="backend.tests.test_honesty_iter64_html_sweep" name="test_no_banned_regex[/event/taylor-swift-eras-tour-london-2026-tickets]" time="0.129" /><testcase classname="backend.tests.test_honesty_iter64_html_sweep" name="test_no_banned_regex[/motogp-tickets]" time="0.116" /><testcase classname="backend.tests.test_honesty_iter64_html_sweep" name="test_hub_noindex[/juventus-tickets]" time="0.000"><skipped type="pytest.skip" message="Hub noindex is injected by React/SEOHead at runtime; not visible to curl. Verified separately via Playwright in iter64 — 8/8 hubs serve &lt;meta name='robots' content='noindex, nofollow'&gt; in rendered DOM.">/app/backend/tests/test_honesty_iter64_html_sweep.py:87: Hub noindex is injected by React/SEOHead at runtime; not visible to curl. Verified separately via Playwright in iter64 — 8/8 hubs serve &lt;meta name='robots' content='noindex, nofollow'&gt; in rendered DOM.</skipped></testcase><testcase classname="backend.tests.test_honesty_iter64_html_sweep" name="test_hub_noindex[/bayern-munich-tickets]" time="0.000"><skipped type="pytest.skip" message="Hub noindex is injected by React/SEOHead at runtime; not visible to curl. Verified separately via Playwright in iter64 — 8/8 hubs serve &lt;meta name='robots' content='noindex, nofollow'&gt; in rendered DOM.">/app/backend/tests/test_honesty_iter64_html_sweep.py:87: Hub noindex is injected by React/SEOHead at runtime; not visible to curl. Verified separately via Playwright in iter64 — 8/8 hubs serve &lt;meta name='robots' content='noindex, nofollow'&gt; in rendered DOM.</skipped></testcase><testcase classname="backend.tests.test_honesty_iter64_html_sweep" name="test_hub_noindex[/psg-tickets]" time="0.000"><skipped type="pytest.skip" message="Hub noindex is injected by React/SEOHead at runtime; not visible to curl. Verified separately via Playwright in iter64 — 8/8 hubs serve &lt;meta name='robots' content='noindex, nofollow'&gt; in rendered DOM.">/app/backend/tests/test_honesty_iter64_html_sweep.py:87: Hub noindex is injected by React/SEOHead at runtime; not visible to curl. Verified separately via Playwright in iter64 — 8/8 hubs serve &lt;meta name='robots' content='noindex, nofollow'&gt; in rendered DOM.</skipped></testcase><testcase classname="backend.tests.test_honesty_iter64_html_sweep" name="test_hub_noindex[/real-madrid-tickets]" time="0.000"><skipped type="pytest.skip" message="Hub noindex is injected by React/SEOHead at runtime; not visible to curl. Verified separately via Playwright in iter64 — 8/8 hubs serve &lt;meta name='robots' content='noindex, nofollow'&gt; in rendered DOM.">/app/backend/tests/test_honesty_iter64_html_sweep.py:87: Hub noindex is injected by React/SEOHead at runtime; not visible to curl. Verified separately via Playwright in iter64 — 8/8 hubs serve &lt;meta name='robots' content='noindex, nofollow'&gt; in rendered DOM.</skipped></testcase><testcase classname="backend.tests.test_honesty_iter64_html_sweep" name="test_hub_noindex[/arsenal-tickets]" time="0.000"><skipped type="pytest.skip" message="Hub noindex is injected by React/SEOHead at runtime; not visible to curl. Verified separately via Playwright in iter64 — 8/8 hubs serve &lt;meta name='robots' content='noindex, nofollow'&gt; in rendered DOM.">/app/backend/tests/test_honesty_iter64_html_sweep.py:87: Hub noindex is injected by React/SEOHead at runtime; not visible to curl. Verified separately via Playwright in iter64 — 8/8 hubs serve &lt;meta name='robots' content='noindex, nofollow'&gt; in rendered DOM.</skipped></testcase><testcase classname="backend.tests.test_honesty_iter64_html_sweep" name="test_hub_noindex[/liverpool-tickets]" time="0.000"><skipped type="pytest.skip" message="Hub noindex is injected by React/SEOHead at runtime; not visible to curl. Verified separately via Playwright in iter64 — 8/8 hubs serve &lt;meta name='robots' content='noindex, nofollow'&gt; in rendered DOM.">/app/backend/tests/test_honesty_iter64_html_sweep.py:87: Hub noindex is injected by React/SEOHead at runtime; not visible to curl. Verified separately via Playwright in iter64 — 8/8 hubs serve &lt;meta name='robots' content='noindex, nofollow'&gt; in rendered DOM.</skipped></testcase><testcase classname="backend.tests.test_honesty_iter64_html_sweep" name="test_hub_noindex[/barcelona-tickets]" time="0.000"><skipped type="pytest.skip" message="Hub noindex is injected by React/SEOHead at runtime; not visible to curl. Verified separately via Playwright in iter64 — 8/8 hubs serve &lt;meta name='robots' content='noindex, nofollow'&gt; in rendered DOM.">/app/backend/tests/test_honesty_iter64_html_sweep.py:87: Hub noindex is injected by React/SEOHead at runtime; not visible to curl. Verified separately via Playwright in iter64 — 8/8 hubs serve &lt;meta name='robots' content='noindex, nofollow'&gt; in rendered DOM.</skipped></testcase><testcase classname="backend.tests.test_honesty_iter64_html_sweep" name="test_hub_noindex[/manchester-city-tickets]" time="0.000"><skipped type="pytest.skip" message="Hub noindex is injected by React/SEOHead at runtime; not visible to curl. Verified separately via Playwright in iter64 — 8/8 hubs serve &lt;meta name='robots' content='noindex, nofollow'&gt; in rendered DOM.">/app/backend/tests/test_honesty_iter64_html_sweep.py:87: Hub noindex is injected by React/SEOHead at runtime; not visible to curl. Verified separately via Playwright in iter64 — 8/8 hubs serve &lt;meta name='robots' content='noindex, nofollow'&gt; in rendered DOM.</skipped></testcase><testcase classname="backend.tests.test_honesty_iter64_html_sweep" name="test_coming_soon_event_no_product_schema" time="0.111" /><testcase classname="backend.tests.test_honesty_iter64_html_sweep" name="test_active_f1_event_may_have_product_no_aggregate" time="0.236" /><testcase classname="backend.tests.test_honesty_iter64_html_sweep" name="test_waitlist_endpoint_accepts_payload" time="0.113" /><testcase classname="backend.tests.test_honesty_layer.TestWaitlist" name="test_waitlist_post_valid" time="0.118" /><testcase classname="backend.tests.test_honesty_layer.TestWaitlist" name="test_waitlist_post_invalid_email" time="0.116" /><testcase classname="backend.tests.test_honesty_layer.TestWaitlist" name="test_waitlist_count_get" time="0.118" /><testcase classname="backend.tests.test_honesty_layer.TestFeaturedExcludesComingSoon" name="test_featured_no_coming_soon" time="0.128" /><testcase classname="backend.tests.test_honesty_layer.TestFeaturedExcludesComingSoon" name="test_featured_no_taylor_or_bieber" time="0.126" /><testcase classname="backend.tests.test_honesty_layer.TestTaylorSwiftStatus" name="test_taylor_swift_event_state" time="0.122" /><testcase classname="backend.tests.test_honesty_layer.TestActiveEvent" name="test_active_f1_event_exists" time="0.139" /><testcase classname="backend.tests.test_honesty_layer.TestMotoGP" name="test_motogp_events_exist" time="0.142" /></testsuite></testsuites>