<?xml version="1.0" encoding="utf-8"?><testsuites name="pytest tests"><testsuite name="pytest" errors="0" failures="0" skipped="0" tests="8" time="1.177" timestamp="2026-04-22T17:44:49.649339+00:00" hostname="agent-env-2f4aa8f6-d5d5-4e93-a71f-0d0b194e3946"><testcase classname="backend.tests.test_honesty_layer.TestWaitlist" name="test_waitlist_post_valid" time="0.140" /><testcase classname="backend.tests.test_honesty_layer.TestWaitlist" name="test_waitlist_post_invalid_email" time="0.115" /><testcase classname="backend.tests.test_honesty_layer.TestWaitlist" name="test_waitlist_count_get" time="0.128" /><testcase classname="backend.tests.test_honesty_layer.TestFeaturedExcludesComingSoon" name="test_featured_no_coming_soon" time="0.161" /><testcase classname="backend.tests.test_honesty_layer.TestFeaturedExcludesComingSoon" name="test_featured_no_taylor_or_bieber" time="0.136" /><testcase classname="backend.tests.test_honesty_layer.TestTaylorSwiftStatus" name="test_taylor_swift_event_state" time="0.173" /><testcase classname="backend.tests.test_honesty_layer.TestActiveEvent" name="test_active_f1_event_exists" time="0.129" /><testcase classname="backend.tests.test_honesty_layer.TestMotoGP" name="test_motogp_events_exist" time="0.143" /></testsuite></testsuites>