<?xml version="1.0" encoding="utf-8"?><testsuites name="pytest tests"><testsuite name="pytest" errors="0" failures="2" skipped="0" tests="18" time="2.535" timestamp="2026-04-22T18:23:58.766592+00:00" hostname="agent-env-2f4aa8f6-d5d5-4e93-a71f-0d0b194e3946"><testcase classname="backend.tests.test_honesty_iter65_overclaim_sweep" name="test_no_100_percent_claims[/]" time="0.218" /><testcase classname="backend.tests.test_honesty_iter65_overclaim_sweep" name="test_no_100_percent_claims[/world-cup-2026]" time="0.141" /><testcase classname="backend.tests.test_honesty_iter65_overclaim_sweep" name="test_no_100_percent_claims[/spa-gp-tickets]" time="0.134" /><testcase classname="backend.tests.test_honesty_iter65_overclaim_sweep" name="test_no_100_percent_claims[/monaco-gp-tickets]" time="0.128" /><testcase classname="backend.tests.test_honesty_iter65_overclaim_sweep" name="test_no_100_percent_claims[/super-bowl-tickets]" time="0.143" /><testcase classname="backend.tests.test_honesty_iter65_overclaim_sweep" name="test_no_100_percent_claims[/f1-tickets]" time="0.139" /><testcase classname="backend.tests.test_honesty_iter65_overclaim_sweep" name="test_homepage_no_fake_review_signals" time="0.124" /><testcase classname="backend.tests.test_honesty_iter65_overclaim_sweep" name="test_homepage_no_duplicate_trust_ribbon" time="0.125" /><testcase classname="backend.tests.test_honesty_iter65_overclaim_sweep" name="test_homepage_hero_softened" time="0.129" /><testcase classname="backend.tests.test_honesty_iter65_overclaim_sweep" name="test_homepage_price_context_and_cta_labels" time="0.121"><failure message="AssertionError: Homepage missing 'based on current listings' subtext under €150 figure&#10;assert 'based on current listings' in '&lt;!doctype html&gt;\n&lt;html lang=&quot;en&quot;&gt;\n  &lt;head&gt;\n    &lt;meta charset=&quot;utf-8&quot; /&gt;\n    &lt;meta http-equiv=&quot;content-security-policy&quot; content=&quot;upgrade-insecure-requests&quot; /&gt;\n    &lt;link rel=&quot;icon&quot; href=&quot;/favicon.ico&quot; /&gt;\n    &lt;link rel=&quot;icon&quot; type=&quot;image/png&quot; sizes=&quot;32x32&quot; href=&quot;/logo-32.png&quot; /&gt;\n    &lt;link rel=&quot;icon&quot; type=&quot;image/png&quot; sizes=&quot;16x16&quot; href=&quot;/logo-16.png&quot; /&gt;\n    &lt;link rel=&quot;apple-touch-icon&quot; sizes=&quot;180x180&quot; href=&quot;/apple-touch-icon.png&quot; /&gt;\n    &lt;link rel=&quot;manifest&quot; href=&quot;/manifest.json&quot; /&gt;\n    &lt;meta name=&quot;viewport&quot; content=&quot;width=device-width, initial-scale=1&quot; /&gt;\n    &lt;meta name=&quot;theme-color&quot; content=&quot;#09090b&quot; /&gt;\n    &lt;meta name=&quot;google-site-verification&quot; content=&quot;0p2i17vvx2nmksyj1ibqqdzc4moakd_ctjomy_dyty4&quot; /&gt;\n\n    &lt;!-- tracking pixels deferred to not block rendering --&gt;\n    &lt;script&gt;\n    window.addeventlistener(\'load\', function() {\n      settimeout(function() {\n        // meta (facebook) pixel\n        !function(f,b,e,v,n,t,s){if(f.fbq)return;n=f.fbq=function(){n.callmethod?\n        n.callmethod.apply(n,arguments):n.queue.push(arguments)};if(!f._fbq)f._fbq=n;\n        n.push=n;n.loaded=!0;n.version=\'2.0\';n.queue=[];t=b.createelement(e);t.async=!0;\n        t.src=v;s=b.g...tickets&lt;/a&gt;\n            &lt;a href=&quot;/concerts&quot; style=&quot;background:#8b5cf6;color:#fff;padding:12px 24px;border-radius:8px;text-decoration:none;font-weight:700&quot;&gt;concerts&lt;/a&gt;\n          &lt;/div&gt;\n        &lt;/main&gt;\n      &lt;/div&gt;\n    &lt;/div&gt;\n  &lt;script&gt;(function(){function c(){var b=a.contentdocument||a.contentwindow.document;if(b){var d=b.createelement(\'script\');d.innerhtml=&quot;window.__cf$cv$params={r:\'9f06a9b0f97f0aad\',t:\'mtc3njg4mji0ma==\'};var a=document.createelement(\'script\');a.src=\'/cdn-cgi/challenge-platform/scripts/jsd/main.js\';document.getelementsbytagname(\'head\')[0].appendchild(a);&quot;;b.getelementsbytagname(\'head\')[0].appendchild(d)}}if(document.body){var a=document.createelement(\'iframe\');a.height=1;a.width=1;a.style.position=\'absolute\';a.style.top=0;a.style.left=0;a.style.border=\'none\';a.style.visibility=\'hidden\';document.body.appendchild(a);if(\'loading\'!==document.readystate)c();else if(window.addeventlistener)document.addeventlistener(\'domcontentloaded\',c);else{var e=document.onreadystatechange||function(){};document.onreadystatechange=function(b){e(b);\'loading\'!==document.readystate&amp;&amp;(document.onreadystatechange=e,c())}}}})();&lt;/script&gt;&lt;/body&gt;\n&lt;/html&gt;\n'&#10; +  where '&lt;!doctype html&gt;\n&lt;html lang=&quot;en&quot;&gt;\n  &lt;head&gt;\n    &lt;meta charset=&quot;utf-8&quot; /&gt;\n    &lt;meta http-equiv=&quot;content-security-policy&quot; content=&quot;upgrade-insecure-requests&quot; /&gt;\n    &lt;link rel=&quot;icon&quot; href=&quot;/favicon.ico&quot; /&gt;\n    &lt;link rel=&quot;icon&quot; type=&quot;image/png&quot; sizes=&quot;32x32&quot; href=&quot;/logo-32.png&quot; /&gt;\n    &lt;link rel=&quot;icon&quot; type=&quot;image/png&quot; sizes=&quot;16x16&quot; href=&quot;/logo-16.png&quot; /&gt;\n    &lt;link rel=&quot;apple-touch-icon&quot; sizes=&quot;180x180&quot; href=&quot;/apple-touch-icon.png&quot; /&gt;\n    &lt;link rel=&quot;manifest&quot; href=&quot;/manifest.json&quot; /&gt;\n    &lt;meta name=&quot;viewport&quot; content=&quot;width=device-width, initial-scale=1&quot; /&gt;\n    &lt;meta name=&quot;theme-color&quot; content=&quot;#09090b&quot; /&gt;\n    &lt;meta name=&quot;google-site-verification&quot; content=&quot;0p2i17vvx2nmksyj1ibqqdzc4moakd_ctjomy_dyty4&quot; /&gt;\n\n    &lt;!-- tracking pixels deferred to not block rendering --&gt;\n    &lt;script&gt;\n    window.addeventlistener(\'load\', function() {\n      settimeout(function() {\n        // meta (facebook) pixel\n        !function(f,b,e,v,n,t,s){if(f.fbq)return;n=f.fbq=function(){n.callmethod?\n        n.callmethod.apply(n,arguments):n.queue.push(arguments)};if(!f._fbq)f._fbq=n;\n        n.push=n;n.loaded=!0;n.version=\'2.0\';n.queue=[];t=b.createelement(e);t.async=!0;\n        t.src=v;s=b.g...tickets&lt;/a&gt;\n            &lt;a href=&quot;/concerts&quot; style=&quot;background:#8b5cf6;color:#fff;padding:12px 24px;border-radius:8px;text-decoration:none;font-weight:700&quot;&gt;concerts&lt;/a&gt;\n          &lt;/div&gt;\n        &lt;/main&gt;\n      &lt;/div&gt;\n    &lt;/div&gt;\n  &lt;script&gt;(function(){function c(){var b=a.contentdocument||a.contentwindow.document;if(b){var d=b.createelement(\'script\');d.innerhtml=&quot;window.__cf$cv$params={r:\'9f06a9b0f97f0aad\',t:\'mtc3njg4mji0ma==\'};var a=document.createelement(\'script\');a.src=\'/cdn-cgi/challenge-platform/scripts/jsd/main.js\';document.getelementsbytagname(\'head\')[0].appendchild(a);&quot;;b.getelementsbytagname(\'head\')[0].appendchild(d)}}if(document.body){var a=document.createelement(\'iframe\');a.height=1;a.width=1;a.style.position=\'absolute\';a.style.top=0;a.style.left=0;a.style.border=\'none\';a.style.visibility=\'hidden\';document.body.appendchild(a);if(\'loading\'!==document.readystate)c();else if(window.addeventlistener)document.addeventlistener(\'domcontentloaded\',c);else{var e=document.onreadystatechange||function(){};document.onreadystatechange=function(b){e(b);\'loading\'!==document.readystate&amp;&amp;(document.onreadystatechange=e,c())}}}})();&lt;/script&gt;&lt;/body&gt;\n&lt;/html&gt;\n' = &lt;built-in method lower of str object at 0xace24be86610&gt;()&#10; +    where &lt;built-in method lower of str object at 0xace24be86610&gt; = '&lt;!DOCTYPE html&gt;\n&lt;html lang=&quot;en&quot;&gt;\n  &lt;head&gt;\n    &lt;meta charset=&quot;utf-8&quot; /&gt;\n    &lt;meta http-equiv=&quot;Content-Security-Policy&quot; content=&quot;upgrade-insecure-requests&quot; /&gt;\n    &lt;link rel=&quot;icon&quot; href=&quot;/favicon.ico&quot; /&gt;\n    &lt;link rel=&quot;icon&quot; type=&quot;image/png&quot; sizes=&quot;32x32&quot; href=&quot;/logo-32.png&quot; /&gt;\n    &lt;link rel=&quot;icon&quot; type=&quot;image/png&quot; sizes=&quot;16x16&quot; href=&quot;/logo-16.png&quot; /&gt;\n    &lt;link rel=&quot;apple-touch-icon&quot; sizes=&quot;180x180&quot; href=&quot;/apple-touch-icon.png&quot; /&gt;\n    &lt;link rel=&quot;manifest&quot; href=&quot;/manifest.json&quot; /&gt;\n    &lt;meta name=&quot;viewport&quot; content=&quot;width=device-width, initial-scale=1&quot; /&gt;\n    &lt;meta name=&quot;theme-color&quot; content=&quot;#09090b&quot; /&gt;\n    &lt;meta name=&quot;google-site-verification&quot; content=&quot;0p2i17vvx2NmkSyj1iBqQdzC4mOakD_CtjomY_DytY4&quot; /&gt;\n\n    &lt;!-- Tracking pixels deferred to not block rendering --&gt;\n    &lt;script&gt;\n    window.addEventListener(\'load\', function() {\n      setTimeout(function() {\n        // Meta (Facebook) Pixel\n        !function(f,b,e,v,n,t,s){if(f.fbq)return;n=f.fbq=function(){n.callMethod?\n        n.callMethod.apply(n,arguments):n.queue.push(arguments)};if(!f._fbq)f._fbq=n;\n        n.push=n;n.loaded=!0;n.version=\'2.0\';n.queue=[];t=b.createElement(e);t.async=!0;\n        t.src=v;s=b.g...Tickets&lt;/a&gt;\n            &lt;a href=&quot;/concerts&quot; style=&quot;background:#8b5cf6;color:#fff;padding:12px 24px;border-radius:8px;text-decoration:none;font-weight:700&quot;&gt;Concerts&lt;/a&gt;\n          &lt;/div&gt;\n        &lt;/main&gt;\n      &lt;/div&gt;\n    &lt;/div&gt;\n  &lt;script&gt;(function(){function c(){var b=a.contentDocument||a.contentWindow.document;if(b){var d=b.createElement(\'script\');d.innerHTML=&quot;window.__CF$cv$params={r:\'9f06a9b0f97f0aad\',t:\'MTc3Njg4MjI0MA==\'};var a=document.createElement(\'script\');a.src=\'/cdn-cgi/challenge-platform/scripts/jsd/main.js\';document.getElementsByTagName(\'head\')[0].appendChild(a);&quot;;b.getElementsByTagName(\'head\')[0].appendChild(d)}}if(document.body){var a=document.createElement(\'iframe\');a.height=1;a.width=1;a.style.position=\'absolute\';a.style.top=0;a.style.left=0;a.style.border=\'none\';a.style.visibility=\'hidden\';document.body.appendChild(a);if(\'loading\'!==document.readyState)c();else if(window.addEventListener)document.addEventListener(\'DOMContentLoaded\',c);else{var e=document.onreadystatechange||function(){};document.onreadystatechange=function(b){e(b);\'loading\'!==document.readyState&amp;&amp;(document.onreadystatechange=e,c())}}}})();&lt;/script&gt;&lt;/body&gt;\n&lt;/html&gt;\n'.lower">backend/tests/test_honesty_iter65_overclaim_sweep.py:99: in test_homepage_price_context_and_cta_labels
    assert "based on current listings" in html.lower(), \
E   AssertionError: Homepage missing 'based on current listings' subtext under €150 figure
E   assert 'based on current listings' in '&lt;!doctype html&gt;\n&lt;html lang="en"&gt;\n  &lt;head&gt;\n    &lt;meta charset="utf-8" /&gt;\n    &lt;meta http-equiv="content-security-policy" content="upgrade-insecure-requests" /&gt;\n    &lt;link rel="icon" href="/favicon.ico" /&gt;\n    &lt;link rel="icon" type="image/png" sizes="32x32" href="/logo-32.png" /&gt;\n    &lt;link rel="icon" type="image/png" sizes="16x16" href="/logo-16.png" /&gt;\n    &lt;link rel="apple-touch-icon" sizes="180x180" href="/apple-touch-icon.png" /&gt;\n    &lt;link rel="manifest" href="/manifest.json" /&gt;\n    &lt;meta name="viewport" content="width=device-width, initial-scale=1" /&gt;\n    &lt;meta name="theme-color" content="#09090b" /&gt;\n    &lt;meta name="google-site-verification" content="0p2i17vvx2nmksyj1ibqqdzc4moakd_ctjomy_dyty4" /&gt;\n\n    &lt;!-- tracking pixels deferred to not block rendering --&gt;\n    &lt;script&gt;\n    window.addeventlistener(\'load\', function() {\n      settimeout(function() {\n        // meta (facebook) pixel\n        !function(f,b,e,v,n,t,s){if(f.fbq)return;n=f.fbq=function(){n.callmethod?\n        n.callmethod.apply(n,arguments):n.queue.push(arguments)};if(!f._fbq)f._fbq=n;\n        n.push=n;n.loaded=!0;n.version=\'2.0\';n.queue=[];t=b.createelement(e);t.async=!0;\n        t.src=v;s=b.g...tickets&lt;/a&gt;\n            &lt;a href="/concerts" style="background:#8b5cf6;color:#fff;padding:12px 24px;border-radius:8px;text-decoration:none;font-weight:700"&gt;concerts&lt;/a&gt;\n          &lt;/div&gt;\n        &lt;/main&gt;\n      &lt;/div&gt;\n    &lt;/div&gt;\n  &lt;script&gt;(function(){function c(){var b=a.contentdocument||a.contentwindow.document;if(b){var d=b.createelement(\'script\');d.innerhtml="window.__cf$cv$params={r:\'9f06a9b0f97f0aad\',t:\'mtc3njg4mji0ma==\'};var a=document.createelement(\'script\');a.src=\'/cdn-cgi/challenge-platform/scripts/jsd/main.js\';document.getelementsbytagname(\'head\')[0].appendchild(a);";b.getelementsbytagname(\'head\')[0].appendchild(d)}}if(document.body){var a=document.createelement(\'iframe\');a.height=1;a.width=1;a.style.position=\'absolute\';a.style.top=0;a.style.left=0;a.style.border=\'none\';a.style.visibility=\'hidden\';document.body.appendchild(a);if(\'loading\'!==document.readystate)c();else if(window.addeventlistener)document.addeventlistener(\'domcontentloaded\',c);else{var e=document.onreadystatechange||function(){};document.onreadystatechange=function(b){e(b);\'loading\'!==document.readystate&amp;&amp;(document.onreadystatechange=e,c())}}}})();&lt;/script&gt;&lt;/body&gt;\n&lt;/html&gt;\n'
E    +  where '&lt;!doctype html&gt;\n&lt;html lang="en"&gt;\n  &lt;head&gt;\n    &lt;meta charset="utf-8" /&gt;\n    &lt;meta http-equiv="content-security-policy" content="upgrade-insecure-requests" /&gt;\n    &lt;link rel="icon" href="/favicon.ico" /&gt;\n    &lt;link rel="icon" type="image/png" sizes="32x32" href="/logo-32.png" /&gt;\n    &lt;link rel="icon" type="image/png" sizes="16x16" href="/logo-16.png" /&gt;\n    &lt;link rel="apple-touch-icon" sizes="180x180" href="/apple-touch-icon.png" /&gt;\n    &lt;link rel="manifest" href="/manifest.json" /&gt;\n    &lt;meta name="viewport" content="width=device-width, initial-scale=1" /&gt;\n    &lt;meta name="theme-color" content="#09090b" /&gt;\n    &lt;meta name="google-site-verification" content="0p2i17vvx2nmksyj1ibqqdzc4moakd_ctjomy_dyty4" /&gt;\n\n    &lt;!-- tracking pixels deferred to not block rendering --&gt;\n    &lt;script&gt;\n    window.addeventlistener(\'load\', function() {\n      settimeout(function() {\n        // meta (facebook) pixel\n        !function(f,b,e,v,n,t,s){if(f.fbq)return;n=f.fbq=function(){n.callmethod?\n        n.callmethod.apply(n,arguments):n.queue.push(arguments)};if(!f._fbq)f._fbq=n;\n        n.push=n;n.loaded=!0;n.version=\'2.0\';n.queue=[];t=b.createelement(e);t.async=!0;\n        t.src=v;s=b.g...tickets&lt;/a&gt;\n            &lt;a href="/concerts" style="background:#8b5cf6;color:#fff;padding:12px 24px;border-radius:8px;text-decoration:none;font-weight:700"&gt;concerts&lt;/a&gt;\n          &lt;/div&gt;\n        &lt;/main&gt;\n      &lt;/div&gt;\n    &lt;/div&gt;\n  &lt;script&gt;(function(){function c(){var b=a.contentdocument||a.contentwindow.document;if(b){var d=b.createelement(\'script\');d.innerhtml="window.__cf$cv$params={r:\'9f06a9b0f97f0aad\',t:\'mtc3njg4mji0ma==\'};var a=document.createelement(\'script\');a.src=\'/cdn-cgi/challenge-platform/scripts/jsd/main.js\';document.getelementsbytagname(\'head\')[0].appendchild(a);";b.getelementsbytagname(\'head\')[0].appendchild(d)}}if(document.body){var a=document.createelement(\'iframe\');a.height=1;a.width=1;a.style.position=\'absolute\';a.style.top=0;a.style.left=0;a.style.border=\'none\';a.style.visibility=\'hidden\';document.body.appendchild(a);if(\'loading\'!==document.readystate)c();else if(window.addeventlistener)document.addeventlistener(\'domcontentloaded\',c);else{var e=document.onreadystatechange||function(){};document.onreadystatechange=function(b){e(b);\'loading\'!==document.readystate&amp;&amp;(document.onreadystatechange=e,c())}}}})();&lt;/script&gt;&lt;/body&gt;\n&lt;/html&gt;\n' = &lt;built-in method lower of str object at 0xace24be86610&gt;()
E    +    where &lt;built-in method lower of str object at 0xace24be86610&gt; = '&lt;!DOCTYPE html&gt;\n&lt;html lang="en"&gt;\n  &lt;head&gt;\n    &lt;meta charset="utf-8" /&gt;\n    &lt;meta http-equiv="Content-Security-Policy" content="upgrade-insecure-requests" /&gt;\n    &lt;link rel="icon" href="/favicon.ico" /&gt;\n    &lt;link rel="icon" type="image/png" sizes="32x32" href="/logo-32.png" /&gt;\n    &lt;link rel="icon" type="image/png" sizes="16x16" href="/logo-16.png" /&gt;\n    &lt;link rel="apple-touch-icon" sizes="180x180" href="/apple-touch-icon.png" /&gt;\n    &lt;link rel="manifest" href="/manifest.json" /&gt;\n    &lt;meta name="viewport" content="width=device-width, initial-scale=1" /&gt;\n    &lt;meta name="theme-color" content="#09090b" /&gt;\n    &lt;meta name="google-site-verification" content="0p2i17vvx2NmkSyj1iBqQdzC4mOakD_CtjomY_DytY4" /&gt;\n\n    &lt;!-- Tracking pixels deferred to not block rendering --&gt;\n    &lt;script&gt;\n    window.addEventListener(\'load\', function() {\n      setTimeout(function() {\n        // Meta (Facebook) Pixel\n        !function(f,b,e,v,n,t,s){if(f.fbq)return;n=f.fbq=function(){n.callMethod?\n        n.callMethod.apply(n,arguments):n.queue.push(arguments)};if(!f._fbq)f._fbq=n;\n        n.push=n;n.loaded=!0;n.version=\'2.0\';n.queue=[];t=b.createElement(e);t.async=!0;\n        t.src=v;s=b.g...Tickets&lt;/a&gt;\n            &lt;a href="/concerts" style="background:#8b5cf6;color:#fff;padding:12px 24px;border-radius:8px;text-decoration:none;font-weight:700"&gt;Concerts&lt;/a&gt;\n          &lt;/div&gt;\n        &lt;/main&gt;\n      &lt;/div&gt;\n    &lt;/div&gt;\n  &lt;script&gt;(function(){function c(){var b=a.contentDocument||a.contentWindow.document;if(b){var d=b.createElement(\'script\');d.innerHTML="window.__CF$cv$params={r:\'9f06a9b0f97f0aad\',t:\'MTc3Njg4MjI0MA==\'};var a=document.createElement(\'script\');a.src=\'/cdn-cgi/challenge-platform/scripts/jsd/main.js\';document.getElementsByTagName(\'head\')[0].appendChild(a);";b.getElementsByTagName(\'head\')[0].appendChild(d)}}if(document.body){var a=document.createElement(\'iframe\');a.height=1;a.width=1;a.style.position=\'absolute\';a.style.top=0;a.style.left=0;a.style.border=\'none\';a.style.visibility=\'hidden\';document.body.appendChild(a);if(\'loading\'!==document.readyState)c();else if(window.addEventListener)document.addEventListener(\'DOMContentLoaded\',c);else{var e=document.onreadystatechange||function(){};document.onreadystatechange=function(b){e(b);\'loading\'!==document.readyState&amp;&amp;(document.onreadystatechange=e,c())}}}})();&lt;/script&gt;&lt;/body&gt;\n&lt;/html&gt;\n'.lower</failure></testcase><testcase classname="backend.tests.test_honesty_iter65_overclaim_sweep" name="test_homepage_no_inflated_counts" time="0.144" /><testcase classname="backend.tests.test_honesty_iter65_overclaim_sweep" name="test_footer_refund_softened" time="0.135"><failure message="AssertionError: Footer missing softened refund line&#10;assert 'Refund available according to our refund policy' in '&lt;!DOCTYPE html&gt;\n&lt;html lang=&quot;en&quot;&gt;\n  &lt;head&gt;\n    &lt;meta charset=&quot;utf-8&quot; /&gt;\n    &lt;meta http-equiv=&quot;Content-Security-Policy&quot; content=&quot;upgrade-insecure-requests&quot; /&gt;\n    &lt;link rel=&quot;icon&quot; href=&quot;/favicon.ico&quot; /&gt;\n    &lt;link rel=&quot;icon&quot; type=&quot;image/png&quot; sizes=&quot;32x32&quot; href=&quot;/logo-32.png&quot; /&gt;\n    &lt;link rel=&quot;icon&quot; type=&quot;image/png&quot; sizes=&quot;16x16&quot; href=&quot;/logo-16.png&quot; /&gt;\n    &lt;link rel=&quot;apple-touch-icon&quot; sizes=&quot;180x180&quot; href=&quot;/apple-touch-icon.png&quot; /&gt;\n    &lt;link rel=&quot;manifest&quot; href=&quot;/manifest.json&quot; /&gt;\n    &lt;meta name=&quot;viewport&quot; content=&quot;width=device-width, initial-scale=1&quot; /&gt;\n    &lt;meta name=&quot;theme-color&quot; content=&quot;#09090b&quot; /&gt;\n    &lt;meta name=&quot;google-site-verification&quot; content=&quot;0p2i17vvx2NmkSyj1iBqQdzC4mOakD_CtjomY_DytY4&quot; /&gt;\n\n    &lt;!-- Tracking pixels deferred to not block rendering --&gt;\n    &lt;script&gt;\n    window.addEventListener(\'load\', function() {\n      setTimeout(function() {\n        // Meta (Facebook) Pixel\n        !function(f,b,e,v,n,t,s){if(f.fbq)return;n=f.fbq=function(){n.callMethod?\n        n.callMethod.apply(n,arguments):n.queue.push(arguments)};if(!f._fbq)f._fbq=n;\n        n.push=n;n.loaded=!0;n.version=\'2.0\';n.queue=[];t=b.createElement(e);t.async=!0;\n        t.src=v;s=b.g...Tickets&lt;/a&gt;\n            &lt;a href=&quot;/concerts&quot; style=&quot;background:#8b5cf6;color:#fff;padding:12px 24px;border-radius:8px;text-decoration:none;font-weight:700&quot;&gt;Concerts&lt;/a&gt;\n          &lt;/div&gt;\n        &lt;/main&gt;\n      &lt;/div&gt;\n    &lt;/div&gt;\n  &lt;script&gt;(function(){function c(){var b=a.contentDocument||a.contentWindow.document;if(b){var d=b.createElement(\'script\');d.innerHTML=&quot;window.__CF$cv$params={r:\'9f06a9b2cf4b0252\',t:\'MTc3Njg4MjI0MA==\'};var a=document.createElement(\'script\');a.src=\'/cdn-cgi/challenge-platform/scripts/jsd/main.js\';document.getElementsByTagName(\'head\')[0].appendChild(a);&quot;;b.getElementsByTagName(\'head\')[0].appendChild(d)}}if(document.body){var a=document.createElement(\'iframe\');a.height=1;a.width=1;a.style.position=\'absolute\';a.style.top=0;a.style.left=0;a.style.border=\'none\';a.style.visibility=\'hidden\';document.body.appendChild(a);if(\'loading\'!==document.readyState)c();else if(window.addEventListener)document.addEventListener(\'DOMContentLoaded\',c);else{var e=document.onreadystatechange||function(){};document.onreadystatechange=function(b){e(b);\'loading\'!==document.readyState&amp;&amp;(document.onreadystatechange=e,c())}}}})();&lt;/script&gt;&lt;/body&gt;\n&lt;/html&gt;\n'">backend/tests/test_honesty_iter65_overclaim_sweep.py:125: in test_footer_refund_softened
    assert "Refund available according to our refund policy" in html, \
E   AssertionError: Footer missing softened refund line
E   assert 'Refund available according to our refund policy' in '&lt;!DOCTYPE html&gt;\n&lt;html lang="en"&gt;\n  &lt;head&gt;\n    &lt;meta charset="utf-8" /&gt;\n    &lt;meta http-equiv="Content-Security-Policy" content="upgrade-insecure-requests" /&gt;\n    &lt;link rel="icon" href="/favicon.ico" /&gt;\n    &lt;link rel="icon" type="image/png" sizes="32x32" href="/logo-32.png" /&gt;\n    &lt;link rel="icon" type="image/png" sizes="16x16" href="/logo-16.png" /&gt;\n    &lt;link rel="apple-touch-icon" sizes="180x180" href="/apple-touch-icon.png" /&gt;\n    &lt;link rel="manifest" href="/manifest.json" /&gt;\n    &lt;meta name="viewport" content="width=device-width, initial-scale=1" /&gt;\n    &lt;meta name="theme-color" content="#09090b" /&gt;\n    &lt;meta name="google-site-verification" content="0p2i17vvx2NmkSyj1iBqQdzC4mOakD_CtjomY_DytY4" /&gt;\n\n    &lt;!-- Tracking pixels deferred to not block rendering --&gt;\n    &lt;script&gt;\n    window.addEventListener(\'load\', function() {\n      setTimeout(function() {\n        // Meta (Facebook) Pixel\n        !function(f,b,e,v,n,t,s){if(f.fbq)return;n=f.fbq=function(){n.callMethod?\n        n.callMethod.apply(n,arguments):n.queue.push(arguments)};if(!f._fbq)f._fbq=n;\n        n.push=n;n.loaded=!0;n.version=\'2.0\';n.queue=[];t=b.createElement(e);t.async=!0;\n        t.src=v;s=b.g...Tickets&lt;/a&gt;\n            &lt;a href="/concerts" style="background:#8b5cf6;color:#fff;padding:12px 24px;border-radius:8px;text-decoration:none;font-weight:700"&gt;Concerts&lt;/a&gt;\n          &lt;/div&gt;\n        &lt;/main&gt;\n      &lt;/div&gt;\n    &lt;/div&gt;\n  &lt;script&gt;(function(){function c(){var b=a.contentDocument||a.contentWindow.document;if(b){var d=b.createElement(\'script\');d.innerHTML="window.__CF$cv$params={r:\'9f06a9b2cf4b0252\',t:\'MTc3Njg4MjI0MA==\'};var a=document.createElement(\'script\');a.src=\'/cdn-cgi/challenge-platform/scripts/jsd/main.js\';document.getElementsByTagName(\'head\')[0].appendChild(a);";b.getElementsByTagName(\'head\')[0].appendChild(d)}}if(document.body){var a=document.createElement(\'iframe\');a.height=1;a.width=1;a.style.position=\'absolute\';a.style.top=0;a.style.left=0;a.style.border=\'none\';a.style.visibility=\'hidden\';document.body.appendChild(a);if(\'loading\'!==document.readyState)c();else if(window.addEventListener)document.addEventListener(\'DOMContentLoaded\',c);else{var e=document.onreadystatechange||function(){};document.onreadystatechange=function(b){e(b);\'loading\'!==document.readyState&amp;&amp;(document.onreadystatechange=e,c())}}}})();&lt;/script&gt;&lt;/body&gt;\n&lt;/html&gt;\n'</failure></testcase><testcase classname="backend.tests.test_honesty_iter65_overclaim_sweep" name="test_index_html_no_buy_prefix_in_meta_map" time="0.122" /><testcase classname="backend.tests.test_honesty_iter65_overclaim_sweep" name="test_waitlist_endpoint_still_accepts" time="0.117" /><testcase classname="backend.tests.test_honesty_iter65_overclaim_sweep" name="test_featured_events_returns_active" time="0.155" /><testcase classname="backend.tests.test_honesty_iter65_overclaim_sweep" name="test_hub_pages_render[/real-madrid-tickets]" time="0.131" /><testcase classname="backend.tests.test_honesty_iter65_overclaim_sweep" name="test_hub_pages_render[/barcelona-tickets]" time="0.111" /><testcase classname="backend.tests.test_honesty_iter65_overclaim_sweep" name="test_hub_pages_render[/liverpool-tickets]" time="0.144" /></testsuite></testsuites>