<?xml version="1.0" encoding="utf-8"?><testsuites name="pytest tests"><testsuite name="pytest" errors="0" failures="0" skipped="0" tests="8" time="1.419" timestamp="2026-04-22T16:29:54.708701+00:00" hostname="agent-env-2f4aa8f6-d5d5-4e93-a71f-0d0b194e3946"><testcase classname="backend.tests.test_honesty_layer.TestWaitlist" name="test_waitlist_post_valid" time="0.205" /><testcase classname="backend.tests.test_honesty_layer.TestWaitlist" name="test_waitlist_post_invalid_email" time="0.148" /><testcase classname="backend.tests.test_honesty_layer.TestWaitlist" name="test_waitlist_count_get" time="0.130" /><testcase classname="backend.tests.test_honesty_layer.TestFeaturedExcludesComingSoon" name="test_featured_no_coming_soon" time="0.192" /><testcase classname="backend.tests.test_honesty_layer.TestFeaturedExcludesComingSoon" name="test_featured_no_taylor_or_bieber" time="0.186" /><testcase classname="backend.tests.test_honesty_layer.TestTaylorSwiftStatus" name="test_taylor_swift_event_state" time="0.244" /><testcase classname="backend.tests.test_honesty_layer.TestActiveEvent" name="test_active_f1_event_exists" time="0.122" /><testcase classname="backend.tests.test_honesty_layer.TestMotoGP" name="test_motogp_events_exist" time="0.134" /></testsuite></testsuites>