<?xml version="1.0" encoding="utf-8"?><testsuites name="pytest tests"><testsuite name="pytest" errors="0" failures="8" skipped="0" tests="29" time="3.973" timestamp="2026-04-22T18:00:43.516138+00:00" hostname="agent-env-2f4aa8f6-d5d5-4e93-a71f-0d0b194e3946"><testcase classname="backend.tests.test_honesty_iter64_html_sweep" name="test_no_banned_literals[/]" time="0.172" /><testcase classname="backend.tests.test_honesty_iter64_html_sweep" name="test_no_banned_literals[/spa-gp-tickets]" time="0.153" /><testcase classname="backend.tests.test_honesty_iter64_html_sweep" name="test_no_banned_literals[/monaco-gp-tickets]" time="0.164" /><testcase classname="backend.tests.test_honesty_iter64_html_sweep" name="test_no_banned_literals[/taylor-swift-tickets]" time="0.132" /><testcase classname="backend.tests.test_honesty_iter64_html_sweep" name="test_no_banned_literals[/super-bowl-tickets]" time="0.119" /><testcase classname="backend.tests.test_honesty_iter64_html_sweep" name="test_no_banned_literals[/f1-tickets]" time="0.117" /><testcase classname="backend.tests.test_honesty_iter64_html_sweep" name="test_no_banned_literals[/abu-dhabi-gp-tickets]" time="0.150" /><testcase classname="backend.tests.test_honesty_iter64_html_sweep" name="test_no_banned_literals[/event/taylor-swift-eras-tour-london-2026-tickets]" time="0.123" /><testcase classname="backend.tests.test_honesty_iter64_html_sweep" name="test_no_banned_literals[/motogp-tickets]" time="0.130" /><testcase classname="backend.tests.test_honesty_iter64_html_sweep" name="test_no_banned_regex[/]" time="0.120" /><testcase classname="backend.tests.test_honesty_iter64_html_sweep" name="test_no_banned_regex[/spa-gp-tickets]" time="0.119" /><testcase classname="backend.tests.test_honesty_iter64_html_sweep" name="test_no_banned_regex[/monaco-gp-tickets]" time="0.136" /><testcase classname="backend.tests.test_honesty_iter64_html_sweep" name="test_no_banned_regex[/taylor-swift-tickets]" time="0.119" /><testcase classname="backend.tests.test_honesty_iter64_html_sweep" name="test_no_banned_regex[/super-bowl-tickets]" time="0.123" /><testcase classname="backend.tests.test_honesty_iter64_html_sweep" name="test_no_banned_regex[/f1-tickets]" time="0.134" /><testcase classname="backend.tests.test_honesty_iter64_html_sweep" name="test_no_banned_regex[/abu-dhabi-gp-tickets]" time="0.124" /><testcase classname="backend.tests.test_honesty_iter64_html_sweep" name="test_no_banned_regex[/event/taylor-swift-eras-tour-london-2026-tickets]" time="0.134" /><testcase classname="backend.tests.test_honesty_iter64_html_sweep" name="test_no_banned_regex[/motogp-tickets]" time="0.127" /><testcase classname="backend.tests.test_honesty_iter64_html_sweep" name="test_hub_noindex[/juventus-tickets]" time="0.111"><failure message="AssertionError: /juventus-tickets missing noindex robots meta&#10;assert (None or None)&#10; +  where None = &lt;built-in method search of re.Pattern object at 0xacbde543b760&gt;('&lt;!DOCTYPE html&gt;\n&lt;html lang=&quot;en&quot;&gt;\n  &lt;head&gt;\n    &lt;meta charset=&quot;utf-8&quot; /&gt;\n    &lt;meta http-equiv=&quot;Content-Security-Policy&quot; content=&quot;upgrade-insecure-requests&quot; /&gt;\n    &lt;link rel=&quot;icon&quot; href=&quot;/favicon.ico&quot; /&gt;\n    &lt;link rel=&quot;icon&quot; type=&quot;image/png&quot; sizes=&quot;32x32&quot; href=&quot;/logo-32.png&quot; /&gt;\n    &lt;link rel=&quot;icon&quot; type=&quot;image/png&quot; sizes=&quot;16x16&quot; href=&quot;/logo-16.png&quot; /&gt;\n    &lt;link rel=&quot;apple-touch-icon&quot; sizes=&quot;180x180&quot; href=&quot;/apple-touch-icon.png&quot; /&gt;\n    &lt;link rel=&quot;manifest&quot; href=&quot;/manifest.json&quot; /&gt;\n    &lt;meta name=&quot;viewport&quot; content=&quot;width=device-width, initial-scale=1&quot; /&gt;\n    &lt;meta name=&quot;theme-color&quot; content=&quot;#09090b&quot; /&gt;\n    &lt;meta name=&quot;google-site-verification&quot; content=&quot;0p2i17vvx2NmkSyj1iBqQdzC4mOakD_CtjomY_DytY4&quot; /&gt;\n\n    &lt;!-- Tracking pixels deferred to not block rendering --&gt;\n    &lt;script&gt;\n    window.addEventListener(\'load\', function() {\n      setTimeout(function() {\n        // Meta (Facebook) Pixel\n        !function(f,b,e,v,n,t,s){if(f.fbq)return;n=f.fbq=function(){n.callMethod?\n        n.callMethod.apply(n,arguments):n.queue.push(arguments)};if(!f._fbq)f._fbq=n;\n        n.push=n;n.loaded=!0;n.version=\'2.0\';n.queue=[];t=b.createElement(e);t.async=!0;\n        t.src=v;s=b.g...Tickets&lt;/a&gt;\n            &lt;a href=&quot;/concerts&quot; style=&quot;background:#8b5cf6;color:#fff;padding:12px 24px;border-radius:8px;text-decoration:none;font-weight:700&quot;&gt;Concerts&lt;/a&gt;\n          &lt;/div&gt;\n        &lt;/main&gt;\n      &lt;/div&gt;\n    &lt;/div&gt;\n  &lt;script&gt;(function(){function c(){var b=a.contentDocument||a.contentWindow.document;if(b){var d=b.createElement(\'script\');d.innerHTML=&quot;window.__CF$cv$params={r:\'9f0687a7b84317d6\',t:\'MTc3Njg4MDg0Ng==\'};var a=document.createElement(\'script\');a.src=\'/cdn-cgi/challenge-platform/scripts/jsd/main.js\';document.getElementsByTagName(\'head\')[0].appendChild(a);&quot;;b.getElementsByTagName(\'head\')[0].appendChild(d)}}if(document.body){var a=document.createElement(\'iframe\');a.height=1;a.width=1;a.style.position=\'absolute\';a.style.top=0;a.style.left=0;a.style.border=\'none\';a.style.visibility=\'hidden\';document.body.appendChild(a);if(\'loading\'!==document.readyState)c();else if(window.addEventListener)document.addEventListener(\'DOMContentLoaded\',c);else{var e=document.onreadystatechange||function(){};document.onreadystatechange=function(b){e(b);\'loading\'!==document.readyState&amp;&amp;(document.onreadystatechange=e,c())}}}})();&lt;/script&gt;&lt;/body&gt;\n&lt;/html&gt;\n')&#10; +    where &lt;built-in method search of re.Pattern object at 0xacbde543b760&gt; = re.compile('&lt;meta[^&gt;]+name=[&quot;\\\']robots[&quot;\\\'][^&gt;]+content=[&quot;\\\'][^&quot;\\\']*noindex[^&quot;\\\']*[&quot;\\\']', re.IGNORECASE).search&#10; +  and   None = &lt;built-in method search of re.Pattern object at 0xacbde5409820&gt;('&lt;!DOCTYPE html&gt;\n&lt;html lang=&quot;en&quot;&gt;\n  &lt;head&gt;\n    &lt;meta charset=&quot;utf-8&quot; /&gt;\n    &lt;meta http-equiv=&quot;Content-Security-Policy&quot; content=&quot;upgrade-insecure-requests&quot; /&gt;\n    &lt;link rel=&quot;icon&quot; href=&quot;/favicon.ico&quot; /&gt;\n    &lt;link rel=&quot;icon&quot; type=&quot;image/png&quot; sizes=&quot;32x32&quot; href=&quot;/logo-32.png&quot; /&gt;\n    &lt;link rel=&quot;icon&quot; type=&quot;image/png&quot; sizes=&quot;16x16&quot; href=&quot;/logo-16.png&quot; /&gt;\n    &lt;link rel=&quot;apple-touch-icon&quot; sizes=&quot;180x180&quot; href=&quot;/apple-touch-icon.png&quot; /&gt;\n    &lt;link rel=&quot;manifest&quot; href=&quot;/manifest.json&quot; /&gt;\n    &lt;meta name=&quot;viewport&quot; content=&quot;width=device-width, initial-scale=1&quot; /&gt;\n    &lt;meta name=&quot;theme-color&quot; content=&quot;#09090b&quot; /&gt;\n    &lt;meta name=&quot;google-site-verification&quot; content=&quot;0p2i17vvx2NmkSyj1iBqQdzC4mOakD_CtjomY_DytY4&quot; /&gt;\n\n    &lt;!-- Tracking pixels deferred to not block rendering --&gt;\n    &lt;script&gt;\n    window.addEventListener(\'load\', function() {\n      setTimeout(function() {\n        // Meta (Facebook) Pixel\n        !function(f,b,e,v,n,t,s){if(f.fbq)return;n=f.fbq=function(){n.callMethod?\n        n.callMethod.apply(n,arguments):n.queue.push(arguments)};if(!f._fbq)f._fbq=n;\n        n.push=n;n.loaded=!0;n.version=\'2.0\';n.queue=[];t=b.createElement(e);t.async=!0;\n        t.src=v;s=b.g...Tickets&lt;/a&gt;\n            &lt;a href=&quot;/concerts&quot; style=&quot;background:#8b5cf6;color:#fff;padding:12px 24px;border-radius:8px;text-decoration:none;font-weight:700&quot;&gt;Concerts&lt;/a&gt;\n          &lt;/div&gt;\n        &lt;/main&gt;\n      &lt;/div&gt;\n    &lt;/div&gt;\n  &lt;script&gt;(function(){function c(){var b=a.contentDocument||a.contentWindow.document;if(b){var d=b.createElement(\'script\');d.innerHTML=&quot;window.__CF$cv$params={r:\'9f0687a7b84317d6\',t:\'MTc3Njg4MDg0Ng==\'};var a=document.createElement(\'script\');a.src=\'/cdn-cgi/challenge-platform/scripts/jsd/main.js\';document.getElementsByTagName(\'head\')[0].appendChild(a);&quot;;b.getElementsByTagName(\'head\')[0].appendChild(d)}}if(document.body){var a=document.createElement(\'iframe\');a.height=1;a.width=1;a.style.position=\'absolute\';a.style.top=0;a.style.left=0;a.style.border=\'none\';a.style.visibility=\'hidden\';document.body.appendChild(a);if(\'loading\'!==document.readyState)c();else if(window.addEventListener)document.addEventListener(\'DOMContentLoaded\',c);else{var e=document.onreadystatechange||function(){};document.onreadystatechange=function(b){e(b);\'loading\'!==document.readyState&amp;&amp;(document.onreadystatechange=e,c())}}}})();&lt;/script&gt;&lt;/body&gt;\n&lt;/html&gt;\n')&#10; +    where &lt;built-in method search of re.Pattern object at 0xacbde5409820&gt; = re.compile('&lt;meta[^&gt;]+content=[&quot;\\\'][^&quot;\\\']*noindex[^&quot;\\\']*[&quot;\\\'][^&gt;]+name=[&quot;\\\']robots[&quot;\\\']', re.IGNORECASE).search">backend/tests/test_honesty_iter64_html_sweep.py:99: in test_hub_noindex
    assert pat.search(html) or pat_alt.search(html), f"{path} missing noindex robots meta"
E   AssertionError: /juventus-tickets missing noindex robots meta
E   assert (None or None)
E    +  where None = &lt;built-in method search of re.Pattern object at 0xacbde543b760&gt;('&lt;!DOCTYPE html&gt;\n&lt;html lang="en"&gt;\n  &lt;head&gt;\n    &lt;meta charset="utf-8" /&gt;\n    &lt;meta http-equiv="Content-Security-Policy" content="upgrade-insecure-requests" /&gt;\n    &lt;link rel="icon" href="/favicon.ico" /&gt;\n    &lt;link rel="icon" type="image/png" sizes="32x32" href="/logo-32.png" /&gt;\n    &lt;link rel="icon" type="image/png" sizes="16x16" href="/logo-16.png" /&gt;\n    &lt;link rel="apple-touch-icon" sizes="180x180" href="/apple-touch-icon.png" /&gt;\n    &lt;link rel="manifest" href="/manifest.json" /&gt;\n    &lt;meta name="viewport" content="width=device-width, initial-scale=1" /&gt;\n    &lt;meta name="theme-color" content="#09090b" /&gt;\n    &lt;meta name="google-site-verification" content="0p2i17vvx2NmkSyj1iBqQdzC4mOakD_CtjomY_DytY4" /&gt;\n\n    &lt;!-- Tracking pixels deferred to not block rendering --&gt;\n    &lt;script&gt;\n    window.addEventListener(\'load\', function() {\n      setTimeout(function() {\n        // Meta (Facebook) Pixel\n        !function(f,b,e,v,n,t,s){if(f.fbq)return;n=f.fbq=function(){n.callMethod?\n        n.callMethod.apply(n,arguments):n.queue.push(arguments)};if(!f._fbq)f._fbq=n;\n        n.push=n;n.loaded=!0;n.version=\'2.0\';n.queue=[];t=b.createElement(e);t.async=!0;\n        t.src=v;s=b.g...Tickets&lt;/a&gt;\n            &lt;a href="/concerts" style="background:#8b5cf6;color:#fff;padding:12px 24px;border-radius:8px;text-decoration:none;font-weight:700"&gt;Concerts&lt;/a&gt;\n          &lt;/div&gt;\n        &lt;/main&gt;\n      &lt;/div&gt;\n    &lt;/div&gt;\n  &lt;script&gt;(function(){function c(){var b=a.contentDocument||a.contentWindow.document;if(b){var d=b.createElement(\'script\');d.innerHTML="window.__CF$cv$params={r:\'9f0687a7b84317d6\',t:\'MTc3Njg4MDg0Ng==\'};var a=document.createElement(\'script\');a.src=\'/cdn-cgi/challenge-platform/scripts/jsd/main.js\';document.getElementsByTagName(\'head\')[0].appendChild(a);";b.getElementsByTagName(\'head\')[0].appendChild(d)}}if(document.body){var a=document.createElement(\'iframe\');a.height=1;a.width=1;a.style.position=\'absolute\';a.style.top=0;a.style.left=0;a.style.border=\'none\';a.style.visibility=\'hidden\';document.body.appendChild(a);if(\'loading\'!==document.readyState)c();else if(window.addEventListener)document.addEventListener(\'DOMContentLoaded\',c);else{var e=document.onreadystatechange||function(){};document.onreadystatechange=function(b){e(b);\'loading\'!==document.readyState&amp;&amp;(document.onreadystatechange=e,c())}}}})();&lt;/script&gt;&lt;/body&gt;\n&lt;/html&gt;\n')
E    +    where &lt;built-in method search of re.Pattern object at 0xacbde543b760&gt; = re.compile('&lt;meta[^&gt;]+name=["\\\']robots["\\\'][^&gt;]+content=["\\\'][^"\\\']*noindex[^"\\\']*["\\\']', re.IGNORECASE).search
E    +  and   None = &lt;built-in method search of re.Pattern object at 0xacbde5409820&gt;('&lt;!DOCTYPE html&gt;\n&lt;html lang="en"&gt;\n  &lt;head&gt;\n    &lt;meta charset="utf-8" /&gt;\n    &lt;meta http-equiv="Content-Security-Policy" content="upgrade-insecure-requests" /&gt;\n    &lt;link rel="icon" href="/favicon.ico" /&gt;\n    &lt;link rel="icon" type="image/png" sizes="32x32" href="/logo-32.png" /&gt;\n    &lt;link rel="icon" type="image/png" sizes="16x16" href="/logo-16.png" /&gt;\n    &lt;link rel="apple-touch-icon" sizes="180x180" href="/apple-touch-icon.png" /&gt;\n    &lt;link rel="manifest" href="/manifest.json" /&gt;\n    &lt;meta name="viewport" content="width=device-width, initial-scale=1" /&gt;\n    &lt;meta name="theme-color" content="#09090b" /&gt;\n    &lt;meta name="google-site-verification" content="0p2i17vvx2NmkSyj1iBqQdzC4mOakD_CtjomY_DytY4" /&gt;\n\n    &lt;!-- Tracking pixels deferred to not block rendering --&gt;\n    &lt;script&gt;\n    window.addEventListener(\'load\', function() {\n      setTimeout(function() {\n        // Meta (Facebook) Pixel\n        !function(f,b,e,v,n,t,s){if(f.fbq)return;n=f.fbq=function(){n.callMethod?\n        n.callMethod.apply(n,arguments):n.queue.push(arguments)};if(!f._fbq)f._fbq=n;\n        n.push=n;n.loaded=!0;n.version=\'2.0\';n.queue=[];t=b.createElement(e);t.async=!0;\n        t.src=v;s=b.g...Tickets&lt;/a&gt;\n            &lt;a href="/concerts" style="background:#8b5cf6;color:#fff;padding:12px 24px;border-radius:8px;text-decoration:none;font-weight:700"&gt;Concerts&lt;/a&gt;\n          &lt;/div&gt;\n        &lt;/main&gt;\n      &lt;/div&gt;\n    &lt;/div&gt;\n  &lt;script&gt;(function(){function c(){var b=a.contentDocument||a.contentWindow.document;if(b){var d=b.createElement(\'script\');d.innerHTML="window.__CF$cv$params={r:\'9f0687a7b84317d6\',t:\'MTc3Njg4MDg0Ng==\'};var a=document.createElement(\'script\');a.src=\'/cdn-cgi/challenge-platform/scripts/jsd/main.js\';document.getElementsByTagName(\'head\')[0].appendChild(a);";b.getElementsByTagName(\'head\')[0].appendChild(d)}}if(document.body){var a=document.createElement(\'iframe\');a.height=1;a.width=1;a.style.position=\'absolute\';a.style.top=0;a.style.left=0;a.style.border=\'none\';a.style.visibility=\'hidden\';document.body.appendChild(a);if(\'loading\'!==document.readyState)c();else if(window.addEventListener)document.addEventListener(\'DOMContentLoaded\',c);else{var e=document.onreadystatechange||function(){};document.onreadystatechange=function(b){e(b);\'loading\'!==document.readyState&amp;&amp;(document.onreadystatechange=e,c())}}}})();&lt;/script&gt;&lt;/body&gt;\n&lt;/html&gt;\n')
E    +    where &lt;built-in method search of re.Pattern object at 0xacbde5409820&gt; = re.compile('&lt;meta[^&gt;]+content=["\\\'][^"\\\']*noindex[^"\\\']*["\\\'][^&gt;]+name=["\\\']robots["\\\']', re.IGNORECASE).search</failure></testcase><testcase classname="backend.tests.test_honesty_iter64_html_sweep" name="test_hub_noindex[/bayern-munich-tickets]" time="0.118"><failure message="AssertionError: /bayern-munich-tickets missing noindex robots meta&#10;assert (None or None)&#10; +  where None = &lt;built-in method search of re.Pattern object at 0xacbde543b760&gt;('&lt;!DOCTYPE html&gt;\n&lt;html lang=&quot;en&quot;&gt;\n  &lt;head&gt;\n    &lt;meta charset=&quot;utf-8&quot; /&gt;\n    &lt;meta http-equiv=&quot;Content-Security-Policy&quot; content=&quot;upgrade-insecure-requests&quot; /&gt;\n    &lt;link rel=&quot;icon&quot; href=&quot;/favicon.ico&quot; /&gt;\n    &lt;link rel=&quot;icon&quot; type=&quot;image/png&quot; sizes=&quot;32x32&quot; href=&quot;/logo-32.png&quot; /&gt;\n    &lt;link rel=&quot;icon&quot; type=&quot;image/png&quot; sizes=&quot;16x16&quot; href=&quot;/logo-16.png&quot; /&gt;\n    &lt;link rel=&quot;apple-touch-icon&quot; sizes=&quot;180x180&quot; href=&quot;/apple-touch-icon.png&quot; /&gt;\n    &lt;link rel=&quot;manifest&quot; href=&quot;/manifest.json&quot; /&gt;\n    &lt;meta name=&quot;viewport&quot; content=&quot;width=device-width, initial-scale=1&quot; /&gt;\n    &lt;meta name=&quot;theme-color&quot; content=&quot;#09090b&quot; /&gt;\n    &lt;meta name=&quot;google-site-verification&quot; content=&quot;0p2i17vvx2NmkSyj1iBqQdzC4mOakD_CtjomY_DytY4&quot; /&gt;\n\n    &lt;!-- Tracking pixels deferred to not block rendering --&gt;\n    &lt;script&gt;\n    window.addEventListener(\'load\', function() {\n      setTimeout(function() {\n        // Meta (Facebook) Pixel\n        !function(f,b,e,v,n,t,s){if(f.fbq)return;n=f.fbq=function(){n.callMethod?\n        n.callMethod.apply(n,arguments):n.queue.push(arguments)};if(!f._fbq)f._fbq=n;\n        n.push=n;n.loaded=!0;n.version=\'2.0\';n.queue=[];t=b.createElement(e);t.async=!0;\n        t.src=v;s=b.g...Tickets&lt;/a&gt;\n            &lt;a href=&quot;/concerts&quot; style=&quot;background:#8b5cf6;color:#fff;padding:12px 24px;border-radius:8px;text-decoration:none;font-weight:700&quot;&gt;Concerts&lt;/a&gt;\n          &lt;/div&gt;\n        &lt;/main&gt;\n      &lt;/div&gt;\n    &lt;/div&gt;\n  &lt;script&gt;(function(){function c(){var b=a.contentDocument||a.contentWindow.document;if(b){var d=b.createElement(\'script\');d.innerHTML=&quot;window.__CF$cv$params={r:\'9f0687a8897372cb\',t:\'MTc3Njg4MDg0Ng==\'};var a=document.createElement(\'script\');a.src=\'/cdn-cgi/challenge-platform/scripts/jsd/main.js\';document.getElementsByTagName(\'head\')[0].appendChild(a);&quot;;b.getElementsByTagName(\'head\')[0].appendChild(d)}}if(document.body){var a=document.createElement(\'iframe\');a.height=1;a.width=1;a.style.position=\'absolute\';a.style.top=0;a.style.left=0;a.style.border=\'none\';a.style.visibility=\'hidden\';document.body.appendChild(a);if(\'loading\'!==document.readyState)c();else if(window.addEventListener)document.addEventListener(\'DOMContentLoaded\',c);else{var e=document.onreadystatechange||function(){};document.onreadystatechange=function(b){e(b);\'loading\'!==document.readyState&amp;&amp;(document.onreadystatechange=e,c())}}}})();&lt;/script&gt;&lt;/body&gt;\n&lt;/html&gt;\n')&#10; +    where &lt;built-in method search of re.Pattern object at 0xacbde543b760&gt; = re.compile('&lt;meta[^&gt;]+name=[&quot;\\\']robots[&quot;\\\'][^&gt;]+content=[&quot;\\\'][^&quot;\\\']*noindex[^&quot;\\\']*[&quot;\\\']', re.IGNORECASE).search&#10; +  and   None = &lt;built-in method search of re.Pattern object at 0xacbde5409820&gt;('&lt;!DOCTYPE html&gt;\n&lt;html lang=&quot;en&quot;&gt;\n  &lt;head&gt;\n    &lt;meta charset=&quot;utf-8&quot; /&gt;\n    &lt;meta http-equiv=&quot;Content-Security-Policy&quot; content=&quot;upgrade-insecure-requests&quot; /&gt;\n    &lt;link rel=&quot;icon&quot; href=&quot;/favicon.ico&quot; /&gt;\n    &lt;link rel=&quot;icon&quot; type=&quot;image/png&quot; sizes=&quot;32x32&quot; href=&quot;/logo-32.png&quot; /&gt;\n    &lt;link rel=&quot;icon&quot; type=&quot;image/png&quot; sizes=&quot;16x16&quot; href=&quot;/logo-16.png&quot; /&gt;\n    &lt;link rel=&quot;apple-touch-icon&quot; sizes=&quot;180x180&quot; href=&quot;/apple-touch-icon.png&quot; /&gt;\n    &lt;link rel=&quot;manifest&quot; href=&quot;/manifest.json&quot; /&gt;\n    &lt;meta name=&quot;viewport&quot; content=&quot;width=device-width, initial-scale=1&quot; /&gt;\n    &lt;meta name=&quot;theme-color&quot; content=&quot;#09090b&quot; /&gt;\n    &lt;meta name=&quot;google-site-verification&quot; content=&quot;0p2i17vvx2NmkSyj1iBqQdzC4mOakD_CtjomY_DytY4&quot; /&gt;\n\n    &lt;!-- Tracking pixels deferred to not block rendering --&gt;\n    &lt;script&gt;\n    window.addEventListener(\'load\', function() {\n      setTimeout(function() {\n        // Meta (Facebook) Pixel\n        !function(f,b,e,v,n,t,s){if(f.fbq)return;n=f.fbq=function(){n.callMethod?\n        n.callMethod.apply(n,arguments):n.queue.push(arguments)};if(!f._fbq)f._fbq=n;\n        n.push=n;n.loaded=!0;n.version=\'2.0\';n.queue=[];t=b.createElement(e);t.async=!0;\n        t.src=v;s=b.g...Tickets&lt;/a&gt;\n            &lt;a href=&quot;/concerts&quot; style=&quot;background:#8b5cf6;color:#fff;padding:12px 24px;border-radius:8px;text-decoration:none;font-weight:700&quot;&gt;Concerts&lt;/a&gt;\n          &lt;/div&gt;\n        &lt;/main&gt;\n      &lt;/div&gt;\n    &lt;/div&gt;\n  &lt;script&gt;(function(){function c(){var b=a.contentDocument||a.contentWindow.document;if(b){var d=b.createElement(\'script\');d.innerHTML=&quot;window.__CF$cv$params={r:\'9f0687a8897372cb\',t:\'MTc3Njg4MDg0Ng==\'};var a=document.createElement(\'script\');a.src=\'/cdn-cgi/challenge-platform/scripts/jsd/main.js\';document.getElementsByTagName(\'head\')[0].appendChild(a);&quot;;b.getElementsByTagName(\'head\')[0].appendChild(d)}}if(document.body){var a=document.createElement(\'iframe\');a.height=1;a.width=1;a.style.position=\'absolute\';a.style.top=0;a.style.left=0;a.style.border=\'none\';a.style.visibility=\'hidden\';document.body.appendChild(a);if(\'loading\'!==document.readyState)c();else if(window.addEventListener)document.addEventListener(\'DOMContentLoaded\',c);else{var e=document.onreadystatechange||function(){};document.onreadystatechange=function(b){e(b);\'loading\'!==document.readyState&amp;&amp;(document.onreadystatechange=e,c())}}}})();&lt;/script&gt;&lt;/body&gt;\n&lt;/html&gt;\n')&#10; +    where &lt;built-in method search of re.Pattern object at 0xacbde5409820&gt; = re.compile('&lt;meta[^&gt;]+content=[&quot;\\\'][^&quot;\\\']*noindex[^&quot;\\\']*[&quot;\\\'][^&gt;]+name=[&quot;\\\']robots[&quot;\\\']', re.IGNORECASE).search">backend/tests/test_honesty_iter64_html_sweep.py:99: in test_hub_noindex
    assert pat.search(html) or pat_alt.search(html), f"{path} missing noindex robots meta"
E   AssertionError: /bayern-munich-tickets missing noindex robots meta
E   assert (None or None)
E    +  where None = &lt;built-in method search of re.Pattern object at 0xacbde543b760&gt;('&lt;!DOCTYPE html&gt;\n&lt;html lang="en"&gt;\n  &lt;head&gt;\n    &lt;meta charset="utf-8" /&gt;\n    &lt;meta http-equiv="Content-Security-Policy" content="upgrade-insecure-requests" /&gt;\n    &lt;link rel="icon" href="/favicon.ico" /&gt;\n    &lt;link rel="icon" type="image/png" sizes="32x32" href="/logo-32.png" /&gt;\n    &lt;link rel="icon" type="image/png" sizes="16x16" href="/logo-16.png" /&gt;\n    &lt;link rel="apple-touch-icon" sizes="180x180" href="/apple-touch-icon.png" /&gt;\n    &lt;link rel="manifest" href="/manifest.json" /&gt;\n    &lt;meta name="viewport" content="width=device-width, initial-scale=1" /&gt;\n    &lt;meta name="theme-color" content="#09090b" /&gt;\n    &lt;meta name="google-site-verification" content="0p2i17vvx2NmkSyj1iBqQdzC4mOakD_CtjomY_DytY4" /&gt;\n\n    &lt;!-- Tracking pixels deferred to not block rendering --&gt;\n    &lt;script&gt;\n    window.addEventListener(\'load\', function() {\n      setTimeout(function() {\n        // Meta (Facebook) Pixel\n        !function(f,b,e,v,n,t,s){if(f.fbq)return;n=f.fbq=function(){n.callMethod?\n        n.callMethod.apply(n,arguments):n.queue.push(arguments)};if(!f._fbq)f._fbq=n;\n        n.push=n;n.loaded=!0;n.version=\'2.0\';n.queue=[];t=b.createElement(e);t.async=!0;\n        t.src=v;s=b.g...Tickets&lt;/a&gt;\n            &lt;a href="/concerts" style="background:#8b5cf6;color:#fff;padding:12px 24px;border-radius:8px;text-decoration:none;font-weight:700"&gt;Concerts&lt;/a&gt;\n          &lt;/div&gt;\n        &lt;/main&gt;\n      &lt;/div&gt;\n    &lt;/div&gt;\n  &lt;script&gt;(function(){function c(){var b=a.contentDocument||a.contentWindow.document;if(b){var d=b.createElement(\'script\');d.innerHTML="window.__CF$cv$params={r:\'9f0687a8897372cb\',t:\'MTc3Njg4MDg0Ng==\'};var a=document.createElement(\'script\');a.src=\'/cdn-cgi/challenge-platform/scripts/jsd/main.js\';document.getElementsByTagName(\'head\')[0].appendChild(a);";b.getElementsByTagName(\'head\')[0].appendChild(d)}}if(document.body){var a=document.createElement(\'iframe\');a.height=1;a.width=1;a.style.position=\'absolute\';a.style.top=0;a.style.left=0;a.style.border=\'none\';a.style.visibility=\'hidden\';document.body.appendChild(a);if(\'loading\'!==document.readyState)c();else if(window.addEventListener)document.addEventListener(\'DOMContentLoaded\',c);else{var e=document.onreadystatechange||function(){};document.onreadystatechange=function(b){e(b);\'loading\'!==document.readyState&amp;&amp;(document.onreadystatechange=e,c())}}}})();&lt;/script&gt;&lt;/body&gt;\n&lt;/html&gt;\n')
E    +    where &lt;built-in method search of re.Pattern object at 0xacbde543b760&gt; = re.compile('&lt;meta[^&gt;]+name=["\\\']robots["\\\'][^&gt;]+content=["\\\'][^"\\\']*noindex[^"\\\']*["\\\']', re.IGNORECASE).search
E    +  and   None = &lt;built-in method search of re.Pattern object at 0xacbde5409820&gt;('&lt;!DOCTYPE html&gt;\n&lt;html lang="en"&gt;\n  &lt;head&gt;\n    &lt;meta charset="utf-8" /&gt;\n    &lt;meta http-equiv="Content-Security-Policy" content="upgrade-insecure-requests" /&gt;\n    &lt;link rel="icon" href="/favicon.ico" /&gt;\n    &lt;link rel="icon" type="image/png" sizes="32x32" href="/logo-32.png" /&gt;\n    &lt;link rel="icon" type="image/png" sizes="16x16" href="/logo-16.png" /&gt;\n    &lt;link rel="apple-touch-icon" sizes="180x180" href="/apple-touch-icon.png" /&gt;\n    &lt;link rel="manifest" href="/manifest.json" /&gt;\n    &lt;meta name="viewport" content="width=device-width, initial-scale=1" /&gt;\n    &lt;meta name="theme-color" content="#09090b" /&gt;\n    &lt;meta name="google-site-verification" content="0p2i17vvx2NmkSyj1iBqQdzC4mOakD_CtjomY_DytY4" /&gt;\n\n    &lt;!-- Tracking pixels deferred to not block rendering --&gt;\n    &lt;script&gt;\n    window.addEventListener(\'load\', function() {\n      setTimeout(function() {\n        // Meta (Facebook) Pixel\n        !function(f,b,e,v,n,t,s){if(f.fbq)return;n=f.fbq=function(){n.callMethod?\n        n.callMethod.apply(n,arguments):n.queue.push(arguments)};if(!f._fbq)f._fbq=n;\n        n.push=n;n.loaded=!0;n.version=\'2.0\';n.queue=[];t=b.createElement(e);t.async=!0;\n        t.src=v;s=b.g...Tickets&lt;/a&gt;\n            &lt;a href="/concerts" style="background:#8b5cf6;color:#fff;padding:12px 24px;border-radius:8px;text-decoration:none;font-weight:700"&gt;Concerts&lt;/a&gt;\n          &lt;/div&gt;\n        &lt;/main&gt;\n      &lt;/div&gt;\n    &lt;/div&gt;\n  &lt;script&gt;(function(){function c(){var b=a.contentDocument||a.contentWindow.document;if(b){var d=b.createElement(\'script\');d.innerHTML="window.__CF$cv$params={r:\'9f0687a8897372cb\',t:\'MTc3Njg4MDg0Ng==\'};var a=document.createElement(\'script\');a.src=\'/cdn-cgi/challenge-platform/scripts/jsd/main.js\';document.getElementsByTagName(\'head\')[0].appendChild(a);";b.getElementsByTagName(\'head\')[0].appendChild(d)}}if(document.body){var a=document.createElement(\'iframe\');a.height=1;a.width=1;a.style.position=\'absolute\';a.style.top=0;a.style.left=0;a.style.border=\'none\';a.style.visibility=\'hidden\';document.body.appendChild(a);if(\'loading\'!==document.readyState)c();else if(window.addEventListener)document.addEventListener(\'DOMContentLoaded\',c);else{var e=document.onreadystatechange||function(){};document.onreadystatechange=function(b){e(b);\'loading\'!==document.readyState&amp;&amp;(document.onreadystatechange=e,c())}}}})();&lt;/script&gt;&lt;/body&gt;\n&lt;/html&gt;\n')
E    +    where &lt;built-in method search of re.Pattern object at 0xacbde5409820&gt; = re.compile('&lt;meta[^&gt;]+content=["\\\'][^"\\\']*noindex[^"\\\']*["\\\'][^&gt;]+name=["\\\']robots["\\\']', re.IGNORECASE).search</failure></testcase><testcase classname="backend.tests.test_honesty_iter64_html_sweep" name="test_hub_noindex[/psg-tickets]" time="0.152"><failure message="AssertionError: /psg-tickets missing noindex robots meta&#10;assert (None or None)&#10; +  where None = &lt;built-in method search of re.Pattern object at 0xacbde543b760&gt;('&lt;!DOCTYPE html&gt;\n&lt;html lang=&quot;en&quot;&gt;\n  &lt;head&gt;\n    &lt;meta charset=&quot;utf-8&quot; /&gt;\n    &lt;meta http-equiv=&quot;Content-Security-Policy&quot; content=&quot;upgrade-insecure-requests&quot; /&gt;\n    &lt;link rel=&quot;icon&quot; href=&quot;/favicon.ico&quot; /&gt;\n    &lt;link rel=&quot;icon&quot; type=&quot;image/png&quot; sizes=&quot;32x32&quot; href=&quot;/logo-32.png&quot; /&gt;\n    &lt;link rel=&quot;icon&quot; type=&quot;image/png&quot; sizes=&quot;16x16&quot; href=&quot;/logo-16.png&quot; /&gt;\n    &lt;link rel=&quot;apple-touch-icon&quot; sizes=&quot;180x180&quot; href=&quot;/apple-touch-icon.png&quot; /&gt;\n    &lt;link rel=&quot;manifest&quot; href=&quot;/manifest.json&quot; /&gt;\n    &lt;meta name=&quot;viewport&quot; content=&quot;width=device-width, initial-scale=1&quot; /&gt;\n    &lt;meta name=&quot;theme-color&quot; content=&quot;#09090b&quot; /&gt;\n    &lt;meta name=&quot;google-site-verification&quot; content=&quot;0p2i17vvx2NmkSyj1iBqQdzC4mOakD_CtjomY_DytY4&quot; /&gt;\n\n    &lt;!-- Tracking pixels deferred to not block rendering --&gt;\n    &lt;script&gt;\n    window.addEventListener(\'load\', function() {\n      setTimeout(function() {\n        // Meta (Facebook) Pixel\n        !function(f,b,e,v,n,t,s){if(f.fbq)return;n=f.fbq=function(){n.callMethod?\n        n.callMethod.apply(n,arguments):n.queue.push(arguments)};if(!f._fbq)f._fbq=n;\n        n.push=n;n.loaded=!0;n.version=\'2.0\';n.queue=[];t=b.createElement(e);t.async=!0;\n        t.src=v;s=b.g...Tickets&lt;/a&gt;\n            &lt;a href=&quot;/concerts&quot; style=&quot;background:#8b5cf6;color:#fff;padding:12px 24px;border-radius:8px;text-decoration:none;font-weight:700&quot;&gt;Concerts&lt;/a&gt;\n          &lt;/div&gt;\n        &lt;/main&gt;\n      &lt;/div&gt;\n    &lt;/div&gt;\n  &lt;script&gt;(function(){function c(){var b=a.contentDocument||a.contentWindow.document;if(b){var d=b.createElement(\'script\');d.innerHTML=&quot;window.__CF$cv$params={r:\'9f0687a948a386db\',t:\'MTc3Njg4MDg0Ng==\'};var a=document.createElement(\'script\');a.src=\'/cdn-cgi/challenge-platform/scripts/jsd/main.js\';document.getElementsByTagName(\'head\')[0].appendChild(a);&quot;;b.getElementsByTagName(\'head\')[0].appendChild(d)}}if(document.body){var a=document.createElement(\'iframe\');a.height=1;a.width=1;a.style.position=\'absolute\';a.style.top=0;a.style.left=0;a.style.border=\'none\';a.style.visibility=\'hidden\';document.body.appendChild(a);if(\'loading\'!==document.readyState)c();else if(window.addEventListener)document.addEventListener(\'DOMContentLoaded\',c);else{var e=document.onreadystatechange||function(){};document.onreadystatechange=function(b){e(b);\'loading\'!==document.readyState&amp;&amp;(document.onreadystatechange=e,c())}}}})();&lt;/script&gt;&lt;/body&gt;\n&lt;/html&gt;\n')&#10; +    where &lt;built-in method search of re.Pattern object at 0xacbde543b760&gt; = re.compile('&lt;meta[^&gt;]+name=[&quot;\\\']robots[&quot;\\\'][^&gt;]+content=[&quot;\\\'][^&quot;\\\']*noindex[^&quot;\\\']*[&quot;\\\']', re.IGNORECASE).search&#10; +  and   None = &lt;built-in method search of re.Pattern object at 0xacbde5409820&gt;('&lt;!DOCTYPE html&gt;\n&lt;html lang=&quot;en&quot;&gt;\n  &lt;head&gt;\n    &lt;meta charset=&quot;utf-8&quot; /&gt;\n    &lt;meta http-equiv=&quot;Content-Security-Policy&quot; content=&quot;upgrade-insecure-requests&quot; /&gt;\n    &lt;link rel=&quot;icon&quot; href=&quot;/favicon.ico&quot; /&gt;\n    &lt;link rel=&quot;icon&quot; type=&quot;image/png&quot; sizes=&quot;32x32&quot; href=&quot;/logo-32.png&quot; /&gt;\n    &lt;link rel=&quot;icon&quot; type=&quot;image/png&quot; sizes=&quot;16x16&quot; href=&quot;/logo-16.png&quot; /&gt;\n    &lt;link rel=&quot;apple-touch-icon&quot; sizes=&quot;180x180&quot; href=&quot;/apple-touch-icon.png&quot; /&gt;\n    &lt;link rel=&quot;manifest&quot; href=&quot;/manifest.json&quot; /&gt;\n    &lt;meta name=&quot;viewport&quot; content=&quot;width=device-width, initial-scale=1&quot; /&gt;\n    &lt;meta name=&quot;theme-color&quot; content=&quot;#09090b&quot; /&gt;\n    &lt;meta name=&quot;google-site-verification&quot; content=&quot;0p2i17vvx2NmkSyj1iBqQdzC4mOakD_CtjomY_DytY4&quot; /&gt;\n\n    &lt;!-- Tracking pixels deferred to not block rendering --&gt;\n    &lt;script&gt;\n    window.addEventListener(\'load\', function() {\n      setTimeout(function() {\n        // Meta (Facebook) Pixel\n        !function(f,b,e,v,n,t,s){if(f.fbq)return;n=f.fbq=function(){n.callMethod?\n        n.callMethod.apply(n,arguments):n.queue.push(arguments)};if(!f._fbq)f._fbq=n;\n        n.push=n;n.loaded=!0;n.version=\'2.0\';n.queue=[];t=b.createElement(e);t.async=!0;\n        t.src=v;s=b.g...Tickets&lt;/a&gt;\n            &lt;a href=&quot;/concerts&quot; style=&quot;background:#8b5cf6;color:#fff;padding:12px 24px;border-radius:8px;text-decoration:none;font-weight:700&quot;&gt;Concerts&lt;/a&gt;\n          &lt;/div&gt;\n        &lt;/main&gt;\n      &lt;/div&gt;\n    &lt;/div&gt;\n  &lt;script&gt;(function(){function c(){var b=a.contentDocument||a.contentWindow.document;if(b){var d=b.createElement(\'script\');d.innerHTML=&quot;window.__CF$cv$params={r:\'9f0687a948a386db\',t:\'MTc3Njg4MDg0Ng==\'};var a=document.createElement(\'script\');a.src=\'/cdn-cgi/challenge-platform/scripts/jsd/main.js\';document.getElementsByTagName(\'head\')[0].appendChild(a);&quot;;b.getElementsByTagName(\'head\')[0].appendChild(d)}}if(document.body){var a=document.createElement(\'iframe\');a.height=1;a.width=1;a.style.position=\'absolute\';a.style.top=0;a.style.left=0;a.style.border=\'none\';a.style.visibility=\'hidden\';document.body.appendChild(a);if(\'loading\'!==document.readyState)c();else if(window.addEventListener)document.addEventListener(\'DOMContentLoaded\',c);else{var e=document.onreadystatechange||function(){};document.onreadystatechange=function(b){e(b);\'loading\'!==document.readyState&amp;&amp;(document.onreadystatechange=e,c())}}}})();&lt;/script&gt;&lt;/body&gt;\n&lt;/html&gt;\n')&#10; +    where &lt;built-in method search of re.Pattern object at 0xacbde5409820&gt; = re.compile('&lt;meta[^&gt;]+content=[&quot;\\\'][^&quot;\\\']*noindex[^&quot;\\\']*[&quot;\\\'][^&gt;]+name=[&quot;\\\']robots[&quot;\\\']', re.IGNORECASE).search">backend/tests/test_honesty_iter64_html_sweep.py:99: in test_hub_noindex
    assert pat.search(html) or pat_alt.search(html), f"{path} missing noindex robots meta"
E   AssertionError: /psg-tickets missing noindex robots meta
E   assert (None or None)
E    +  where None = &lt;built-in method search of re.Pattern object at 0xacbde543b760&gt;('&lt;!DOCTYPE html&gt;\n&lt;html lang="en"&gt;\n  &lt;head&gt;\n    &lt;meta charset="utf-8" /&gt;\n    &lt;meta http-equiv="Content-Security-Policy" content="upgrade-insecure-requests" /&gt;\n    &lt;link rel="icon" href="/favicon.ico" /&gt;\n    &lt;link rel="icon" type="image/png" sizes="32x32" href="/logo-32.png" /&gt;\n    &lt;link rel="icon" type="image/png" sizes="16x16" href="/logo-16.png" /&gt;\n    &lt;link rel="apple-touch-icon" sizes="180x180" href="/apple-touch-icon.png" /&gt;\n    &lt;link rel="manifest" href="/manifest.json" /&gt;\n    &lt;meta name="viewport" content="width=device-width, initial-scale=1" /&gt;\n    &lt;meta name="theme-color" content="#09090b" /&gt;\n    &lt;meta name="google-site-verification" content="0p2i17vvx2NmkSyj1iBqQdzC4mOakD_CtjomY_DytY4" /&gt;\n\n    &lt;!-- Tracking pixels deferred to not block rendering --&gt;\n    &lt;script&gt;\n    window.addEventListener(\'load\', function() {\n      setTimeout(function() {\n        // Meta (Facebook) Pixel\n        !function(f,b,e,v,n,t,s){if(f.fbq)return;n=f.fbq=function(){n.callMethod?\n        n.callMethod.apply(n,arguments):n.queue.push(arguments)};if(!f._fbq)f._fbq=n;\n        n.push=n;n.loaded=!0;n.version=\'2.0\';n.queue=[];t=b.createElement(e);t.async=!0;\n        t.src=v;s=b.g...Tickets&lt;/a&gt;\n            &lt;a href="/concerts" style="background:#8b5cf6;color:#fff;padding:12px 24px;border-radius:8px;text-decoration:none;font-weight:700"&gt;Concerts&lt;/a&gt;\n          &lt;/div&gt;\n        &lt;/main&gt;\n      &lt;/div&gt;\n    &lt;/div&gt;\n  &lt;script&gt;(function(){function c(){var b=a.contentDocument||a.contentWindow.document;if(b){var d=b.createElement(\'script\');d.innerHTML="window.__CF$cv$params={r:\'9f0687a948a386db\',t:\'MTc3Njg4MDg0Ng==\'};var a=document.createElement(\'script\');a.src=\'/cdn-cgi/challenge-platform/scripts/jsd/main.js\';document.getElementsByTagName(\'head\')[0].appendChild(a);";b.getElementsByTagName(\'head\')[0].appendChild(d)}}if(document.body){var a=document.createElement(\'iframe\');a.height=1;a.width=1;a.style.position=\'absolute\';a.style.top=0;a.style.left=0;a.style.border=\'none\';a.style.visibility=\'hidden\';document.body.appendChild(a);if(\'loading\'!==document.readyState)c();else if(window.addEventListener)document.addEventListener(\'DOMContentLoaded\',c);else{var e=document.onreadystatechange||function(){};document.onreadystatechange=function(b){e(b);\'loading\'!==document.readyState&amp;&amp;(document.onreadystatechange=e,c())}}}})();&lt;/script&gt;&lt;/body&gt;\n&lt;/html&gt;\n')
E    +    where &lt;built-in method search of re.Pattern object at 0xacbde543b760&gt; = re.compile('&lt;meta[^&gt;]+name=["\\\']robots["\\\'][^&gt;]+content=["\\\'][^"\\\']*noindex[^"\\\']*["\\\']', re.IGNORECASE).search
E    +  and   None = &lt;built-in method search of re.Pattern object at 0xacbde5409820&gt;('&lt;!DOCTYPE html&gt;\n&lt;html lang="en"&gt;\n  &lt;head&gt;\n    &lt;meta charset="utf-8" /&gt;\n    &lt;meta http-equiv="Content-Security-Policy" content="upgrade-insecure-requests" /&gt;\n    &lt;link rel="icon" href="/favicon.ico" /&gt;\n    &lt;link rel="icon" type="image/png" sizes="32x32" href="/logo-32.png" /&gt;\n    &lt;link rel="icon" type="image/png" sizes="16x16" href="/logo-16.png" /&gt;\n    &lt;link rel="apple-touch-icon" sizes="180x180" href="/apple-touch-icon.png" /&gt;\n    &lt;link rel="manifest" href="/manifest.json" /&gt;\n    &lt;meta name="viewport" content="width=device-width, initial-scale=1" /&gt;\n    &lt;meta name="theme-color" content="#09090b" /&gt;\n    &lt;meta name="google-site-verification" content="0p2i17vvx2NmkSyj1iBqQdzC4mOakD_CtjomY_DytY4" /&gt;\n\n    &lt;!-- Tracking pixels deferred to not block rendering --&gt;\n    &lt;script&gt;\n    window.addEventListener(\'load\', function() {\n      setTimeout(function() {\n        // Meta (Facebook) Pixel\n        !function(f,b,e,v,n,t,s){if(f.fbq)return;n=f.fbq=function(){n.callMethod?\n        n.callMethod.apply(n,arguments):n.queue.push(arguments)};if(!f._fbq)f._fbq=n;\n        n.push=n;n.loaded=!0;n.version=\'2.0\';n.queue=[];t=b.createElement(e);t.async=!0;\n        t.src=v;s=b.g...Tickets&lt;/a&gt;\n            &lt;a href="/concerts" style="background:#8b5cf6;color:#fff;padding:12px 24px;border-radius:8px;text-decoration:none;font-weight:700"&gt;Concerts&lt;/a&gt;\n          &lt;/div&gt;\n        &lt;/main&gt;\n      &lt;/div&gt;\n    &lt;/div&gt;\n  &lt;script&gt;(function(){function c(){var b=a.contentDocument||a.contentWindow.document;if(b){var d=b.createElement(\'script\');d.innerHTML="window.__CF$cv$params={r:\'9f0687a948a386db\',t:\'MTc3Njg4MDg0Ng==\'};var a=document.createElement(\'script\');a.src=\'/cdn-cgi/challenge-platform/scripts/jsd/main.js\';document.getElementsByTagName(\'head\')[0].appendChild(a);";b.getElementsByTagName(\'head\')[0].appendChild(d)}}if(document.body){var a=document.createElement(\'iframe\');a.height=1;a.width=1;a.style.position=\'absolute\';a.style.top=0;a.style.left=0;a.style.border=\'none\';a.style.visibility=\'hidden\';document.body.appendChild(a);if(\'loading\'!==document.readyState)c();else if(window.addEventListener)document.addEventListener(\'DOMContentLoaded\',c);else{var e=document.onreadystatechange||function(){};document.onreadystatechange=function(b){e(b);\'loading\'!==document.readyState&amp;&amp;(document.onreadystatechange=e,c())}}}})();&lt;/script&gt;&lt;/body&gt;\n&lt;/html&gt;\n')
E    +    where &lt;built-in method search of re.Pattern object at 0xacbde5409820&gt; = re.compile('&lt;meta[^&gt;]+content=["\\\'][^"\\\']*noindex[^"\\\']*["\\\'][^&gt;]+name=["\\\']robots["\\\']', re.IGNORECASE).search</failure></testcase><testcase classname="backend.tests.test_honesty_iter64_html_sweep" name="test_hub_noindex[/real-madrid-tickets]" time="0.122"><failure message="AssertionError: /real-madrid-tickets missing noindex robots meta&#10;assert (None or None)&#10; +  where None = &lt;built-in method search of re.Pattern object at 0xacbde543b760&gt;('&lt;!DOCTYPE html&gt;\n&lt;html lang=&quot;en&quot;&gt;\n  &lt;head&gt;\n    &lt;meta charset=&quot;utf-8&quot; /&gt;\n    &lt;meta http-equiv=&quot;Content-Security-Policy&quot; content=&quot;upgrade-insecure-requests&quot; /&gt;\n    &lt;link rel=&quot;icon&quot; href=&quot;/favicon.ico&quot; /&gt;\n    &lt;link rel=&quot;icon&quot; type=&quot;image/png&quot; sizes=&quot;32x32&quot; href=&quot;/logo-32.png&quot; /&gt;\n    &lt;link rel=&quot;icon&quot; type=&quot;image/png&quot; sizes=&quot;16x16&quot; href=&quot;/logo-16.png&quot; /&gt;\n    &lt;link rel=&quot;apple-touch-icon&quot; sizes=&quot;180x180&quot; href=&quot;/apple-touch-icon.png&quot; /&gt;\n    &lt;link rel=&quot;manifest&quot; href=&quot;/manifest.json&quot; /&gt;\n    &lt;meta name=&quot;viewport&quot; content=&quot;width=device-width, initial-scale=1&quot; /&gt;\n    &lt;meta name=&quot;theme-color&quot; content=&quot;#09090b&quot; /&gt;\n    &lt;meta name=&quot;google-site-verification&quot; content=&quot;0p2i17vvx2NmkSyj1iBqQdzC4mOakD_CtjomY_DytY4&quot; /&gt;\n\n    &lt;!-- Tracking pixels deferred to not block rendering --&gt;\n    &lt;script&gt;\n    window.addEventListener(\'load\', function() {\n      setTimeout(function() {\n        // Meta (Facebook) Pixel\n        !function(f,b,e,v,n,t,s){if(f.fbq)return;n=f.fbq=function(){n.callMethod?\n        n.callMethod.apply(n,arguments):n.queue.push(arguments)};if(!f._fbq)f._fbq=n;\n        n.push=n;n.loaded=!0;n.version=\'2.0\';n.queue=[];t=b.createElement(e);t.async=!0;\n        t.src=v;s=b.g...Tickets&lt;/a&gt;\n            &lt;a href=&quot;/concerts&quot; style=&quot;background:#8b5cf6;color:#fff;padding:12px 24px;border-radius:8px;text-decoration:none;font-weight:700&quot;&gt;Concerts&lt;/a&gt;\n          &lt;/div&gt;\n        &lt;/main&gt;\n      &lt;/div&gt;\n    &lt;/div&gt;\n  &lt;script&gt;(function(){function c(){var b=a.contentDocument||a.contentWindow.document;if(b){var d=b.createElement(\'script\');d.innerHTML=&quot;window.__CF$cv$params={r:\'9f0687aa3baaeaf1\',t:\'MTc3Njg4MDg0Ng==\'};var a=document.createElement(\'script\');a.src=\'/cdn-cgi/challenge-platform/scripts/jsd/main.js\';document.getElementsByTagName(\'head\')[0].appendChild(a);&quot;;b.getElementsByTagName(\'head\')[0].appendChild(d)}}if(document.body){var a=document.createElement(\'iframe\');a.height=1;a.width=1;a.style.position=\'absolute\';a.style.top=0;a.style.left=0;a.style.border=\'none\';a.style.visibility=\'hidden\';document.body.appendChild(a);if(\'loading\'!==document.readyState)c();else if(window.addEventListener)document.addEventListener(\'DOMContentLoaded\',c);else{var e=document.onreadystatechange||function(){};document.onreadystatechange=function(b){e(b);\'loading\'!==document.readyState&amp;&amp;(document.onreadystatechange=e,c())}}}})();&lt;/script&gt;&lt;/body&gt;\n&lt;/html&gt;\n')&#10; +    where &lt;built-in method search of re.Pattern object at 0xacbde543b760&gt; = re.compile('&lt;meta[^&gt;]+name=[&quot;\\\']robots[&quot;\\\'][^&gt;]+content=[&quot;\\\'][^&quot;\\\']*noindex[^&quot;\\\']*[&quot;\\\']', re.IGNORECASE).search&#10; +  and   None = &lt;built-in method search of re.Pattern object at 0xacbde5409820&gt;('&lt;!DOCTYPE html&gt;\n&lt;html lang=&quot;en&quot;&gt;\n  &lt;head&gt;\n    &lt;meta charset=&quot;utf-8&quot; /&gt;\n    &lt;meta http-equiv=&quot;Content-Security-Policy&quot; content=&quot;upgrade-insecure-requests&quot; /&gt;\n    &lt;link rel=&quot;icon&quot; href=&quot;/favicon.ico&quot; /&gt;\n    &lt;link rel=&quot;icon&quot; type=&quot;image/png&quot; sizes=&quot;32x32&quot; href=&quot;/logo-32.png&quot; /&gt;\n    &lt;link rel=&quot;icon&quot; type=&quot;image/png&quot; sizes=&quot;16x16&quot; href=&quot;/logo-16.png&quot; /&gt;\n    &lt;link rel=&quot;apple-touch-icon&quot; sizes=&quot;180x180&quot; href=&quot;/apple-touch-icon.png&quot; /&gt;\n    &lt;link rel=&quot;manifest&quot; href=&quot;/manifest.json&quot; /&gt;\n    &lt;meta name=&quot;viewport&quot; content=&quot;width=device-width, initial-scale=1&quot; /&gt;\n    &lt;meta name=&quot;theme-color&quot; content=&quot;#09090b&quot; /&gt;\n    &lt;meta name=&quot;google-site-verification&quot; content=&quot;0p2i17vvx2NmkSyj1iBqQdzC4mOakD_CtjomY_DytY4&quot; /&gt;\n\n    &lt;!-- Tracking pixels deferred to not block rendering --&gt;\n    &lt;script&gt;\n    window.addEventListener(\'load\', function() {\n      setTimeout(function() {\n        // Meta (Facebook) Pixel\n        !function(f,b,e,v,n,t,s){if(f.fbq)return;n=f.fbq=function(){n.callMethod?\n        n.callMethod.apply(n,arguments):n.queue.push(arguments)};if(!f._fbq)f._fbq=n;\n        n.push=n;n.loaded=!0;n.version=\'2.0\';n.queue=[];t=b.createElement(e);t.async=!0;\n        t.src=v;s=b.g...Tickets&lt;/a&gt;\n            &lt;a href=&quot;/concerts&quot; style=&quot;background:#8b5cf6;color:#fff;padding:12px 24px;border-radius:8px;text-decoration:none;font-weight:700&quot;&gt;Concerts&lt;/a&gt;\n          &lt;/div&gt;\n        &lt;/main&gt;\n      &lt;/div&gt;\n    &lt;/div&gt;\n  &lt;script&gt;(function(){function c(){var b=a.contentDocument||a.contentWindow.document;if(b){var d=b.createElement(\'script\');d.innerHTML=&quot;window.__CF$cv$params={r:\'9f0687aa3baaeaf1\',t:\'MTc3Njg4MDg0Ng==\'};var a=document.createElement(\'script\');a.src=\'/cdn-cgi/challenge-platform/scripts/jsd/main.js\';document.getElementsByTagName(\'head\')[0].appendChild(a);&quot;;b.getElementsByTagName(\'head\')[0].appendChild(d)}}if(document.body){var a=document.createElement(\'iframe\');a.height=1;a.width=1;a.style.position=\'absolute\';a.style.top=0;a.style.left=0;a.style.border=\'none\';a.style.visibility=\'hidden\';document.body.appendChild(a);if(\'loading\'!==document.readyState)c();else if(window.addEventListener)document.addEventListener(\'DOMContentLoaded\',c);else{var e=document.onreadystatechange||function(){};document.onreadystatechange=function(b){e(b);\'loading\'!==document.readyState&amp;&amp;(document.onreadystatechange=e,c())}}}})();&lt;/script&gt;&lt;/body&gt;\n&lt;/html&gt;\n')&#10; +    where &lt;built-in method search of re.Pattern object at 0xacbde5409820&gt; = re.compile('&lt;meta[^&gt;]+content=[&quot;\\\'][^&quot;\\\']*noindex[^&quot;\\\']*[&quot;\\\'][^&gt;]+name=[&quot;\\\']robots[&quot;\\\']', re.IGNORECASE).search">backend/tests/test_honesty_iter64_html_sweep.py:99: in test_hub_noindex
    assert pat.search(html) or pat_alt.search(html), f"{path} missing noindex robots meta"
E   AssertionError: /real-madrid-tickets missing noindex robots meta
E   assert (None or None)
E    +  where None = &lt;built-in method search of re.Pattern object at 0xacbde543b760&gt;('&lt;!DOCTYPE html&gt;\n&lt;html lang="en"&gt;\n  &lt;head&gt;\n    &lt;meta charset="utf-8" /&gt;\n    &lt;meta http-equiv="Content-Security-Policy" content="upgrade-insecure-requests" /&gt;\n    &lt;link rel="icon" href="/favicon.ico" /&gt;\n    &lt;link rel="icon" type="image/png" sizes="32x32" href="/logo-32.png" /&gt;\n    &lt;link rel="icon" type="image/png" sizes="16x16" href="/logo-16.png" /&gt;\n    &lt;link rel="apple-touch-icon" sizes="180x180" href="/apple-touch-icon.png" /&gt;\n    &lt;link rel="manifest" href="/manifest.json" /&gt;\n    &lt;meta name="viewport" content="width=device-width, initial-scale=1" /&gt;\n    &lt;meta name="theme-color" content="#09090b" /&gt;\n    &lt;meta name="google-site-verification" content="0p2i17vvx2NmkSyj1iBqQdzC4mOakD_CtjomY_DytY4" /&gt;\n\n    &lt;!-- Tracking pixels deferred to not block rendering --&gt;\n    &lt;script&gt;\n    window.addEventListener(\'load\', function() {\n      setTimeout(function() {\n        // Meta (Facebook) Pixel\n        !function(f,b,e,v,n,t,s){if(f.fbq)return;n=f.fbq=function(){n.callMethod?\n        n.callMethod.apply(n,arguments):n.queue.push(arguments)};if(!f._fbq)f._fbq=n;\n        n.push=n;n.loaded=!0;n.version=\'2.0\';n.queue=[];t=b.createElement(e);t.async=!0;\n        t.src=v;s=b.g...Tickets&lt;/a&gt;\n            &lt;a href="/concerts" style="background:#8b5cf6;color:#fff;padding:12px 24px;border-radius:8px;text-decoration:none;font-weight:700"&gt;Concerts&lt;/a&gt;\n          &lt;/div&gt;\n        &lt;/main&gt;\n      &lt;/div&gt;\n    &lt;/div&gt;\n  &lt;script&gt;(function(){function c(){var b=a.contentDocument||a.contentWindow.document;if(b){var d=b.createElement(\'script\');d.innerHTML="window.__CF$cv$params={r:\'9f0687aa3baaeaf1\',t:\'MTc3Njg4MDg0Ng==\'};var a=document.createElement(\'script\');a.src=\'/cdn-cgi/challenge-platform/scripts/jsd/main.js\';document.getElementsByTagName(\'head\')[0].appendChild(a);";b.getElementsByTagName(\'head\')[0].appendChild(d)}}if(document.body){var a=document.createElement(\'iframe\');a.height=1;a.width=1;a.style.position=\'absolute\';a.style.top=0;a.style.left=0;a.style.border=\'none\';a.style.visibility=\'hidden\';document.body.appendChild(a);if(\'loading\'!==document.readyState)c();else if(window.addEventListener)document.addEventListener(\'DOMContentLoaded\',c);else{var e=document.onreadystatechange||function(){};document.onreadystatechange=function(b){e(b);\'loading\'!==document.readyState&amp;&amp;(document.onreadystatechange=e,c())}}}})();&lt;/script&gt;&lt;/body&gt;\n&lt;/html&gt;\n')
E    +    where &lt;built-in method search of re.Pattern object at 0xacbde543b760&gt; = re.compile('&lt;meta[^&gt;]+name=["\\\']robots["\\\'][^&gt;]+content=["\\\'][^"\\\']*noindex[^"\\\']*["\\\']', re.IGNORECASE).search
E    +  and   None = &lt;built-in method search of re.Pattern object at 0xacbde5409820&gt;('&lt;!DOCTYPE html&gt;\n&lt;html lang="en"&gt;\n  &lt;head&gt;\n    &lt;meta charset="utf-8" /&gt;\n    &lt;meta http-equiv="Content-Security-Policy" content="upgrade-insecure-requests" /&gt;\n    &lt;link rel="icon" href="/favicon.ico" /&gt;\n    &lt;link rel="icon" type="image/png" sizes="32x32" href="/logo-32.png" /&gt;\n    &lt;link rel="icon" type="image/png" sizes="16x16" href="/logo-16.png" /&gt;\n    &lt;link rel="apple-touch-icon" sizes="180x180" href="/apple-touch-icon.png" /&gt;\n    &lt;link rel="manifest" href="/manifest.json" /&gt;\n    &lt;meta name="viewport" content="width=device-width, initial-scale=1" /&gt;\n    &lt;meta name="theme-color" content="#09090b" /&gt;\n    &lt;meta name="google-site-verification" content="0p2i17vvx2NmkSyj1iBqQdzC4mOakD_CtjomY_DytY4" /&gt;\n\n    &lt;!-- Tracking pixels deferred to not block rendering --&gt;\n    &lt;script&gt;\n    window.addEventListener(\'load\', function() {\n      setTimeout(function() {\n        // Meta (Facebook) Pixel\n        !function(f,b,e,v,n,t,s){if(f.fbq)return;n=f.fbq=function(){n.callMethod?\n        n.callMethod.apply(n,arguments):n.queue.push(arguments)};if(!f._fbq)f._fbq=n;\n        n.push=n;n.loaded=!0;n.version=\'2.0\';n.queue=[];t=b.createElement(e);t.async=!0;\n        t.src=v;s=b.g...Tickets&lt;/a&gt;\n            &lt;a href="/concerts" style="background:#8b5cf6;color:#fff;padding:12px 24px;border-radius:8px;text-decoration:none;font-weight:700"&gt;Concerts&lt;/a&gt;\n          &lt;/div&gt;\n        &lt;/main&gt;\n      &lt;/div&gt;\n    &lt;/div&gt;\n  &lt;script&gt;(function(){function c(){var b=a.contentDocument||a.contentWindow.document;if(b){var d=b.createElement(\'script\');d.innerHTML="window.__CF$cv$params={r:\'9f0687aa3baaeaf1\',t:\'MTc3Njg4MDg0Ng==\'};var a=document.createElement(\'script\');a.src=\'/cdn-cgi/challenge-platform/scripts/jsd/main.js\';document.getElementsByTagName(\'head\')[0].appendChild(a);";b.getElementsByTagName(\'head\')[0].appendChild(d)}}if(document.body){var a=document.createElement(\'iframe\');a.height=1;a.width=1;a.style.position=\'absolute\';a.style.top=0;a.style.left=0;a.style.border=\'none\';a.style.visibility=\'hidden\';document.body.appendChild(a);if(\'loading\'!==document.readyState)c();else if(window.addEventListener)document.addEventListener(\'DOMContentLoaded\',c);else{var e=document.onreadystatechange||function(){};document.onreadystatechange=function(b){e(b);\'loading\'!==document.readyState&amp;&amp;(document.onreadystatechange=e,c())}}}})();&lt;/script&gt;&lt;/body&gt;\n&lt;/html&gt;\n')
E    +    where &lt;built-in method search of re.Pattern object at 0xacbde5409820&gt; = re.compile('&lt;meta[^&gt;]+content=["\\\'][^"\\\']*noindex[^"\\\']*["\\\'][^&gt;]+name=["\\\']robots["\\\']', re.IGNORECASE).search</failure></testcase><testcase classname="backend.tests.test_honesty_iter64_html_sweep" name="test_hub_noindex[/arsenal-tickets]" time="0.116"><failure message="AssertionError: /arsenal-tickets missing noindex robots meta&#10;assert (None or None)&#10; +  where None = &lt;built-in method search of re.Pattern object at 0xacbde543b760&gt;('&lt;!DOCTYPE html&gt;\n&lt;html lang=&quot;en&quot;&gt;\n  &lt;head&gt;\n    &lt;meta charset=&quot;utf-8&quot; /&gt;\n    &lt;meta http-equiv=&quot;Content-Security-Policy&quot; content=&quot;upgrade-insecure-requests&quot; /&gt;\n    &lt;link rel=&quot;icon&quot; href=&quot;/favicon.ico&quot; /&gt;\n    &lt;link rel=&quot;icon&quot; type=&quot;image/png&quot; sizes=&quot;32x32&quot; href=&quot;/logo-32.png&quot; /&gt;\n    &lt;link rel=&quot;icon&quot; type=&quot;image/png&quot; sizes=&quot;16x16&quot; href=&quot;/logo-16.png&quot; /&gt;\n    &lt;link rel=&quot;apple-touch-icon&quot; sizes=&quot;180x180&quot; href=&quot;/apple-touch-icon.png&quot; /&gt;\n    &lt;link rel=&quot;manifest&quot; href=&quot;/manifest.json&quot; /&gt;\n    &lt;meta name=&quot;viewport&quot; content=&quot;width=device-width, initial-scale=1&quot; /&gt;\n    &lt;meta name=&quot;theme-color&quot; content=&quot;#09090b&quot; /&gt;\n    &lt;meta name=&quot;google-site-verification&quot; content=&quot;0p2i17vvx2NmkSyj1iBqQdzC4mOakD_CtjomY_DytY4&quot; /&gt;\n\n    &lt;!-- Tracking pixels deferred to not block rendering --&gt;\n    &lt;script&gt;\n    window.addEventListener(\'load\', function() {\n      setTimeout(function() {\n        // Meta (Facebook) Pixel\n        !function(f,b,e,v,n,t,s){if(f.fbq)return;n=f.fbq=function(){n.callMethod?\n        n.callMethod.apply(n,arguments):n.queue.push(arguments)};if(!f._fbq)f._fbq=n;\n        n.push=n;n.loaded=!0;n.version=\'2.0\';n.queue=[];t=b.createElement(e);t.async=!0;\n        t.src=v;s=b.g...Tickets&lt;/a&gt;\n            &lt;a href=&quot;/concerts&quot; style=&quot;background:#8b5cf6;color:#fff;padding:12px 24px;border-radius:8px;text-decoration:none;font-weight:700&quot;&gt;Concerts&lt;/a&gt;\n          &lt;/div&gt;\n        &lt;/main&gt;\n      &lt;/div&gt;\n    &lt;/div&gt;\n  &lt;script&gt;(function(){function c(){var b=a.contentDocument||a.contentWindow.document;if(b){var d=b.createElement(\'script\');d.innerHTML=&quot;window.__CF$cv$params={r:\'9f0687ab08256af6\',t:\'MTc3Njg4MDg0Ng==\'};var a=document.createElement(\'script\');a.src=\'/cdn-cgi/challenge-platform/scripts/jsd/main.js\';document.getElementsByTagName(\'head\')[0].appendChild(a);&quot;;b.getElementsByTagName(\'head\')[0].appendChild(d)}}if(document.body){var a=document.createElement(\'iframe\');a.height=1;a.width=1;a.style.position=\'absolute\';a.style.top=0;a.style.left=0;a.style.border=\'none\';a.style.visibility=\'hidden\';document.body.appendChild(a);if(\'loading\'!==document.readyState)c();else if(window.addEventListener)document.addEventListener(\'DOMContentLoaded\',c);else{var e=document.onreadystatechange||function(){};document.onreadystatechange=function(b){e(b);\'loading\'!==document.readyState&amp;&amp;(document.onreadystatechange=e,c())}}}})();&lt;/script&gt;&lt;/body&gt;\n&lt;/html&gt;\n')&#10; +    where &lt;built-in method search of re.Pattern object at 0xacbde543b760&gt; = re.compile('&lt;meta[^&gt;]+name=[&quot;\\\']robots[&quot;\\\'][^&gt;]+content=[&quot;\\\'][^&quot;\\\']*noindex[^&quot;\\\']*[&quot;\\\']', re.IGNORECASE).search&#10; +  and   None = &lt;built-in method search of re.Pattern object at 0xacbde5409820&gt;('&lt;!DOCTYPE html&gt;\n&lt;html lang=&quot;en&quot;&gt;\n  &lt;head&gt;\n    &lt;meta charset=&quot;utf-8&quot; /&gt;\n    &lt;meta http-equiv=&quot;Content-Security-Policy&quot; content=&quot;upgrade-insecure-requests&quot; /&gt;\n    &lt;link rel=&quot;icon&quot; href=&quot;/favicon.ico&quot; /&gt;\n    &lt;link rel=&quot;icon&quot; type=&quot;image/png&quot; sizes=&quot;32x32&quot; href=&quot;/logo-32.png&quot; /&gt;\n    &lt;link rel=&quot;icon&quot; type=&quot;image/png&quot; sizes=&quot;16x16&quot; href=&quot;/logo-16.png&quot; /&gt;\n    &lt;link rel=&quot;apple-touch-icon&quot; sizes=&quot;180x180&quot; href=&quot;/apple-touch-icon.png&quot; /&gt;\n    &lt;link rel=&quot;manifest&quot; href=&quot;/manifest.json&quot; /&gt;\n    &lt;meta name=&quot;viewport&quot; content=&quot;width=device-width, initial-scale=1&quot; /&gt;\n    &lt;meta name=&quot;theme-color&quot; content=&quot;#09090b&quot; /&gt;\n    &lt;meta name=&quot;google-site-verification&quot; content=&quot;0p2i17vvx2NmkSyj1iBqQdzC4mOakD_CtjomY_DytY4&quot; /&gt;\n\n    &lt;!-- Tracking pixels deferred to not block rendering --&gt;\n    &lt;script&gt;\n    window.addEventListener(\'load\', function() {\n      setTimeout(function() {\n        // Meta (Facebook) Pixel\n        !function(f,b,e,v,n,t,s){if(f.fbq)return;n=f.fbq=function(){n.callMethod?\n        n.callMethod.apply(n,arguments):n.queue.push(arguments)};if(!f._fbq)f._fbq=n;\n        n.push=n;n.loaded=!0;n.version=\'2.0\';n.queue=[];t=b.createElement(e);t.async=!0;\n        t.src=v;s=b.g...Tickets&lt;/a&gt;\n            &lt;a href=&quot;/concerts&quot; style=&quot;background:#8b5cf6;color:#fff;padding:12px 24px;border-radius:8px;text-decoration:none;font-weight:700&quot;&gt;Concerts&lt;/a&gt;\n          &lt;/div&gt;\n        &lt;/main&gt;\n      &lt;/div&gt;\n    &lt;/div&gt;\n  &lt;script&gt;(function(){function c(){var b=a.contentDocument||a.contentWindow.document;if(b){var d=b.createElement(\'script\');d.innerHTML=&quot;window.__CF$cv$params={r:\'9f0687ab08256af6\',t:\'MTc3Njg4MDg0Ng==\'};var a=document.createElement(\'script\');a.src=\'/cdn-cgi/challenge-platform/scripts/jsd/main.js\';document.getElementsByTagName(\'head\')[0].appendChild(a);&quot;;b.getElementsByTagName(\'head\')[0].appendChild(d)}}if(document.body){var a=document.createElement(\'iframe\');a.height=1;a.width=1;a.style.position=\'absolute\';a.style.top=0;a.style.left=0;a.style.border=\'none\';a.style.visibility=\'hidden\';document.body.appendChild(a);if(\'loading\'!==document.readyState)c();else if(window.addEventListener)document.addEventListener(\'DOMContentLoaded\',c);else{var e=document.onreadystatechange||function(){};document.onreadystatechange=function(b){e(b);\'loading\'!==document.readyState&amp;&amp;(document.onreadystatechange=e,c())}}}})();&lt;/script&gt;&lt;/body&gt;\n&lt;/html&gt;\n')&#10; +    where &lt;built-in method search of re.Pattern object at 0xacbde5409820&gt; = re.compile('&lt;meta[^&gt;]+content=[&quot;\\\'][^&quot;\\\']*noindex[^&quot;\\\']*[&quot;\\\'][^&gt;]+name=[&quot;\\\']robots[&quot;\\\']', re.IGNORECASE).search">backend/tests/test_honesty_iter64_html_sweep.py:99: in test_hub_noindex
    assert pat.search(html) or pat_alt.search(html), f"{path} missing noindex robots meta"
E   AssertionError: /arsenal-tickets missing noindex robots meta
E   assert (None or None)
E    +  where None = &lt;built-in method search of re.Pattern object at 0xacbde543b760&gt;('&lt;!DOCTYPE html&gt;\n&lt;html lang="en"&gt;\n  &lt;head&gt;\n    &lt;meta charset="utf-8" /&gt;\n    &lt;meta http-equiv="Content-Security-Policy" content="upgrade-insecure-requests" /&gt;\n    &lt;link rel="icon" href="/favicon.ico" /&gt;\n    &lt;link rel="icon" type="image/png" sizes="32x32" href="/logo-32.png" /&gt;\n    &lt;link rel="icon" type="image/png" sizes="16x16" href="/logo-16.png" /&gt;\n    &lt;link rel="apple-touch-icon" sizes="180x180" href="/apple-touch-icon.png" /&gt;\n    &lt;link rel="manifest" href="/manifest.json" /&gt;\n    &lt;meta name="viewport" content="width=device-width, initial-scale=1" /&gt;\n    &lt;meta name="theme-color" content="#09090b" /&gt;\n    &lt;meta name="google-site-verification" content="0p2i17vvx2NmkSyj1iBqQdzC4mOakD_CtjomY_DytY4" /&gt;\n\n    &lt;!-- Tracking pixels deferred to not block rendering --&gt;\n    &lt;script&gt;\n    window.addEventListener(\'load\', function() {\n      setTimeout(function() {\n        // Meta (Facebook) Pixel\n        !function(f,b,e,v,n,t,s){if(f.fbq)return;n=f.fbq=function(){n.callMethod?\n        n.callMethod.apply(n,arguments):n.queue.push(arguments)};if(!f._fbq)f._fbq=n;\n        n.push=n;n.loaded=!0;n.version=\'2.0\';n.queue=[];t=b.createElement(e);t.async=!0;\n        t.src=v;s=b.g...Tickets&lt;/a&gt;\n            &lt;a href="/concerts" style="background:#8b5cf6;color:#fff;padding:12px 24px;border-radius:8px;text-decoration:none;font-weight:700"&gt;Concerts&lt;/a&gt;\n          &lt;/div&gt;\n        &lt;/main&gt;\n      &lt;/div&gt;\n    &lt;/div&gt;\n  &lt;script&gt;(function(){function c(){var b=a.contentDocument||a.contentWindow.document;if(b){var d=b.createElement(\'script\');d.innerHTML="window.__CF$cv$params={r:\'9f0687ab08256af6\',t:\'MTc3Njg4MDg0Ng==\'};var a=document.createElement(\'script\');a.src=\'/cdn-cgi/challenge-platform/scripts/jsd/main.js\';document.getElementsByTagName(\'head\')[0].appendChild(a);";b.getElementsByTagName(\'head\')[0].appendChild(d)}}if(document.body){var a=document.createElement(\'iframe\');a.height=1;a.width=1;a.style.position=\'absolute\';a.style.top=0;a.style.left=0;a.style.border=\'none\';a.style.visibility=\'hidden\';document.body.appendChild(a);if(\'loading\'!==document.readyState)c();else if(window.addEventListener)document.addEventListener(\'DOMContentLoaded\',c);else{var e=document.onreadystatechange||function(){};document.onreadystatechange=function(b){e(b);\'loading\'!==document.readyState&amp;&amp;(document.onreadystatechange=e,c())}}}})();&lt;/script&gt;&lt;/body&gt;\n&lt;/html&gt;\n')
E    +    where &lt;built-in method search of re.Pattern object at 0xacbde543b760&gt; = re.compile('&lt;meta[^&gt;]+name=["\\\']robots["\\\'][^&gt;]+content=["\\\'][^"\\\']*noindex[^"\\\']*["\\\']', re.IGNORECASE).search
E    +  and   None = &lt;built-in method search of re.Pattern object at 0xacbde5409820&gt;('&lt;!DOCTYPE html&gt;\n&lt;html lang="en"&gt;\n  &lt;head&gt;\n    &lt;meta charset="utf-8" /&gt;\n    &lt;meta http-equiv="Content-Security-Policy" content="upgrade-insecure-requests" /&gt;\n    &lt;link rel="icon" href="/favicon.ico" /&gt;\n    &lt;link rel="icon" type="image/png" sizes="32x32" href="/logo-32.png" /&gt;\n    &lt;link rel="icon" type="image/png" sizes="16x16" href="/logo-16.png" /&gt;\n    &lt;link rel="apple-touch-icon" sizes="180x180" href="/apple-touch-icon.png" /&gt;\n    &lt;link rel="manifest" href="/manifest.json" /&gt;\n    &lt;meta name="viewport" content="width=device-width, initial-scale=1" /&gt;\n    &lt;meta name="theme-color" content="#09090b" /&gt;\n    &lt;meta name="google-site-verification" content="0p2i17vvx2NmkSyj1iBqQdzC4mOakD_CtjomY_DytY4" /&gt;\n\n    &lt;!-- Tracking pixels deferred to not block rendering --&gt;\n    &lt;script&gt;\n    window.addEventListener(\'load\', function() {\n      setTimeout(function() {\n        // Meta (Facebook) Pixel\n        !function(f,b,e,v,n,t,s){if(f.fbq)return;n=f.fbq=function(){n.callMethod?\n        n.callMethod.apply(n,arguments):n.queue.push(arguments)};if(!f._fbq)f._fbq=n;\n        n.push=n;n.loaded=!0;n.version=\'2.0\';n.queue=[];t=b.createElement(e);t.async=!0;\n        t.src=v;s=b.g...Tickets&lt;/a&gt;\n            &lt;a href="/concerts" style="background:#8b5cf6;color:#fff;padding:12px 24px;border-radius:8px;text-decoration:none;font-weight:700"&gt;Concerts&lt;/a&gt;\n          &lt;/div&gt;\n        &lt;/main&gt;\n      &lt;/div&gt;\n    &lt;/div&gt;\n  &lt;script&gt;(function(){function c(){var b=a.contentDocument||a.contentWindow.document;if(b){var d=b.createElement(\'script\');d.innerHTML="window.__CF$cv$params={r:\'9f0687ab08256af6\',t:\'MTc3Njg4MDg0Ng==\'};var a=document.createElement(\'script\');a.src=\'/cdn-cgi/challenge-platform/scripts/jsd/main.js\';document.getElementsByTagName(\'head\')[0].appendChild(a);";b.getElementsByTagName(\'head\')[0].appendChild(d)}}if(document.body){var a=document.createElement(\'iframe\');a.height=1;a.width=1;a.style.position=\'absolute\';a.style.top=0;a.style.left=0;a.style.border=\'none\';a.style.visibility=\'hidden\';document.body.appendChild(a);if(\'loading\'!==document.readyState)c();else if(window.addEventListener)document.addEventListener(\'DOMContentLoaded\',c);else{var e=document.onreadystatechange||function(){};document.onreadystatechange=function(b){e(b);\'loading\'!==document.readyState&amp;&amp;(document.onreadystatechange=e,c())}}}})();&lt;/script&gt;&lt;/body&gt;\n&lt;/html&gt;\n')
E    +    where &lt;built-in method search of re.Pattern object at 0xacbde5409820&gt; = re.compile('&lt;meta[^&gt;]+content=["\\\'][^"\\\']*noindex[^"\\\']*["\\\'][^&gt;]+name=["\\\']robots["\\\']', re.IGNORECASE).search</failure></testcase><testcase classname="backend.tests.test_honesty_iter64_html_sweep" name="test_hub_noindex[/liverpool-tickets]" time="0.128"><failure message="AssertionError: /liverpool-tickets missing noindex robots meta&#10;assert (None or None)&#10; +  where None = &lt;built-in method search of re.Pattern object at 0xacbde543b760&gt;('&lt;!DOCTYPE html&gt;\n&lt;html lang=&quot;en&quot;&gt;\n  &lt;head&gt;\n    &lt;meta charset=&quot;utf-8&quot; /&gt;\n    &lt;meta http-equiv=&quot;Content-Security-Policy&quot; content=&quot;upgrade-insecure-requests&quot; /&gt;\n    &lt;link rel=&quot;icon&quot; href=&quot;/favicon.ico&quot; /&gt;\n    &lt;link rel=&quot;icon&quot; type=&quot;image/png&quot; sizes=&quot;32x32&quot; href=&quot;/logo-32.png&quot; /&gt;\n    &lt;link rel=&quot;icon&quot; type=&quot;image/png&quot; sizes=&quot;16x16&quot; href=&quot;/logo-16.png&quot; /&gt;\n    &lt;link rel=&quot;apple-touch-icon&quot; sizes=&quot;180x180&quot; href=&quot;/apple-touch-icon.png&quot; /&gt;\n    &lt;link rel=&quot;manifest&quot; href=&quot;/manifest.json&quot; /&gt;\n    &lt;meta name=&quot;viewport&quot; content=&quot;width=device-width, initial-scale=1&quot; /&gt;\n    &lt;meta name=&quot;theme-color&quot; content=&quot;#09090b&quot; /&gt;\n    &lt;meta name=&quot;google-site-verification&quot; content=&quot;0p2i17vvx2NmkSyj1iBqQdzC4mOakD_CtjomY_DytY4&quot; /&gt;\n\n    &lt;!-- Tracking pixels deferred to not block rendering --&gt;\n    &lt;script&gt;\n    window.addEventListener(\'load\', function() {\n      setTimeout(function() {\n        // Meta (Facebook) Pixel\n        !function(f,b,e,v,n,t,s){if(f.fbq)return;n=f.fbq=function(){n.callMethod?\n        n.callMethod.apply(n,arguments):n.queue.push(arguments)};if(!f._fbq)f._fbq=n;\n        n.push=n;n.loaded=!0;n.version=\'2.0\';n.queue=[];t=b.createElement(e);t.async=!0;\n        t.src=v;s=b.g...Tickets&lt;/a&gt;\n            &lt;a href=&quot;/concerts&quot; style=&quot;background:#8b5cf6;color:#fff;padding:12px 24px;border-radius:8px;text-decoration:none;font-weight:700&quot;&gt;Concerts&lt;/a&gt;\n          &lt;/div&gt;\n        &lt;/main&gt;\n      &lt;/div&gt;\n    &lt;/div&gt;\n  &lt;script&gt;(function(){function c(){var b=a.contentDocument||a.contentWindow.document;if(b){var d=b.createElement(\'script\');d.innerHTML=&quot;window.__CF$cv$params={r:\'9f0687abcf7ce7f9\',t:\'MTc3Njg4MDg0Ng==\'};var a=document.createElement(\'script\');a.src=\'/cdn-cgi/challenge-platform/scripts/jsd/main.js\';document.getElementsByTagName(\'head\')[0].appendChild(a);&quot;;b.getElementsByTagName(\'head\')[0].appendChild(d)}}if(document.body){var a=document.createElement(\'iframe\');a.height=1;a.width=1;a.style.position=\'absolute\';a.style.top=0;a.style.left=0;a.style.border=\'none\';a.style.visibility=\'hidden\';document.body.appendChild(a);if(\'loading\'!==document.readyState)c();else if(window.addEventListener)document.addEventListener(\'DOMContentLoaded\',c);else{var e=document.onreadystatechange||function(){};document.onreadystatechange=function(b){e(b);\'loading\'!==document.readyState&amp;&amp;(document.onreadystatechange=e,c())}}}})();&lt;/script&gt;&lt;/body&gt;\n&lt;/html&gt;\n')&#10; +    where &lt;built-in method search of re.Pattern object at 0xacbde543b760&gt; = re.compile('&lt;meta[^&gt;]+name=[&quot;\\\']robots[&quot;\\\'][^&gt;]+content=[&quot;\\\'][^&quot;\\\']*noindex[^&quot;\\\']*[&quot;\\\']', re.IGNORECASE).search&#10; +  and   None = &lt;built-in method search of re.Pattern object at 0xacbde5409820&gt;('&lt;!DOCTYPE html&gt;\n&lt;html lang=&quot;en&quot;&gt;\n  &lt;head&gt;\n    &lt;meta charset=&quot;utf-8&quot; /&gt;\n    &lt;meta http-equiv=&quot;Content-Security-Policy&quot; content=&quot;upgrade-insecure-requests&quot; /&gt;\n    &lt;link rel=&quot;icon&quot; href=&quot;/favicon.ico&quot; /&gt;\n    &lt;link rel=&quot;icon&quot; type=&quot;image/png&quot; sizes=&quot;32x32&quot; href=&quot;/logo-32.png&quot; /&gt;\n    &lt;link rel=&quot;icon&quot; type=&quot;image/png&quot; sizes=&quot;16x16&quot; href=&quot;/logo-16.png&quot; /&gt;\n    &lt;link rel=&quot;apple-touch-icon&quot; sizes=&quot;180x180&quot; href=&quot;/apple-touch-icon.png&quot; /&gt;\n    &lt;link rel=&quot;manifest&quot; href=&quot;/manifest.json&quot; /&gt;\n    &lt;meta name=&quot;viewport&quot; content=&quot;width=device-width, initial-scale=1&quot; /&gt;\n    &lt;meta name=&quot;theme-color&quot; content=&quot;#09090b&quot; /&gt;\n    &lt;meta name=&quot;google-site-verification&quot; content=&quot;0p2i17vvx2NmkSyj1iBqQdzC4mOakD_CtjomY_DytY4&quot; /&gt;\n\n    &lt;!-- Tracking pixels deferred to not block rendering --&gt;\n    &lt;script&gt;\n    window.addEventListener(\'load\', function() {\n      setTimeout(function() {\n        // Meta (Facebook) Pixel\n        !function(f,b,e,v,n,t,s){if(f.fbq)return;n=f.fbq=function(){n.callMethod?\n        n.callMethod.apply(n,arguments):n.queue.push(arguments)};if(!f._fbq)f._fbq=n;\n        n.push=n;n.loaded=!0;n.version=\'2.0\';n.queue=[];t=b.createElement(e);t.async=!0;\n        t.src=v;s=b.g...Tickets&lt;/a&gt;\n            &lt;a href=&quot;/concerts&quot; style=&quot;background:#8b5cf6;color:#fff;padding:12px 24px;border-radius:8px;text-decoration:none;font-weight:700&quot;&gt;Concerts&lt;/a&gt;\n          &lt;/div&gt;\n        &lt;/main&gt;\n      &lt;/div&gt;\n    &lt;/div&gt;\n  &lt;script&gt;(function(){function c(){var b=a.contentDocument||a.contentWindow.document;if(b){var d=b.createElement(\'script\');d.innerHTML=&quot;window.__CF$cv$params={r:\'9f0687abcf7ce7f9\',t:\'MTc3Njg4MDg0Ng==\'};var a=document.createElement(\'script\');a.src=\'/cdn-cgi/challenge-platform/scripts/jsd/main.js\';document.getElementsByTagName(\'head\')[0].appendChild(a);&quot;;b.getElementsByTagName(\'head\')[0].appendChild(d)}}if(document.body){var a=document.createElement(\'iframe\');a.height=1;a.width=1;a.style.position=\'absolute\';a.style.top=0;a.style.left=0;a.style.border=\'none\';a.style.visibility=\'hidden\';document.body.appendChild(a);if(\'loading\'!==document.readyState)c();else if(window.addEventListener)document.addEventListener(\'DOMContentLoaded\',c);else{var e=document.onreadystatechange||function(){};document.onreadystatechange=function(b){e(b);\'loading\'!==document.readyState&amp;&amp;(document.onreadystatechange=e,c())}}}})();&lt;/script&gt;&lt;/body&gt;\n&lt;/html&gt;\n')&#10; +    where &lt;built-in method search of re.Pattern object at 0xacbde5409820&gt; = re.compile('&lt;meta[^&gt;]+content=[&quot;\\\'][^&quot;\\\']*noindex[^&quot;\\\']*[&quot;\\\'][^&gt;]+name=[&quot;\\\']robots[&quot;\\\']', re.IGNORECASE).search">backend/tests/test_honesty_iter64_html_sweep.py:99: in test_hub_noindex
    assert pat.search(html) or pat_alt.search(html), f"{path} missing noindex robots meta"
E   AssertionError: /liverpool-tickets missing noindex robots meta
E   assert (None or None)
E    +  where None = &lt;built-in method search of re.Pattern object at 0xacbde543b760&gt;('&lt;!DOCTYPE html&gt;\n&lt;html lang="en"&gt;\n  &lt;head&gt;\n    &lt;meta charset="utf-8" /&gt;\n    &lt;meta http-equiv="Content-Security-Policy" content="upgrade-insecure-requests" /&gt;\n    &lt;link rel="icon" href="/favicon.ico" /&gt;\n    &lt;link rel="icon" type="image/png" sizes="32x32" href="/logo-32.png" /&gt;\n    &lt;link rel="icon" type="image/png" sizes="16x16" href="/logo-16.png" /&gt;\n    &lt;link rel="apple-touch-icon" sizes="180x180" href="/apple-touch-icon.png" /&gt;\n    &lt;link rel="manifest" href="/manifest.json" /&gt;\n    &lt;meta name="viewport" content="width=device-width, initial-scale=1" /&gt;\n    &lt;meta name="theme-color" content="#09090b" /&gt;\n    &lt;meta name="google-site-verification" content="0p2i17vvx2NmkSyj1iBqQdzC4mOakD_CtjomY_DytY4" /&gt;\n\n    &lt;!-- Tracking pixels deferred to not block rendering --&gt;\n    &lt;script&gt;\n    window.addEventListener(\'load\', function() {\n      setTimeout(function() {\n        // Meta (Facebook) Pixel\n        !function(f,b,e,v,n,t,s){if(f.fbq)return;n=f.fbq=function(){n.callMethod?\n        n.callMethod.apply(n,arguments):n.queue.push(arguments)};if(!f._fbq)f._fbq=n;\n        n.push=n;n.loaded=!0;n.version=\'2.0\';n.queue=[];t=b.createElement(e);t.async=!0;\n        t.src=v;s=b.g...Tickets&lt;/a&gt;\n            &lt;a href="/concerts" style="background:#8b5cf6;color:#fff;padding:12px 24px;border-radius:8px;text-decoration:none;font-weight:700"&gt;Concerts&lt;/a&gt;\n          &lt;/div&gt;\n        &lt;/main&gt;\n      &lt;/div&gt;\n    &lt;/div&gt;\n  &lt;script&gt;(function(){function c(){var b=a.contentDocument||a.contentWindow.document;if(b){var d=b.createElement(\'script\');d.innerHTML="window.__CF$cv$params={r:\'9f0687abcf7ce7f9\',t:\'MTc3Njg4MDg0Ng==\'};var a=document.createElement(\'script\');a.src=\'/cdn-cgi/challenge-platform/scripts/jsd/main.js\';document.getElementsByTagName(\'head\')[0].appendChild(a);";b.getElementsByTagName(\'head\')[0].appendChild(d)}}if(document.body){var a=document.createElement(\'iframe\');a.height=1;a.width=1;a.style.position=\'absolute\';a.style.top=0;a.style.left=0;a.style.border=\'none\';a.style.visibility=\'hidden\';document.body.appendChild(a);if(\'loading\'!==document.readyState)c();else if(window.addEventListener)document.addEventListener(\'DOMContentLoaded\',c);else{var e=document.onreadystatechange||function(){};document.onreadystatechange=function(b){e(b);\'loading\'!==document.readyState&amp;&amp;(document.onreadystatechange=e,c())}}}})();&lt;/script&gt;&lt;/body&gt;\n&lt;/html&gt;\n')
E    +    where &lt;built-in method search of re.Pattern object at 0xacbde543b760&gt; = re.compile('&lt;meta[^&gt;]+name=["\\\']robots["\\\'][^&gt;]+content=["\\\'][^"\\\']*noindex[^"\\\']*["\\\']', re.IGNORECASE).search
E    +  and   None = &lt;built-in method search of re.Pattern object at 0xacbde5409820&gt;('&lt;!DOCTYPE html&gt;\n&lt;html lang="en"&gt;\n  &lt;head&gt;\n    &lt;meta charset="utf-8" /&gt;\n    &lt;meta http-equiv="Content-Security-Policy" content="upgrade-insecure-requests" /&gt;\n    &lt;link rel="icon" href="/favicon.ico" /&gt;\n    &lt;link rel="icon" type="image/png" sizes="32x32" href="/logo-32.png" /&gt;\n    &lt;link rel="icon" type="image/png" sizes="16x16" href="/logo-16.png" /&gt;\n    &lt;link rel="apple-touch-icon" sizes="180x180" href="/apple-touch-icon.png" /&gt;\n    &lt;link rel="manifest" href="/manifest.json" /&gt;\n    &lt;meta name="viewport" content="width=device-width, initial-scale=1" /&gt;\n    &lt;meta name="theme-color" content="#09090b" /&gt;\n    &lt;meta name="google-site-verification" content="0p2i17vvx2NmkSyj1iBqQdzC4mOakD_CtjomY_DytY4" /&gt;\n\n    &lt;!-- Tracking pixels deferred to not block rendering --&gt;\n    &lt;script&gt;\n    window.addEventListener(\'load\', function() {\n      setTimeout(function() {\n        // Meta (Facebook) Pixel\n        !function(f,b,e,v,n,t,s){if(f.fbq)return;n=f.fbq=function(){n.callMethod?\n        n.callMethod.apply(n,arguments):n.queue.push(arguments)};if(!f._fbq)f._fbq=n;\n        n.push=n;n.loaded=!0;n.version=\'2.0\';n.queue=[];t=b.createElement(e);t.async=!0;\n        t.src=v;s=b.g...Tickets&lt;/a&gt;\n            &lt;a href="/concerts" style="background:#8b5cf6;color:#fff;padding:12px 24px;border-radius:8px;text-decoration:none;font-weight:700"&gt;Concerts&lt;/a&gt;\n          &lt;/div&gt;\n        &lt;/main&gt;\n      &lt;/div&gt;\n    &lt;/div&gt;\n  &lt;script&gt;(function(){function c(){var b=a.contentDocument||a.contentWindow.document;if(b){var d=b.createElement(\'script\');d.innerHTML="window.__CF$cv$params={r:\'9f0687abcf7ce7f9\',t:\'MTc3Njg4MDg0Ng==\'};var a=document.createElement(\'script\');a.src=\'/cdn-cgi/challenge-platform/scripts/jsd/main.js\';document.getElementsByTagName(\'head\')[0].appendChild(a);";b.getElementsByTagName(\'head\')[0].appendChild(d)}}if(document.body){var a=document.createElement(\'iframe\');a.height=1;a.width=1;a.style.position=\'absolute\';a.style.top=0;a.style.left=0;a.style.border=\'none\';a.style.visibility=\'hidden\';document.body.appendChild(a);if(\'loading\'!==document.readyState)c();else if(window.addEventListener)document.addEventListener(\'DOMContentLoaded\',c);else{var e=document.onreadystatechange||function(){};document.onreadystatechange=function(b){e(b);\'loading\'!==document.readyState&amp;&amp;(document.onreadystatechange=e,c())}}}})();&lt;/script&gt;&lt;/body&gt;\n&lt;/html&gt;\n')
[...]
    assert pat.search(html) or pat_alt.search(html), f"{path} missing noindex robots meta"
E   AssertionError: /barcelona-tickets missing noindex robots meta
E   assert (None or None)
E    +  where None = &lt;built-in method search of re.Pattern object at 0xacbde543b760&gt;('&lt;!DOCTYPE html&gt;\n&lt;html lang="en"&gt;\n  &lt;head&gt;\n    &lt;meta charset="utf-8" /&gt;\n    &lt;meta http-equiv="Content-Security-Policy" content="upgrade-insecure-requests" /&gt;\n    &lt;link rel="icon" href="/favicon.ico" /&gt;\n    &lt;link rel="icon" type="image/png" sizes="32x32" href="/logo-32.png" /&gt;\n    &lt;link rel="icon" type="image/png" sizes="16x16" href="/logo-16.png" /&gt;\n    &lt;link rel="apple-touch-icon" sizes="180x180" href="/apple-touch-icon.png" /&gt;\n    &lt;link rel="manifest" href="/manifest.json" /&gt;\n    &lt;meta name="viewport" content="width=device-width, initial-scale=1" /&gt;\n    &lt;meta name="theme-color" content="#09090b" /&gt;\n    &lt;meta name="google-site-verification" content="0p2i17vvx2NmkSyj1iBqQdzC4mOakD_CtjomY_DytY4" /&gt;\n\n    &lt;!-- Tracking pixels deferred to not block rendering --&gt;\n    &lt;script&gt;\n    window.addEventListener(\'load\', function() {\n      setTimeout(function() {\n        // Meta (Facebook) Pixel\n        !function(f,b,e,v,n,t,s){if(f.fbq)return;n=f.fbq=function(){n.callMethod?\n        n.callMethod.apply(n,arguments):n.queue.push(arguments)};if(!f._fbq)f._fbq=n;\n        n.push=n;n.loaded=!0;n.version=\'2.0\';n.queue=[];t=b.createElement(e);t.async=!0;\n        t.src=v;s=b.g...Tickets&lt;/a&gt;\n            &lt;a href="/concerts" style="background:#8b5cf6;color:#fff;padding:12px 24px;border-radius:8px;text-decoration:none;font-weight:700"&gt;Concerts&lt;/a&gt;\n          &lt;/div&gt;\n        &lt;/main&gt;\n      &lt;/div&gt;\n    &lt;/div&gt;\n  &lt;script&gt;(function(){function c(){var b=a.contentDocument||a.contentWindow.document;if(b){var d=b.createElement(\'script\');d.innerHTML="window.__CF$cv$params={r:\'9f0687ac8e42e822\',t:\'MTc3Njg4MDg0Ng==\'};var a=document.createElement(\'script\');a.src=\'/cdn-cgi/challenge-platform/scripts/jsd/main.js\';document.getElementsByTagName(\'head\')[0].appendChild(a);";b.getElementsByTagName(\'head\')[0].appendChild(d)}}if(document.body){var a=document.createElement(\'iframe\');a.height=1;a.width=1;a.style.position=\'absolute\';a.style.top=0;a.style.left=0;a.style.border=\'none\';a.style.visibility=\'hidden\';document.body.appendChild(a);if(\'loading\'!==document.readyState)c();else if(window.addEventListener)document.addEventListener(\'DOMContentLoaded\',c);else{var e=document.onreadystatechange||function(){};document.onreadystatechange=function(b){e(b);\'loading\'!==document.readyState&amp;&amp;(document.onreadystatechange=e,c())}}}})();&lt;/script&gt;&lt;/body&gt;\n&lt;/html&gt;\n')
E    +    where &lt;built-in method search of re.Pattern object at 0xacbde543b760&gt; = re.compile('&lt;meta[^&gt;]+name=["\\\']robots["\\\'][^&gt;]+content=["\\\'][^"\\\']*noindex[^"\\\']*["\\\']', re.IGNORECASE).search
E    +  and   None = &lt;built-in method search of re.Pattern object at 0xacbde5409820&gt;('&lt;!DOCTYPE html&gt;\n&lt;html lang="en"&gt;\n  &lt;head&gt;\n    &lt;meta charset="utf-8" /&gt;\n    &lt;meta http-equiv="Content-Security-Policy" content="upgrade-insecure-requests" /&gt;\n    &lt;link rel="icon" href="/favicon.ico" /&gt;\n    &lt;link rel="icon" type="image/png" sizes="32x32" href="/logo-32.png" /&gt;\n    &lt;link rel="icon" type="image/png" sizes="16x16" href="/logo-16.png" /&gt;\n    &lt;link rel="apple-touch-icon" sizes="180x180" href="/apple-touch-icon.png" /&gt;\n    &lt;link rel="manifest" href="/manifest.json" /&gt;\n    &lt;meta name="viewport" content="width=device-width, initial-scale=1" /&gt;\n    &lt;meta name="theme-color" content="#09090b" /&gt;\n    &lt;meta name="google-site-verification" content="0p2i17vvx2NmkSyj1iBqQdzC4mOakD_CtjomY_DytY4" /&gt;\n\n    &lt;!-- Tracking pixels deferred to not block rendering --&gt;\n    &lt;script&gt;\n    window.addEventListener(\'load\', function() {\n      setTimeout(function() {\n        // Meta (Facebook) Pixel\n        !function(f,b,e,v,n,t,s){if(f.fbq)return;n=f.fbq=function(){n.callMethod?\n        n.callMethod.apply(n,arguments):n.queue.push(arguments)};if(!f._fbq)f._fbq=n;\n        n.push=n;n.loaded=!0;n.version=\'2.0\';n.queue=[];t=b.createElement(e);t.async=!0;\n        t.src=v;s=b.g...Tickets&lt;/a&gt;\n            &lt;a href="/concerts" style="background:#8b5cf6;color:#fff;padding:12px 24px;border-radius:8px;text-decoration:none;font-weight:700"&gt;Concerts&lt;/a&gt;\n          &lt;/div&gt;\n        &lt;/main&gt;\n      &lt;/div&gt;\n    &lt;/div&gt;\n  &lt;script&gt;(function(){function c(){var b=a.contentDocument||a.contentWindow.document;if(b){var d=b.createElement(\'script\');d.innerHTML="window.__CF$cv$params={r:\'9f0687ac8e42e822\',t:\'MTc3Njg4MDg0Ng==\'};var a=document.createElement(\'script\');a.src=\'/cdn-cgi/challenge-platform/scripts/jsd/main.js\';document.getElementsByTagName(\'head\')[0].appendChild(a);";b.getElementsByTagName(\'head\')[0].appendChild(d)}}if(document.body){var a=document.createElement(\'iframe\');a.height=1;a.width=1;a.style.position=\'absolute\';a.style.top=0;a.style.left=0;a.style.border=\'none\';a.style.visibility=\'hidden\';document.body.appendChild(a);if(\'loading\'!==document.readyState)c();else if(window.addEventListener)document.addEventListener(\'DOMContentLoaded\',c);else{var e=document.onreadystatechange||function(){};document.onreadystatechange=function(b){e(b);\'loading\'!==document.readyState&amp;&amp;(document.onreadystatechange=e,c())}}}})();&lt;/script&gt;&lt;/body&gt;\n&lt;/html&gt;\n')
E    +    where &lt;built-in method search of re.Pattern object at 0xacbde5409820&gt; = re.compile('&lt;meta[^&gt;]+content=["\\\'][^"\\\']*noindex[^"\\\']*["\\\'][^&gt;]+name=["\\\']robots["\\\']', re.IGNORECASE).search</failure></testcase><testcase classname="backend.tests.test_honesty_iter64_html_sweep" name="test_hub_noindex[/manchester-city-tickets]" time="0.128"><failure message="AssertionError: /manchester-city-tickets missing noindex robots meta&#10;assert (None or None)&#10; +  where None = &lt;built-in method search of re.Pattern object at 0xacbde543b760&gt;('&lt;!DOCTYPE html&gt;\n&lt;html lang=&quot;en&quot;&gt;\n  &lt;head&gt;\n    &lt;meta charset=&quot;utf-8&quot; /&gt;\n    &lt;meta http-equiv=&quot;Content-Security-Policy&quot; content=&quot;upgrade-insecure-requests&quot; /&gt;\n    &lt;link rel=&quot;icon&quot; href=&quot;/favicon.ico&quot; /&gt;\n    &lt;link rel=&quot;icon&quot; type=&quot;image/png&quot; sizes=&quot;32x32&quot; href=&quot;/logo-32.png&quot; /&gt;\n    &lt;link rel=&quot;icon&quot; type=&quot;image/png&quot; sizes=&quot;16x16&quot; href=&quot;/logo-16.png&quot; /&gt;\n    &lt;link rel=&quot;apple-touch-icon&quot; sizes=&quot;180x180&quot; href=&quot;/apple-touch-icon.png&quot; /&gt;\n    &lt;link rel=&quot;manifest&quot; href=&quot;/manifest.json&quot; /&gt;\n    &lt;meta name=&quot;viewport&quot; content=&quot;width=device-width, initial-scale=1&quot; /&gt;\n    &lt;meta name=&quot;theme-color&quot; content=&quot;#09090b&quot; /&gt;\n    &lt;meta name=&quot;google-site-verification&quot; content=&quot;0p2i17vvx2NmkSyj1iBqQdzC4mOakD_CtjomY_DytY4&quot; /&gt;\n\n    &lt;!-- Tracking pixels deferred to not block rendering --&gt;\n    &lt;script&gt;\n    window.addEventListener(\'load\', function() {\n      setTimeout(function() {\n        // Meta (Facebook) Pixel\n        !function(f,b,e,v,n,t,s){if(f.fbq)return;n=f.fbq=function(){n.callMethod?\n        n.callMethod.apply(n,arguments):n.queue.push(arguments)};if(!f._fbq)f._fbq=n;\n        n.push=n;n.loaded=!0;n.version=\'2.0\';n.queue=[];t=b.createElement(e);t.async=!0;\n        t.src=v;s=b.g...Tickets&lt;/a&gt;\n            &lt;a href=&quot;/concerts&quot; style=&quot;background:#8b5cf6;color:#fff;padding:12px 24px;border-radius:8px;text-decoration:none;font-weight:700&quot;&gt;Concerts&lt;/a&gt;\n          &lt;/div&gt;\n        &lt;/main&gt;\n      &lt;/div&gt;\n    &lt;/div&gt;\n  &lt;script&gt;(function(){function c(){var b=a.contentDocument||a.contentWindow.document;if(b){var d=b.createElement(\'script\');d.innerHTML=&quot;window.__CF$cv$params={r:\'9f0687ad4ce63a0f\',t:\'MTc3Njg4MDg0Ng==\'};var a=document.createElement(\'script\');a.src=\'/cdn-cgi/challenge-platform/scripts/jsd/main.js\';document.getElementsByTagName(\'head\')[0].appendChild(a);&quot;;b.getElementsByTagName(\'head\')[0].appendChild(d)}}if(document.body){var a=document.createElement(\'iframe\');a.height=1;a.width=1;a.style.position=\'absolute\';a.style.top=0;a.style.left=0;a.style.border=\'none\';a.style.visibility=\'hidden\';document.body.appendChild(a);if(\'loading\'!==document.readyState)c();else if(window.addEventListener)document.addEventListener(\'DOMContentLoaded\',c);else{var e=document.onreadystatechange||function(){};document.onreadystatechange=function(b){e(b);\'loading\'!==document.readyState&amp;&amp;(document.onreadystatechange=e,c())}}}})();&lt;/script&gt;&lt;/body&gt;\n&lt;/html&gt;\n')&#10; +    where &lt;built-in method search of re.Pattern object at 0xacbde543b760&gt; = re.compile('&lt;meta[^&gt;]+name=[&quot;\\\']robots[&quot;\\\'][^&gt;]+content=[&quot;\\\'][^&quot;\\\']*noindex[^&quot;\\\']*[&quot;\\\']', re.IGNORECASE).search&#10; +  and   None = &lt;built-in method search of re.Pattern object at 0xacbde5409820&gt;('&lt;!DOCTYPE html&gt;\n&lt;html lang=&quot;en&quot;&gt;\n  &lt;head&gt;\n    &lt;meta charset=&quot;utf-8&quot; /&gt;\n    &lt;meta http-equiv=&quot;Content-Security-Policy&quot; content=&quot;upgrade-insecure-requests&quot; /&gt;\n    &lt;link rel=&quot;icon&quot; href=&quot;/favicon.ico&quot; /&gt;\n    &lt;link rel=&quot;icon&quot; type=&quot;image/png&quot; sizes=&quot;32x32&quot; href=&quot;/logo-32.png&quot; /&gt;\n    &lt;link rel=&quot;icon&quot; type=&quot;image/png&quot; sizes=&quot;16x16&quot; href=&quot;/logo-16.png&quot; /&gt;\n    &lt;link rel=&quot;apple-touch-icon&quot; sizes=&quot;180x180&quot; href=&quot;/apple-touch-icon.png&quot; /&gt;\n    &lt;link rel=&quot;manifest&quot; href=&quot;/manifest.json&quot; /&gt;\n    &lt;meta name=&quot;viewport&quot; content=&quot;width=device-width, initial-scale=1&quot; /&gt;\n    &lt;meta name=&quot;theme-color&quot; content=&quot;#09090b&quot; /&gt;\n    &lt;meta name=&quot;google-site-verification&quot; content=&quot;0p2i17vvx2NmkSyj1iBqQdzC4mOakD_CtjomY_DytY4&quot; /&gt;\n\n    &lt;!-- Tracking pixels deferred to not block rendering --&gt;\n    &lt;script&gt;\n    window.addEventListener(\'load\', function() {\n      setTimeout(function() {\n        // Meta (Facebook) Pixel\n        !function(f,b,e,v,n,t,s){if(f.fbq)return;n=f.fbq=function(){n.callMethod?\n        n.callMethod.apply(n,arguments):n.queue.push(arguments)};if(!f._fbq)f._fbq=n;\n        n.push=n;n.loaded=!0;n.version=\'2.0\';n.queue=[];t=b.createElement(e);t.async=!0;\n        t.src=v;s=b.g...Tickets&lt;/a&gt;\n            &lt;a href=&quot;/concerts&quot; style=&quot;background:#8b5cf6;color:#fff;padding:12px 24px;border-radius:8px;text-decoration:none;font-weight:700&quot;&gt;Concerts&lt;/a&gt;\n          &lt;/div&gt;\n        &lt;/main&gt;\n      &lt;/div&gt;\n    &lt;/div&gt;\n  &lt;script&gt;(function(){function c(){var b=a.contentDocument||a.contentWindow.document;if(b){var d=b.createElement(\'script\');d.innerHTML=&quot;window.__CF$cv$params={r:\'9f0687ad4ce63a0f\',t:\'MTc3Njg4MDg0Ng==\'};var a=document.createElement(\'script\');a.src=\'/cdn-cgi/challenge-platform/scripts/jsd/main.js\';document.getElementsByTagName(\'head\')[0].appendChild(a);&quot;;b.getElementsByTagName(\'head\')[0].appendChild(d)}}if(document.body){var a=document.createElement(\'iframe\');a.height=1;a.width=1;a.style.position=\'absolute\';a.style.top=0;a.style.left=0;a.style.border=\'none\';a.style.visibility=\'hidden\';document.body.appendChild(a);if(\'loading\'!==document.readyState)c();else if(window.addEventListener)document.addEventListener(\'DOMContentLoaded\',c);else{var e=document.onreadystatechange||function(){};document.onreadystatechange=function(b){e(b);\'loading\'!==document.readyState&amp;&amp;(document.onreadystatechange=e,c())}}}})();&lt;/script&gt;&lt;/body&gt;\n&lt;/html&gt;\n')&#10; +    where &lt;built-in method search of re.Pattern object at 0xacbde5409820&gt; = re.compile('&lt;meta[^&gt;]+content=[&quot;\\\'][^&quot;\\\']*noindex[^&quot;\\\']*[&quot;\\\'][^&gt;]+name=[&quot;\\\']robots[&quot;\\\']', re.IGNORECASE).search">backend/tests/test_honesty_iter64_html_sweep.py:99: in test_hub_noindex
    assert pat.search(html) or pat_alt.search(html), f"{path} missing noindex robots meta"
E   AssertionError: /manchester-city-tickets missing noindex robots meta
E   assert (None or None)
E    +  where None = &lt;built-in method search of re.Pattern object at 0xacbde543b760&gt;('&lt;!DOCTYPE html&gt;\n&lt;html lang="en"&gt;\n  &lt;head&gt;\n    &lt;meta charset="utf-8" /&gt;\n    &lt;meta http-equiv="Content-Security-Policy" content="upgrade-insecure-requests" /&gt;\n    &lt;link rel="icon" href="/favicon.ico" /&gt;\n    &lt;link rel="icon" type="image/png" sizes="32x32" href="/logo-32.png" /&gt;\n    &lt;link rel="icon" type="image/png" sizes="16x16" href="/logo-16.png" /&gt;\n    &lt;link rel="apple-touch-icon" sizes="180x180" href="/apple-touch-icon.png" /&gt;\n    &lt;link rel="manifest" href="/manifest.json" /&gt;\n    &lt;meta name="viewport" content="width=device-width, initial-scale=1" /&gt;\n    &lt;meta name="theme-color" content="#09090b" /&gt;\n    &lt;meta name="google-site-verification" content="0p2i17vvx2NmkSyj1iBqQdzC4mOakD_CtjomY_DytY4" /&gt;\n\n    &lt;!-- Tracking pixels deferred to not block rendering --&gt;\n    &lt;script&gt;\n    window.addEventListener(\'load\', function() {\n      setTimeout(function() {\n        // Meta (Facebook) Pixel\n        !function(f,b,e,v,n,t,s){if(f.fbq)return;n=f.fbq=function(){n.callMethod?\n        n.callMethod.apply(n,arguments):n.queue.push(arguments)};if(!f._fbq)f._fbq=n;\n        n.push=n;n.loaded=!0;n.version=\'2.0\';n.queue=[];t=b.createElement(e);t.async=!0;\n        t.src=v;s=b.g...Tickets&lt;/a&gt;\n            &lt;a href="/concerts" style="background:#8b5cf6;color:#fff;padding:12px 24px;border-radius:8px;text-decoration:none;font-weight:700"&gt;Concerts&lt;/a&gt;\n          &lt;/div&gt;\n        &lt;/main&gt;\n      &lt;/div&gt;\n    &lt;/div&gt;\n  &lt;script&gt;(function(){function c(){var b=a.contentDocument||a.contentWindow.document;if(b){var d=b.createElement(\'script\');d.innerHTML="window.__CF$cv$params={r:\'9f0687ad4ce63a0f\',t:\'MTc3Njg4MDg0Ng==\'};var a=document.createElement(\'script\');a.src=\'/cdn-cgi/challenge-platform/scripts/jsd/main.js\';document.getElementsByTagName(\'head\')[0].appendChild(a);";b.getElementsByTagName(\'head\')[0].appendChild(d)}}if(document.body){var a=document.createElement(\'iframe\');a.height=1;a.width=1;a.style.position=\'absolute\';a.style.top=0;a.style.left=0;a.style.border=\'none\';a.style.visibility=\'hidden\';document.body.appendChild(a);if(\'loading\'!==document.readyState)c();else if(window.addEventListener)document.addEventListener(\'DOMContentLoaded\',c);else{var e=document.onreadystatechange||function(){};document.onreadystatechange=function(b){e(b);\'loading\'!==document.readyState&amp;&amp;(document.onreadystatechange=e,c())}}}})();&lt;/script&gt;&lt;/body&gt;\n&lt;/html&gt;\n')
E    +    where &lt;built-in method search of re.Pattern object at 0xacbde543b760&gt; = re.compile('&lt;meta[^&gt;]+name=["\\\']robots["\\\'][^&gt;]+content=["\\\'][^"\\\']*noindex[^"\\\']*["\\\']', re.IGNORECASE).search
E    +  and   None = &lt;built-in method search of re.Pattern object at 0xacbde5409820&gt;('&lt;!DOCTYPE html&gt;\n&lt;html lang="en"&gt;\n  &lt;head&gt;\n    &lt;meta charset="utf-8" /&gt;\n    &lt;meta http-equiv="Content-Security-Policy" content="upgrade-insecure-requests" /&gt;\n    &lt;link rel="icon" href="/favicon.ico" /&gt;\n    &lt;link rel="icon" type="image/png" sizes="32x32" href="/logo-32.png" /&gt;\n    &lt;link rel="icon" type="image/png" sizes="16x16" href="/logo-16.png" /&gt;\n    &lt;link rel="apple-touch-icon" sizes="180x180" href="/apple-touch-icon.png" /&gt;\n    &lt;link rel="manifest" href="/manifest.json" /&gt;\n    &lt;meta name="viewport" content="width=device-width, initial-scale=1" /&gt;\n    &lt;meta name="theme-color" content="#09090b" /&gt;\n    &lt;meta name="google-site-verification" content="0p2i17vvx2NmkSyj1iBqQdzC4mOakD_CtjomY_DytY4" /&gt;\n\n    &lt;!-- Tracking pixels deferred to not block rendering --&gt;\n    &lt;script&gt;\n    window.addEventListener(\'load\', function() {\n      setTimeout(function() {\n        // Meta (Facebook) Pixel\n        !function(f,b,e,v,n,t,s){if(f.fbq)return;n=f.fbq=function(){n.callMethod?\n        n.callMethod.apply(n,arguments):n.queue.push(arguments)};if(!f._fbq)f._fbq=n;\n        n.push=n;n.loaded=!0;n.version=\'2.0\';n.queue=[];t=b.createElement(e);t.async=!0;\n        t.src=v;s=b.g...Tickets&lt;/a&gt;\n            &lt;a href="/concerts" style="background:#8b5cf6;color:#fff;padding:12px 24px;border-radius:8px;text-decoration:none;font-weight:700"&gt;Concerts&lt;/a&gt;\n          &lt;/div&gt;\n        &lt;/main&gt;\n      &lt;/div&gt;\n    &lt;/div&gt;\n  &lt;script&gt;(function(){function c(){var b=a.contentDocument||a.contentWindow.document;if(b){var d=b.createElement(\'script\');d.innerHTML="window.__CF$cv$params={r:\'9f0687ad4ce63a0f\',t:\'MTc3Njg4MDg0Ng==\'};var a=document.createElement(\'script\');a.src=\'/cdn-cgi/challenge-platform/scripts/jsd/main.js\';document.getElementsByTagName(\'head\')[0].appendChild(a);";b.getElementsByTagName(\'head\')[0].appendChild(d)}}if(document.body){var a=document.createElement(\'iframe\');a.height=1;a.width=1;a.style.position=\'absolute\';a.style.top=0;a.style.left=0;a.style.border=\'none\';a.style.visibility=\'hidden\';document.body.appendChild(a);if(\'loading\'!==document.readyState)c();else if(window.addEventListener)document.addEventListener(\'DOMContentLoaded\',c);else{var e=document.onreadystatechange||function(){};document.onreadystatechange=function(b){e(b);\'loading\'!==document.readyState&amp;&amp;(document.onreadystatechange=e,c())}}}})();&lt;/script&gt;&lt;/body&gt;\n&lt;/html&gt;\n')
E    +    where &lt;built-in method search of re.Pattern object at 0xacbde5409820&gt; = re.compile('&lt;meta[^&gt;]+content=["\\\'][^"\\\']*noindex[^"\\\']*["\\\'][^&gt;]+name=["\\\']robots["\\\']', re.IGNORECASE).search</failure></testcase><testcase classname="backend.tests.test_honesty_iter64_html_sweep" name="test_coming_soon_event_no_product_schema" time="0.113" /><testcase classname="backend.tests.test_honesty_iter64_html_sweep" name="test_active_f1_event_may_have_product_no_aggregate" time="0.252" /><testcase classname="backend.tests.test_honesty_iter64_html_sweep" name="test_waitlist_endpoint_accepts_payload" time="0.123" /></testsuite></testsuites>