<?xml version="1.0" encoding="utf-8"?><testsuites name="pytest tests"><testsuite name="pytest" errors="0" failures="0" skipped="0" tests="19" time="2.796" timestamp="2026-03-20T01:12:45.595084+00:00" hostname="agent-env-c6ef070c-5e8b-4603-9828-1011a60b694c"><testcase classname="backend.tests.test_spanish_german_seo.TestSitemapSpanishGermanURLs" name="test_sitemap_returns_200" time="0.221" /><testcase classname="backend.tests.test_spanish_german_seo.TestSitemapSpanishGermanURLs" name="test_sitemap_contains_spanish_pages" time="0.144" /><testcase classname="backend.tests.test_spanish_german_seo.TestSitemapSpanishGermanURLs" name="test_sitemap_contains_german_pages" time="0.114" /><testcase classname="backend.tests.test_spanish_german_seo.TestSitemapSpanishGermanURLs" name="test_sitemap_spanish_pages_have_weekly_frequency" time="0.184" /><testcase classname="backend.tests.test_spanish_german_seo.TestSitemapSpanishGermanURLs" name="test_sitemap_german_pages_have_weekly_frequency" time="0.169" /><testcase classname="backend.tests.test_spanish_german_seo.TestSpanishLandingPages" name="test_spanish_main_page_loads" time="0.135" /><testcase classname="backend.tests.test_spanish_german_seo.TestSpanishLandingPages" name="test_spanish_champions_league_page_loads" time="0.107" /><testcase classname="backend.tests.test_spanish_german_seo.TestSpanishLandingPages" name="test_spanish_f1_page_loads" time="0.156" /><testcase classname="backend.tests.test_spanish_german_seo.TestSpanishLandingPages" name="test_spanish_concerts_page_loads" time="0.100" /><testcase classname="backend.tests.test_spanish_german_seo.TestSpanishLandingPages" name="test_spanish_world_cup_page_loads" time="0.110" /><testcase classname="backend.tests.test_spanish_german_seo.TestGermanLandingPages" name="test_german_main_page_loads" time="0.111" /><testcase classname="backend.tests.test_spanish_german_seo.TestGermanLandingPages" name="test_german_champions_league_page_loads" time="0.114" /><testcase classname="backend.tests.test_spanish_german_seo.TestGermanLandingPages" name="test_german_f1_page_loads" time="0.121" /><testcase classname="backend.tests.test_spanish_german_seo.TestGermanLandingPages" name="test_german_bundesliga_page_loads" time="0.147" /><testcase classname="backend.tests.test_spanish_german_seo.TestGermanLandingPages" name="test_german_concerts_page_loads" time="0.164" /><testcase classname="backend.tests.test_spanish_german_seo.TestGermanLandingPages" name="test_german_world_cup_page_loads" time="0.183" /><testcase classname="backend.tests.test_spanish_german_seo.TestMotorsportEventForAnimations" name="test_motogp_event_loads" time="0.174" /><testcase classname="backend.tests.test_spanish_german_seo.TestMotorsportEventForAnimations" name="test_motogp_event_detail_page_loads" time="0.112" /><testcase classname="backend.tests.test_spanish_german_seo.TestCSSAnimationsExist" name="test_homepage_loads_with_css" time="0.151" /></testsuite></testsuites>