<?xml version="1.0" encoding="utf-8"?><testsuites name="pytest tests"><testsuite name="pytest" errors="0" failures="0" skipped="0" tests="12" time="2.351" timestamp="2026-03-30T10:41:31.148005+00:00" hostname="agent-env-2f4aa8f6-d5d5-4e93-a71f-0d0b194e3946"><testcase classname="tests.test_seo_meta_tags.TestSEOPageMetaAPI" name="test_homepage_meta" time="0.228" /><testcase classname="tests.test_seo_meta_tags.TestSEOPageMetaAPI" name="test_champions_league_meta" time="0.119" /><testcase classname="tests.test_seo_meta_tags.TestSEOPageMetaAPI" name="test_f1_tickets_meta" time="0.105" /><testcase classname="tests.test_seo_meta_tags.TestSEOPageMetaAPI" name="test_real_madrid_meta" time="0.098" /><testcase classname="tests.test_seo_meta_tags.TestSEOPageMetaAPI" name="test_about_page_meta" time="0.097" /><testcase classname="tests.test_seo_meta_tags.TestSEOPageMetaAPI" name="test_spanish_page_meta_fallback" time="0.099" /><testcase classname="tests.test_seo_meta_tags.TestSEOPageMetaAPI" name="test_german_page_meta_fallback" time="0.102" /><testcase classname="tests.test_seo_meta_tags.TestSEOPageMetaAPI" name="test_all_pages_have_unique_canonicals" time="0.619" /><testcase classname="tests.test_seo_meta_tags.TestSEOPageMetaAPI" name="test_no_generic_titles" time="0.526" /><testcase classname="tests.test_seo_meta_tags.TestSitemapEndpoints" name="test_sitemap_xml" time="0.103" /><testcase classname="tests.test_seo_meta_tags.TestSitemapEndpoints" name="test_sitemap_index" time="0.098" /><testcase classname="tests.test_seo_meta_tags.TestSitemapEndpoints" name="test_robots_txt" time="0.092" /></testsuite></testsuites>