<?xml version="1.0" encoding="utf-8"?><testsuites name="pytest tests"><testsuite name="pytest" errors="0" failures="0" skipped="0" tests="14" time="2.079" timestamp="2026-02-21T13:05:07.695852+00:00" hostname="agent-env-3af01d3a-3273-460e-9d06-d26549755a8e"><testcase classname="tests.test_backend_api.TestHealthAndBasicEndpoints" name="test_api_root" time="0.256" /><testcase classname="tests.test_backend_api.TestHealthAndBasicEndpoints" name="test_sitemap_xml" time="0.132" /><testcase classname="tests.test_backend_api.TestHealthAndBasicEndpoints" name="test_robots_txt" time="0.110" /><testcase classname="tests.test_backend_api.TestEventsEndpoints" name="test_get_all_events" time="0.207" /><testcase classname="tests.test_backend_api.TestEventsEndpoints" name="test_get_featured_events" time="0.159" /><testcase classname="tests.test_backend_api.TestEventsEndpoints" name="test_get_concert_events" time="0.183" /><testcase classname="tests.test_backend_api.TestEventsEndpoints" name="test_get_match_events" time="0.137" /><testcase classname="tests.test_backend_api.TestEventDetailsEndpoints" name="test_get_concert_event_details" time="0.116" /><testcase classname="tests.test_backend_api.TestEventDetailsEndpoints" name="test_get_match_event_details" time="0.113" /><testcase classname="tests.test_backend_api.TestEventDetailsEndpoints" name="test_event_not_found" time="0.098" /><testcase classname="tests.test_backend_api.TestTicketsEndpoints" name="test_get_tickets_for_event" time="0.104" /><testcase classname="tests.test_backend_api.TestAuthEndpoints" name="test_auth_me_unauthenticated" time="0.103" /><testcase classname="tests.test_backend_api.TestDataIntegrity" name="test_event_has_required_fields" time="0.171" /><testcase classname="tests.test_backend_api.TestDataIntegrity" name="test_ticket_has_required_fields" time="0.118" /></testsuite></testsuites>