<?xml version="1.0" encoding="utf-8"?><testsuites name="pytest tests"><testsuite name="pytest" errors="0" failures="0" skipped="0" tests="19" time="5.458" timestamp="2026-03-12T10:59:05.972309+00:00" hostname="agent-env-a1ad79fe-2936-4958-9294-1a8cd19f5f67"><testcase classname="tests.test_sell_tickets.TestHealthAndSetup" name="test_api_health" time="0.141" /><testcase classname="tests.test_sell_tickets.TestHealthAndSetup" name="test_auth_check_without_token" time="0.106" /><testcase classname="tests.test_sell_tickets.TestHealthAndSetup" name="test_auth_check_with_token" time="0.239" /><testcase classname="tests.test_sell_tickets.TestListTicketsEndpoint" name="test_list_tickets_missing_auth" time="0.119" /><testcase classname="tests.test_sell_tickets.TestListTicketsEndpoint" name="test_list_tickets_minimal_fields" time="0.110" /><testcase classname="tests.test_sell_tickets.TestListTicketsEndpoint" name="test_list_tickets_all_fields" time="0.125" /><testcase classname="tests.test_sell_tickets.TestListTicketsEndpoint" name="test_list_tickets_with_file_upload" time="0.108" /><testcase classname="tests.test_sell_tickets.TestListTicketsEndpoint" name="test_list_tickets_invalid_file_type" time="0.101" /><testcase classname="tests.test_sell_tickets.TestListTicketsEndpoint" name="test_list_tickets_missing_required_fields" time="0.112" /><testcase classname="tests.test_sell_tickets.TestGetSellerListings" name="test_get_listings_no_auth" time="0.106" /><testcase classname="tests.test_sell_tickets.TestGetSellerListings" name="test_get_listings_with_auth" time="0.281" /><testcase classname="tests.test_sell_tickets.TestGetSellerListings" name="test_listings_contain_test_data" time="0.426" /><testcase classname="tests.test_sell_tickets.TestRecentListings" name="test_recent_listings_public" time="0.107" /><testcase classname="tests.test_sell_tickets.TestRecentListings" name="test_recent_listings_structure" time="0.105" /><testcase classname="tests.test_sell_tickets.TestDeleteListing" name="test_delete_listing_no_auth" time="0.115" /><testcase classname="tests.test_sell_tickets.TestDeleteListing" name="test_delete_nonexistent_listing" time="0.104" /><testcase classname="tests.test_sell_tickets.TestDeleteListing" name="test_delete_listing_success" time="0.528" /><testcase classname="tests.test_sell_tickets.TestFullListingFlow" name="test_full_listing_workflow" time="0.675" /><testcase classname="tests.test_sell_tickets.TestCleanup" name="test_cleanup_test_listings" time="1.790" /></testsuite></testsuites>