<?xml version="1.0" encoding="utf-8"?><testsuites name="pytest tests"><testsuite name="pytest" errors="0" failures="0" skipped="0" tests="17" time="2.450" timestamp="2026-03-31T21:22:24.348820+00:00" hostname="agent-env-2f4aa8f6-d5d5-4e93-a71f-0d0b194e3946"><testcase classname="backend.tests.test_programmatic_seo_pages.TestProgrammaticSEOPages" name="test_f1_tickets_london_2026" time="0.147" /><testcase classname="backend.tests.test_programmatic_seo_pages.TestProgrammaticSEOPages" name="test_buy_manchester_united_tickets" time="0.138" /><testcase classname="backend.tests.test_programmatic_seo_pages.TestProgrammaticSEOPages" name="test_world_cup_2026_tickets_miami" time="0.115" /><testcase classname="backend.tests.test_programmatic_seo_pages.TestProgrammaticSEOPages" name="test_concert_tickets_berlin_2026" time="0.103" /><testcase classname="backend.tests.test_programmatic_seo_pages.TestProgrammaticSEOPages" name="test_champions_league_tickets_madrid" time="0.107" /><testcase classname="backend.tests.test_programmatic_seo_pages.TestProgrammaticSEOPages" name="test_cheap_f1_tickets_2026" time="0.118" /><testcase classname="backend.tests.test_programmatic_seo_pages.TestProgrammaticPageDataQuality" name="test_page_has_unique_content" time="0.408" /><testcase classname="backend.tests.test_programmatic_seo_pages.TestProgrammaticPageDataQuality" name="test_page_has_correct_price_data" time="0.119" /><testcase classname="backend.tests.test_programmatic_seo_pages.TestProgrammaticPageDataQuality" name="test_page_has_3_faqs" time="0.126" /><testcase classname="backend.tests.test_programmatic_seo_pages.TestSitemapIncludesProgrammaticPages" name="test_sitemap_includes_f1_london" time="0.133" /><testcase classname="backend.tests.test_programmatic_seo_pages.TestSitemapIncludesProgrammaticPages" name="test_sitemap_includes_world_cup_miami" time="0.117" /><testcase classname="backend.tests.test_programmatic_seo_pages.TestSitemapIncludesProgrammaticPages" name="test_sitemap_includes_concert_berlin" time="0.125" /><testcase classname="backend.tests.test_programmatic_seo_pages.TestAdditionalProgrammaticPages" name="test_f1_barcelona_2026" time="0.158" /><testcase classname="backend.tests.test_programmatic_seo_pages.TestAdditionalProgrammaticPages" name="test_football_tickets_madrid" time="0.119" /><testcase classname="backend.tests.test_programmatic_seo_pages.TestAdditionalProgrammaticPages" name="test_buy_chelsea_fc_tickets" time="0.111" /><testcase classname="backend.tests.test_programmatic_seo_pages.TestAdditionalProgrammaticPages" name="test_premier_league_tickets_2026" time="0.124" /><testcase classname="backend.tests.test_programmatic_seo_pages.TestSEOPageStats" name="test_seo_stats_shows_programmatic_pages" time="0.122" /></testsuite></testsuites>