<?xml version="1.0" encoding="utf-8"?><testsuites name="pytest tests"><testsuite name="pytest" errors="0" failures="0" skipped="0" tests="11" time="3.909" timestamp="2026-03-14T07:14:33.022730+00:00" hostname="agent-env-aa8d5fa3-e3ae-4e86-a129-cc80d7b77478"><testcase classname="backend.tests.test_content_generation.TestContentStats" name="test_content_stats_returns_200" time="1.316" /><testcase classname="backend.tests.test_content_generation.TestContentGenerationStatus" name="test_generation_status_returns_200" time="0.106" /><testcase classname="backend.tests.test_content_generation.TestBatchContentGeneration" name="test_generate_content_batch" time="0.312" /><testcase classname="backend.tests.test_content_generation.TestSinglePageGeneration" name="test_generate_single_page_valid_slug" time="0.304" /><testcase classname="backend.tests.test_content_generation.TestSinglePageGeneration" name="test_generate_single_page_invalid_slug" time="0.101" /><testcase classname="backend.tests.test_content_generation.TestBulkContentGeneration" name="test_bulk_generation_starts" time="0.101" /><testcase classname="backend.tests.test_content_generation.TestSEOPagesAPI" name="test_get_seo_pages_paginated" time="0.103" /><testcase classname="backend.tests.test_content_generation.TestSEOPagesAPI" name="test_get_seo_pages_filter_by_category" time="0.138" /><testcase classname="backend.tests.test_content_generation.TestSEOPagesAPI" name="test_get_specific_seo_page" time="0.096" /><testcase classname="backend.tests.test_content_generation.TestSEOPagesAPI" name="test_get_nonexistent_page_returns_404" time="0.112" /><testcase classname="backend.tests.test_content_generation.TestAIGeneratedPageContent" name="test_ai_generated_page_has_content_fields" time="1.140" /></testsuite></testsuites>