<?xml version="1.0" encoding="utf-8"?><testsuites name="pytest tests"><testsuite name="pytest" errors="0" failures="0" skipped="0" tests="5" time="2.811" timestamp="2026-04-21T11:18:45.961043+00:00" hostname="agent-env-2f4aa8f6-d5d5-4e93-a71f-0d0b194e3946"><testcase classname="backend.tests.test_iteration_54.TestLeadIdempotency" name="test_duplicate_capture_does_not_inflate_lead_count" time="1.145" /><testcase classname="backend.tests.test_iteration_54.TestLeadIdempotency" name="test_new_email_does_increment" time="0.865" /><testcase classname="backend.tests.test_iteration_54.TestGrowthEnginePages" name="test_growth_pages_status" time="0.529" /><testcase classname="backend.tests.test_iteration_54.TestGrowthEnginePages" name="test_justin_bieber_page_status" time="0.104" /><testcase classname="backend.tests.test_iteration_54.TestGrowthEnginePages" name="test_justin_bieber_raw_html_has_no_static_robots_meta" time="0.108" /></testsuite></testsuites>