<?xml version="1.0" encoding="utf-8"?><testsuites name="pytest tests"><testsuite name="pytest" errors="0" failures="0" skipped="0" tests="12" time="2.183" timestamp="2026-04-14T08:54:42.757273+00:00" hostname="agent-env-2f4aa8f6-d5d5-4e93-a71f-0d0b194e3946"><testcase classname="backend.tests.test_event_dates_search.TestEventSearch" name="test_search_justin_bieber_returns_one_result" time="0.282" /><testcase classname="backend.tests.test_event_dates_search.TestEventSearch" name="test_search_monaco_returns_monaco_gp" time="0.130" /><testcase classname="backend.tests.test_event_dates_search.TestF1Events" name="test_f1_filter_returns_f1_events" time="0.141" /><testcase classname="backend.tests.test_event_dates_search.TestF1Events" name="test_f1_events_no_script_timestamps" time="0.158" /><testcase classname="backend.tests.test_event_dates_search.TestF1Events" name="test_belgian_gp_date_august_30" time="0.135" /><testcase classname="backend.tests.test_event_dates_search.TestNoDuplicates" name="test_no_duplicate_titles" time="0.153" /><testcase classname="backend.tests.test_event_dates_search.TestNoDuplicates" name="test_el_clasico_exists_once" time="0.137" /><testcase classname="backend.tests.test_event_dates_search.TestWorldCupEvents" name="test_world_cup_events_clean_times" time="0.142" /><testcase classname="backend.tests.test_event_dates_search.TestAllEventsNoScriptTimestamps" name="test_no_events_with_script_timestamps" time="0.155" /><testcase classname="backend.tests.test_event_dates_search.TestJustinBieberPage" name="test_justin_bieber_page_loads" time="0.179" /><testcase classname="backend.tests.test_event_dates_search.TestClearFilters" name="test_events_without_filters" time="0.195" /><testcase classname="backend.tests.test_event_dates_search.TestClearFilters" name="test_events_with_search_then_clear" time="0.304" /></testsuite></testsuites>