<?xml version="1.0" encoding="utf-8"?><testsuites name="pytest tests"><testsuite name="pytest" errors="0" failures="0" skipped="0" tests="11" time="1.752" timestamp="2026-03-12T20:18:16.571544+00:00" hostname="agent-env-6165c03c-b794-4734-8e8e-6933f1cef28a"><testcase classname="backend.tests.test_google_auth.TestGoogleAuthEndpoint" name="test_google_auth_missing_code" time="0.172" /><testcase classname="backend.tests.test_google_auth.TestGoogleAuthEndpoint" name="test_google_auth_missing_redirect_uri" time="0.114" /><testcase classname="backend.tests.test_google_auth.TestGoogleAuthEndpoint" name="test_google_auth_missing_both" time="0.138" /><testcase classname="backend.tests.test_google_auth.TestGoogleAuthEndpoint" name="test_google_auth_invalid_code" time="0.195" /><testcase classname="backend.tests.test_google_auth.TestLegacySessionEndpoint" name="test_session_endpoint_exists" time="0.169" /><testcase classname="backend.tests.test_google_auth.TestLegacySessionEndpoint" name="test_session_missing_session_id" time="0.160" /><testcase classname="backend.tests.test_google_auth.TestLegacySessionEndpoint" name="test_session_invalid_session_id" time="0.234" /><testcase classname="backend.tests.test_google_auth.TestAuthMeEndpoint" name="test_auth_me_unauthorized" time="0.157" /><testcase classname="backend.tests.test_google_auth.TestAuthMeEndpoint" name="test_auth_me_invalid_token" time="0.114" /><testcase classname="backend.tests.test_google_auth.TestLogoutEndpoint" name="test_logout_works_without_session" time="0.125" /><testcase classname="backend.tests.test_google_auth.TestLogoutEndpoint" name="test_logout_returns_success" time="0.112" /></testsuite></testsuites>