<?xml version="1.0" encoding="utf-8"?><testsuites name="pytest tests"><testsuite name="pytest" errors="0" failures="0" skipped="0" tests="13" time="1.806" timestamp="2026-03-12T11:04:25.313636+00:00" hostname="agent-env-a1ad79fe-2936-4958-9294-1a8cd19f5f67"><testcase classname="backend.tests.test_reviews_api.TestReviewsAPI" name="test_post_review_success" time="0.240" /><testcase classname="backend.tests.test_reviews_api.TestReviewsAPI" name="test_post_review_min_rating" time="0.107" /><testcase classname="backend.tests.test_reviews_api.TestReviewsAPI" name="test_post_review_max_rating" time="0.110" /><testcase classname="backend.tests.test_reviews_api.TestReviewsAPI" name="test_post_review_invalid_rating_too_high" time="0.111" /><testcase classname="backend.tests.test_reviews_api.TestReviewsAPI" name="test_post_review_invalid_rating_too_low" time="0.103" /><testcase classname="backend.tests.test_reviews_api.TestReviewsAPI" name="test_post_review_missing_required_fields" time="0.102" /><testcase classname="backend.tests.test_reviews_api.TestReviewsAPI" name="test_post_review_optional_email" time="0.102" /><testcase classname="backend.tests.test_reviews_api.TestReviewsAPI" name="test_get_reviews_pending" time="0.112" /><testcase classname="backend.tests.test_reviews_api.TestReviewsAPI" name="test_get_reviews_approved" time="0.102" /><testcase classname="backend.tests.test_reviews_api.TestReviewsAPI" name="test_get_reviews_default_status" time="0.107" /><testcase classname="backend.tests.test_reviews_api.TestReviewsAPI" name="test_get_reviews_with_limit" time="0.100" /><testcase classname="backend.tests.test_reviews_api.TestReviewsAPI" name="test_review_data_structure" time="0.223" /><testcase classname="backend.tests.test_reviews_api.TestReviewsIntegration" name="test_full_review_submission_flow" time="0.221" /></testsuite></testsuites>