<?xml version="1.0" encoding="utf-8"?><testsuites name="pytest tests"><testsuite name="pytest" errors="0" failures="0" skipped="0" tests="21" time="2.479" timestamp="2026-03-31T12:42:08.239486+00:00" hostname="agent-env-2f4aa8f6-d5d5-4e93-a71f-0d0b194e3946"><testcase classname="backend.tests.test_seo_canonical.TestSEOBackendAPI" name="test_indexing_status_endpoint" time="0.158" /><testcase classname="backend.tests.test_seo_canonical.TestSEOBackendAPI" name="test_seo_page_active" time="0.110" /><testcase classname="backend.tests.test_seo_canonical.TestSEOBackendAPI" name="test_seo_page_not_found" time="0.112" /><testcase classname="backend.tests.test_seo_canonical.TestSEOBackendAPI" name="test_seo_pages_list" time="0.110" /><testcase classname="backend.tests.test_seo_canonical.TestSEOBackendAPI" name="test_seo_stats" time="0.104" /><testcase classname="backend.tests.test_seo_canonical.TestSEOBackendAPI" name="test_sitemap_xml" time="0.167" /><testcase classname="backend.tests.test_seo_canonical.TestSEOBackendAPI" name="test_robots_txt" time="0.116" /><testcase classname="backend.tests.test_seo_canonical.TestStaticHTMLCanonical" name="test_homepage_has_canonical_tag" time="0.109" /><testcase classname="backend.tests.test_seo_canonical.TestStaticHTMLCanonical" name="test_homepage_has_robots_meta" time="0.113" /><testcase classname="backend.tests.test_seo_canonical.TestStaticHTMLCanonical" name="test_static_html_has_vanilla_js_seo" time="0.117" /><testcase classname="backend.tests.test_seo_canonical.TestPageSpecificCanonical" name="test_champions_league_page_loads" time="0.106" /><testcase classname="backend.tests.test_seo_canonical.TestPageSpecificCanonical" name="test_f1_tickets_page_loads" time="0.102" /><testcase classname="backend.tests.test_seo_canonical.TestPageSpecificCanonical" name="test_spanish_page_loads" time="0.104" /><testcase classname="backend.tests.test_seo_canonical.TestPageSpecificCanonical" name="test_german_page_loads" time="0.097" /><testcase classname="backend.tests.test_seo_canonical.TestPageSpecificCanonical" name="test_world_cup_page_loads" time="0.114" /><testcase classname="backend.tests.test_seo_canonical.TestPageSpecificCanonical" name="test_bayern_munich_page_loads" time="0.108" /><testcase classname="backend.tests.test_seo_canonical.Test2025PagesNoIndex" name="test_2025_page_detection_in_js" time="0.119" /><testcase classname="backend.tests.test_seo_canonical.TestHreflangTags" name="test_homepage_has_hreflang_logic" time="0.108" /><testcase classname="backend.tests.test_seo_canonical.TestSEOPageMeta" name="test_page_meta_homepage" time="0.100" /><testcase classname="backend.tests.test_seo_canonical.TestSEOPageMeta" name="test_page_meta_f1_tickets" time="0.101" /><testcase classname="backend.tests.test_seo_canonical.TestSEOPageMeta" name="test_page_meta_spanish" time="0.114" /></testsuite></testsuites>