<?xml version="1.0" encoding="utf-8"?><testsuites name="pytest tests"><testsuite name="pytest" errors="0" failures="0" skipped="0" tests="4" time="0.729" timestamp="2026-03-17T23:21:22.774243+00:00" hostname="agent-env-6a4bab7c-40d2-4c8b-af65-d2490d8cacde"><testcase classname="backend.tests.test_checkout_endpoint.TestCheckoutEndpoint" name="test_checkout_missing_params_returns_401_or_400" time="0.208" /><testcase classname="backend.tests.test_checkout_endpoint.TestCheckoutEndpoint" name="test_checkout_with_partial_params_returns_error" time="0.143" /><testcase classname="backend.tests.test_checkout_endpoint.TestEventsAPI" name="test_event_exists" time="0.158" /><testcase classname="backend.tests.test_checkout_endpoint.TestEventsAPI" name="test_event_has_required_fields_for_checkout" time="0.172" /></testsuite></testsuites>