<?xml version="1.0" encoding="utf-8"?><testsuites name="pytest tests"><testsuite name="pytest" errors="0" failures="0" skipped="0" tests="17" time="2.782" timestamp="2026-03-12T22:03:47.624343+00:00" hostname="agent-env-6165c03c-b794-4734-8e8e-6933f1cef28a"><testcase classname="backend.tests.test_seo_and_images.TestLogoAndManifest" name="test_favicon_exists" time="0.212" /><testcase classname="backend.tests.test_seo_and_images.TestLogoAndManifest" name="test_logo_32_exists" time="0.179" /><testcase classname="backend.tests.test_seo_and_images.TestLogoAndManifest" name="test_logo_192_exists" time="0.143" /><testcase classname="backend.tests.test_seo_and_images.TestLogoAndManifest" name="test_logo_512_exists" time="0.224" /><testcase classname="backend.tests.test_seo_and_images.TestLogoAndManifest" name="test_og_image_exists" time="0.120" /><testcase classname="backend.tests.test_seo_and_images.TestLogoAndManifest" name="test_apple_touch_icon_exists" time="0.170" /><testcase classname="backend.tests.test_seo_and_images.TestLogoAndManifest" name="test_manifest_json_exists" time="0.122" /><testcase classname="backend.tests.test_seo_and_images.TestLogoAndManifest" name="test_manifest_has_icons" time="0.111" /><testcase classname="backend.tests.test_seo_and_images.TestBackendCacheAndCompression" name="test_api_events_returns_data" time="0.178" /><testcase classname="backend.tests.test_seo_and_images.TestBackendCacheAndCompression" name="test_api_has_gzip_support" time="0.239" /><testcase classname="backend.tests.test_seo_and_images.TestBackendCacheAndCompression" name="test_sitemap_index_accessible" time="0.127" /><testcase classname="backend.tests.test_seo_and_images.TestHeroImages" name="test_f1_red_image_exists" time="0.139" /><testcase classname="backend.tests.test_seo_and_images.TestHeroImages" name="test_f1_red_webp_exists" time="0.144" /><testcase classname="backend.tests.test_seo_and_images.TestHeroImages" name="test_football_stadium_image_exists" time="0.147" /><testcase classname="backend.tests.test_seo_and_images.TestHeroImages" name="test_concert_purple_image_exists" time="0.170" /><testcase classname="backend.tests.test_seo_and_images.TestHeroImages" name="test_motogp_orange_image_exists" time="0.139" /><testcase classname="backend.tests.test_seo_and_images.TestHeroImages" name="test_worldcup_trophy_image_exists" time="0.152" /></testsuite></testsuites>