<?xml version="1.0" encoding="utf-8"?><testsuites name="pytest tests"><testsuite name="pytest" errors="0" failures="0" skipped="0" tests="18" time="3.035" timestamp="2026-03-13T06:45:10.844824+00:00" hostname="agent-env-5c0bc5c6-c0f2-4c48-9acf-c7c1796bb5c4"><testcase classname="backend.tests.test_auth_and_homepage.TestAuthEndpoints" name="test_auth_session_missing_session_id" time="0.261" /><testcase classname="backend.tests.test_auth_and_homepage.TestAuthEndpoints" name="test_auth_session_invalid_session_id" time="0.229" /><testcase classname="backend.tests.test_auth_and_homepage.TestAuthEndpoints" name="test_auth_me_unauthenticated" time="0.122" /><testcase classname="backend.tests.test_auth_and_homepage.TestAuthEndpoints" name="test_auth_me_invalid_token" time="0.101" /><testcase classname="backend.tests.test_auth_and_homepage.TestAuthEndpoints" name="test_auth_logout_without_session" time="0.111" /><testcase classname="backend.tests.test_auth_and_homepage.TestEventsAPI" name="test_events_endpoint_returns_200" time="0.152" /><testcase classname="backend.tests.test_auth_and_homepage.TestEventsAPI" name="test_events_filter_by_type_concert" time="0.142" /><testcase classname="backend.tests.test_auth_and_homepage.TestEventsAPI" name="test_events_filter_by_type_match" time="0.147" /><testcase classname="backend.tests.test_auth_and_homepage.TestEventsAPI" name="test_events_featured_filter" time="0.148" /><testcase classname="backend.tests.test_auth_and_homepage.TestSEOEndpoints" name="test_sitemap_returns_xml" time="0.129" /><testcase classname="backend.tests.test_auth_and_homepage.TestSEOEndpoints" name="test_robots_txt" time="0.124" /><testcase classname="backend.tests.test_auth_and_homepage.TestSEOEndpoints" name="test_seo_internal_links_match" time="0.102" /><testcase classname="backend.tests.test_auth_and_homepage.TestSEOEndpoints" name="test_seo_internal_links_concert" time="0.114" /><testcase classname="backend.tests.test_auth_and_homepage.TestHomepageHeroImages" name="test_local_hero_image_exists" time="0.423" /><testcase classname="backend.tests.test_auth_and_homepage.TestHomepageHeroImages" name="test_football_hero_image_exists" time="0.220" /><testcase classname="backend.tests.test_auth_and_homepage.TestHomepageHeroImages" name="test_concert_hero_image_exists" time="0.101" /><testcase classname="backend.tests.test_auth_and_homepage.TestAPIHealth" name="test_api_is_reachable" time="0.148" /><testcase classname="backend.tests.test_auth_and_homepage.TestAPIHealth" name="test_seed_endpoint" time="0.189" /></testsuite></testsuites>