<?xml version="1.0" encoding="utf-8"?><testsuites name="pytest tests"><testsuite name="pytest" errors="0" failures="0" skipped="0" tests="26" time="3.996" timestamp="2026-03-30T11:04:39.724170+00:00" hostname="agent-env-2f4aa8f6-d5d5-4e93-a71f-0d0b194e3946"><testcase classname="backend.tests.test_sitemap_system.TestSitemapIndex" name="test_sitemap_index_returns_valid_xml" time="0.146" /><testcase classname="backend.tests.test_sitemap_system.TestSitemapIndex" name="test_sitemap_index_has_9_child_sitemaps" time="0.105" /><testcase classname="backend.tests.test_sitemap_system.TestSitemapIndex" name="test_sitemap_index_uses_correct_domain" time="0.098" /><testcase classname="backend.tests.test_sitemap_system.TestChildSitemaps" name="test_child_sitemap_is_valid_xml[sitemap-core.xml]" time="0.098" /><testcase classname="backend.tests.test_sitemap_system.TestChildSitemaps" name="test_child_sitemap_is_valid_xml[sitemap-f1-motorsport.xml]" time="0.116" /><testcase classname="backend.tests.test_sitemap_system.TestChildSitemaps" name="test_child_sitemap_is_valid_xml[sitemap-football.xml]" time="0.096" /><testcase classname="backend.tests.test_sitemap_system.TestChildSitemaps" name="test_child_sitemap_is_valid_xml[sitemap-concerts.xml]" time="0.109" /><testcase classname="backend.tests.test_sitemap_system.TestChildSitemaps" name="test_child_sitemap_is_valid_xml[sitemap-worldcup.xml]" time="0.106" /><testcase classname="backend.tests.test_sitemap_system.TestChildSitemaps" name="test_child_sitemap_is_valid_xml[sitemap-city-regional.xml]" time="0.109" /><testcase classname="backend.tests.test_sitemap_system.TestChildSitemaps" name="test_child_sitemap_is_valid_xml[sitemap-events.xml]" time="0.110" /><testcase classname="backend.tests.test_sitemap_system.TestChildSitemaps" name="test_child_sitemap_is_valid_xml[sitemap-international.xml]" time="0.104" /><testcase classname="backend.tests.test_sitemap_system.TestChildSitemaps" name="test_child_sitemap_is_valid_xml[sitemap-guides.xml]" time="0.096" /><testcase classname="backend.tests.test_sitemap_system.TestCoreSitemap" name="test_homepage_has_priority_1_and_hourly_changefreq" time="0.097" /><testcase classname="backend.tests.test_sitemap_system.TestCoreSitemap" name="test_homepage_has_hreflang_annotations" time="0.101" /><testcase classname="backend.tests.test_sitemap_system.TestInternationalSitemap" name="test_international_sitemap_has_hreflang_annotations" time="0.094" /><testcase classname="backend.tests.test_sitemap_system.TestInternationalSitemap" name="test_hreflang_is_bidirectional" time="0.091" /><testcase classname="backend.tests.test_sitemap_system.TestEventsSitemap" name="test_events_sitemap_has_image_tags" time="0.100" /><testcase classname="backend.tests.test_sitemap_system.TestEventsSitemap" name="test_events_have_image_titles" time="0.290" /><testcase classname="backend.tests.test_sitemap_system.TestURLDeduplication" name="test_no_duplicate_urls_across_sitemaps" time="0.928" /><testcase classname="backend.tests.test_sitemap_system.TestURLDeduplication" name="test_total_urls_approximately_2125" time="0.097" /><testcase classname="backend.tests.test_sitemap_system.TestSitemapAPI" name="test_sitemap_status_endpoint" time="0.113" /><testcase classname="backend.tests.test_sitemap_system.TestSitemapAPI" name="test_sitemap_regenerate_endpoint" time="0.109" /><testcase classname="backend.tests.test_sitemap_system.TestURLDomain" name="test_all_urls_use_euromatchtickets_domain" time="0.304" /><testcase classname="backend.tests.test_sitemap_system.TestXMLStructure" name="test_sitemaps_have_required_elements" time="0.123" /><testcase classname="backend.tests.test_sitemap_system.TestXMLStructure" name="test_priority_values_are_valid" time="0.097" /><testcase classname="backend.tests.test_sitemap_system.TestXMLStructure" name="test_changefreq_values_are_valid" time="0.096" /></testsuite></testsuites>