<?xml version="1.0" encoding="utf-8"?><testsuites name="pytest tests"><testsuite name="pytest" errors="0" failures="0" skipped="0" tests="9" time="3.448" timestamp="2026-03-17T21:10:43.801966+00:00" hostname="agent-env-c6713879-8aa1-425a-85f4-ae0d535540eb"><testcase classname="backend.tests.test_alerts.TestAlertsAPI" name="test_health_check" time="0.182" /><testcase classname="backend.tests.test_alerts.TestAlertsAPI" name="test_subscribe_success" time="0.514" /><testcase classname="backend.tests.test_alerts.TestAlertsAPI" name="test_subscribe_duplicate" time="0.445" /><testcase classname="backend.tests.test_alerts.TestAlertsAPI" name="test_subscribe_invalid_email" time="0.138" /><testcase classname="backend.tests.test_alerts.TestAlertsAPI" name="test_get_stats" time="0.135" /><testcase classname="backend.tests.test_alerts.TestAlertsAPI" name="test_get_status_not_subscribed" time="0.131" /><testcase classname="backend.tests.test_alerts.TestAlertsAPI" name="test_get_status_subscribed" time="0.472" /><testcase classname="backend.tests.test_alerts.TestAlertsAPI" name="test_unsubscribe" time="0.696" /><testcase classname="backend.tests.test_alerts.TestAlertsWithRealEvent" name="test_get_real_event_and_subscribe" time="0.672" /></testsuite></testsuites>