<?xml version="1.0" encoding="utf-8"?><testsuites name="pytest tests"><testsuite name="pytest" errors="0" failures="1" skipped="0" tests="52" time="10.499" timestamp="2026-04-22T12:13:42.579723+00:00" hostname="agent-env-2f4aa8f6-d5d5-4e93-a71f-0d0b194e3946"><testcase classname="backend.tests.test_seo_indexability_iter57" name="test_robots_txt" time="0.251"><failure message="AssertionError: robots.txt contains global Disallow: /&#10;assert 'Disallow: /' not in ['# As a condition of accessing this website, you agree to abide by the following', '# content signals:', '', '# (a)  If a Content-Signal = yes, you may collect content for the corresponding', '#      use.', '# (b)  If a Content-Signal = no, you may not collect content for the', ...]">backend/tests/test_seo_indexability_iter57.py:25: in test_robots_txt
    assert "Disallow: /" not in lines, "robots.txt contains global Disallow: /"
E   AssertionError: robots.txt contains global Disallow: /
E   assert 'Disallow: /' not in ['# As a condition of accessing this website, you agree to abide by the following', '# content signals:', '', '# (a)  If a Content-Signal = yes, you may collect content for the corresponding', '#      use.', '# (b)  If a Content-Signal = no, you may not collect content for the', ...]</failure></testcase><testcase classname="backend.tests.test_seo_indexability_iter57" name="test_sitemap_index" time="0.171" /><testcase classname="backend.tests.test_seo_indexability_iter57" name="test_sub_sitemap_urls_return_200[sitemap-events.xml]" time="1.578" /><testcase classname="backend.tests.test_seo_indexability_iter57" name="test_sub_sitemap_urls_return_200[sitemap-worldcup.xml]" time="1.358" /><testcase classname="backend.tests.test_seo_indexability_iter57" name="test_sub_sitemap_urls_return_200[sitemap-f1-motorsport.xml]" time="1.285" /><testcase classname="backend.tests.test_seo_indexability_iter57" name="test_route_returns_200[/]" time="0.110" /><testcase classname="backend.tests.test_seo_indexability_iter57" name="test_route_returns_200[/events]" time="0.139" /><testcase classname="backend.tests.test_seo_indexability_iter57" name="test_route_returns_200[/world-cup-2026-tickets]" time="0.104" /><testcase classname="backend.tests.test_seo_indexability_iter57" name="test_route_returns_200[/world-cup-2026-final-tickets]" time="0.135" /><testcase classname="backend.tests.test_seo_indexability_iter57" name="test_route_returns_200[/world-cup-2026-schedule]" time="0.108" /><testcase classname="backend.tests.test_seo_indexability_iter57" name="test_route_returns_200[/world-cup-2026-new-york-new-jersey-tickets]" time="0.112" /><testcase classname="backend.tests.test_seo_indexability_iter57" name="test_route_returns_200[/world-cup-2026-los-angeles-tickets]" time="0.109" /><testcase classname="backend.tests.test_seo_indexability_iter57" name="test_route_returns_200[/world-cup-2026-miami-tickets]" time="0.111" /><testcase classname="backend.tests.test_seo_indexability_iter57" name="test_route_returns_200[/world-cup-2026-dallas-tickets]" time="0.127" /><testcase classname="backend.tests.test_seo_indexability_iter57" name="test_route_returns_200[/world-cup-2026-mexico-city-tickets]" time="0.133" /><testcase classname="backend.tests.test_seo_indexability_iter57" name="test_route_returns_200[/world-cup-2026-toronto-tickets]" time="0.118" /><testcase classname="backend.tests.test_seo_indexability_iter57" name="test_route_returns_200[/world-cup-2026-vancouver-tickets]" time="0.120" /><testcase classname="backend.tests.test_seo_indexability_iter57" name="test_route_returns_200[/f1-tickets]" time="0.115" /><testcase classname="backend.tests.test_seo_indexability_iter57" name="test_route_returns_200[/f1-tickets-2026]" time="0.113" /><testcase classname="backend.tests.test_seo_indexability_iter57" name="test_route_returns_200[/f1-2026-schedule]" time="0.149" /><testcase classname="backend.tests.test_seo_indexability_iter57" name="test_route_returns_200[/f1-ticket-prices-2026]" time="0.113" /><testcase classname="backend.tests.test_seo_indexability_iter57" name="test_route_returns_200[/how-to-buy-f1-tickets]" time="0.111" /><testcase classname="backend.tests.test_seo_indexability_iter57" name="test_route_returns_200[/f1-monaco-grand-prix-tickets]" time="0.114" /><testcase classname="backend.tests.test_seo_indexability_iter57" name="test_route_returns_200[/f1-british-grand-prix-silverstone-tickets]" time="0.129" /><testcase classname="backend.tests.test_seo_indexability_iter57" name="test_route_returns_200[/f1-belgian-grand-prix-spa-tickets]" time="0.116" /><testcase classname="backend.tests.test_seo_indexability_iter57" name="test_route_returns_200[/f1-italian-grand-prix-monza-tickets]" time="0.113" /><testcase classname="backend.tests.test_seo_indexability_iter57" name="test_route_returns_200[/motogp-tickets]" time="0.110" /><testcase classname="backend.tests.test_seo_indexability_iter57" name="test_route_returns_200[/motogp-2026-schedule]" time="0.112" /><testcase classname="backend.tests.test_seo_indexability_iter57" name="test_route_returns_200[/isle-of-man-tt-tickets]" time="0.120" /><testcase classname="backend.tests.test_seo_indexability_iter57" name="test_route_returns_200[/champions-league-tickets]" time="0.109" /><testcase classname="backend.tests.test_seo_indexability_iter57" name="test_route_returns_200[/champions-league-2026-final-tickets]" time="0.132" /><testcase classname="backend.tests.test_seo_indexability_iter57" name="test_route_returns_200[/el-clasico-tickets]" time="0.123" /><testcase classname="backend.tests.test_seo_indexability_iter57" name="test_route_returns_200[/bayern-vs-real-madrid-tickets]" time="0.259" /><testcase classname="backend.tests.test_seo_indexability_iter57" name="test_route_returns_200[/premier-league-tickets-2026]" time="0.131" /><testcase classname="backend.tests.test_seo_indexability_iter57" name="test_route_returns_200[/bundesliga-tickets-2026]" time="0.115" /><testcase classname="backend.tests.test_seo_indexability_iter57" name="test_route_returns_200[/concerts-in-amsterdam-2026]" time="0.114" /><testcase classname="backend.tests.test_seo_indexability_iter57" name="test_route_returns_200[/concerts-in-paris-2026]" time="0.119" /><testcase classname="backend.tests.test_seo_indexability_iter57" name="test_route_returns_200[/coldplay-tour-2026]" time="0.109" /><testcase classname="backend.tests.test_seo_indexability_iter57" name="test_route_returns_200[/the-weeknd-tour-2026]" time="0.115" /><testcase classname="backend.tests.test_seo_indexability_iter57" name="test_route_returns_200[/bruno-mars-tour-2026]" time="0.110" /><testcase classname="backend.tests.test_seo_indexability_iter57" name="test_route_returns_200[/about]" time="0.116" /><testcase classname="backend.tests.test_seo_indexability_iter57" name="test_route_returns_200[/faq]" time="0.147" /><testcase classname="backend.tests.test_seo_indexability_iter57" name="test_route_returns_200[/blog]" time="0.117" /><testcase classname="backend.tests.test_seo_indexability_iter57" name="test_route_returns_200[/reviews]" time="0.112" /><testcase classname="backend.tests.test_seo_indexability_iter57" name="test_route_returns_200[/euromatchtickets-vs-stubhub]" time="0.141" /><testcase classname="backend.tests.test_seo_indexability_iter57" name="test_route_returns_200[/concerts-in-london-2026]" time="0.126" /><testcase classname="backend.tests.test_seo_indexability_iter57" name="test_route_returns_200[/taylor-swift-london-tickets]" time="0.116" /><testcase classname="backend.tests.test_seo_indexability_iter57" name="test_route_returns_200[/euromatchtickets-vs-viagogo]" time="0.113" /><testcase classname="backend.tests.test_seo_indexability_iter57" name="test_route_returns_200[/events-this-weekend]" time="0.114" /><testcase classname="backend.tests.test_seo_indexability_iter57" name="test_route_returns_200[/events-june-2026]" time="0.132" /><testcase classname="backend.tests.test_seo_indexability_iter57" name="test_route_returns_200[/events-july-2026]" time="0.120" /><testcase classname="backend.tests.test_seo_indexability_iter57" name="test_route_returns_200[/f1-ticket-prices-guide]" time="0.129" /></testsuite></testsuites>