<?xml version="1.0" encoding="utf-8"?><testsuites name="pytest tests"><testsuite name="pytest" errors="0" failures="0" skipped="0" tests="21" time="2.575" timestamp="2026-03-12T10:37:38.757741+00:00" hostname="agent-env-e1ef94f4-1923-4c37-a8ad-2226fda46f9d"><testcase classname="tests.test_refactored_endpoints.TestBasicConnectivity" name="test_api_root_returns_v2" time="0.149" /><testcase classname="tests.test_refactored_endpoints.TestBasicConnectivity" name="test_root_endpoint" time="0.107" /><testcase classname="tests.test_refactored_endpoints.TestEventsEndpoints" name="test_get_events_list" time="0.127" /><testcase classname="tests.test_refactored_endpoints.TestEventsEndpoints" name="test_get_events_with_filter" time="0.119" /><testcase classname="tests.test_refactored_endpoints.TestEventsEndpoints" name="test_get_single_event" time="0.191" /><testcase classname="tests.test_refactored_endpoints.TestSEOEndpoints" name="test_seo_stats" time="0.108" /><testcase classname="tests.test_refactored_endpoints.TestSEOEndpoints" name="test_seo_page_monaco_gp" time="0.146" /><testcase classname="tests.test_refactored_endpoints.TestSEOEndpoints" name="test_seo_page_taylor_swift" time="0.098" /><testcase classname="tests.test_refactored_endpoints.TestSEOEndpoints" name="test_seo_page_real_madrid" time="0.102" /><testcase classname="tests.test_refactored_endpoints.TestSEOEndpoints" name="test_seo_pages_pagination" time="0.111" /><testcase classname="tests.test_refactored_endpoints.TestSitemaps" name="test_sitemap_index" time="0.115" /><testcase classname="tests.test_refactored_endpoints.TestSitemaps" name="test_f1_sitemap" time="0.121" /><testcase classname="tests.test_refactored_endpoints.TestSitemaps" name="test_concerts_sitemap" time="0.101" /><testcase classname="tests.test_refactored_endpoints.TestSitemaps" name="test_football_sitemap" time="0.149" /><testcase classname="tests.test_refactored_endpoints.TestSitemaps" name="test_static_pages_sitemap" time="0.096" /><testcase classname="tests.test_refactored_endpoints.TestAdminEndpoints" name="test_cleanup_status" time="0.114" /><testcase classname="tests.test_refactored_endpoints.TestAdminEndpoints" name="test_get_reviews" time="0.095" /><testcase classname="tests.test_refactored_endpoints.TestAdminEndpoints" name="test_create_review" time="0.097" /><testcase classname="tests.test_refactored_endpoints.TestAdminEndpoints" name="test_robots_txt" time="0.115" /><testcase classname="tests.test_refactored_endpoints.TestSEOContentQuality" name="test_seo_page_has_faq" time="0.106" /><testcase classname="tests.test_refactored_endpoints.TestSEOContentQuality" name="test_seo_page_has_internal_links" time="0.110" /></testsuite></testsuites>