<?xml version="1.0" encoding="utf-8"?><testsuites name="pytest tests"><testsuite name="pytest" errors="0" failures="0" skipped="0" tests="18" time="4.446" timestamp="2026-03-20T00:55:50.822414+00:00" hostname="agent-env-c6ef070c-5e8b-4603-9828-1011a60b694c"><testcase classname="backend.tests.test_motogp_tt_maps.TestMotoGPEvent" name="test_get_motogp_event_returns_200" time="0.203" /><testcase classname="backend.tests.test_motogp_tt_maps.TestMotoGPEvent" name="test_motogp_event_type_is_correct" time="1.161" /><testcase classname="backend.tests.test_motogp_tt_maps.TestMotoGPEvent" name="test_motogp_has_grouped_sections" time="0.178" /><testcase classname="backend.tests.test_motogp_tt_maps.TestMotoGPEvent" name="test_motogp_grouped_sections_structure" time="0.170" /><testcase classname="backend.tests.test_motogp_tt_maps.TestMotoGPEvent" name="test_motogp_has_circuit_sections" time="0.178" /><testcase classname="backend.tests.test_motogp_tt_maps.TestMotoGPEvent" name="test_motogp_prices_competitive" time="0.159" /><testcase classname="backend.tests.test_motogp_tt_maps.TestMotoGPEvent" name="test_motogp_image_url_valid" time="0.232" /><testcase classname="backend.tests.test_motogp_tt_maps.TestIsleOfManTTEvent" name="test_get_iom_tt_event_returns_200" time="0.141" /><testcase classname="backend.tests.test_motogp_tt_maps.TestIsleOfManTTEvent" name="test_iom_tt_title_contains_isle_of_man" time="0.142" /><testcase classname="backend.tests.test_motogp_tt_maps.TestIsleOfManTTEvent" name="test_iom_tt_has_grouped_sections" time="0.137" /><testcase classname="backend.tests.test_motogp_tt_maps.TestIsleOfManTTEvent" name="test_iom_tt_has_course_sections" time="0.177" /><testcase classname="backend.tests.test_motogp_tt_maps.TestIsleOfManTTEvent" name="test_iom_tt_prices_competitive" time="0.213" /><testcase classname="backend.tests.test_motogp_tt_maps.TestIsleOfManTTEvent" name="test_iom_tt_image_url_valid" time="0.378" /><testcase classname="backend.tests.test_motogp_tt_maps.TestAllEventsPricing" name="test_all_events_have_reasonable_lowest_price" time="0.184" /><testcase classname="backend.tests.test_motogp_tt_maps.TestAllEventsPricing" name="test_motogp_events_list_returns_data" time="0.157" /><testcase classname="backend.tests.test_motogp_tt_maps.TestSectionFiltering" name="test_grouped_sections_have_ticket_counts" time="0.132" /><testcase classname="backend.tests.test_motogp_tt_maps.TestSectionFiltering" name="test_grouped_sections_sorted_by_price" time="0.215" /><testcase classname="backend.tests.test_motogp_tt_maps.TestSectionFiltering" name="test_grouped_sections_contain_ticket_details" time="0.144" /></testsuite></testsuites>