<?xml version="1.0" encoding="utf-8"?><testsuites name="pytest tests"><testsuite name="pytest" errors="0" failures="0" skipped="0" tests="13" time="16.655" timestamp="2026-04-01T07:19:08.181797+00:00" hostname="agent-env-2f4aa8f6-d5d5-4e93-a71f-0d0b194e3946"><testcase classname="backend.tests.test_chat_and_seo_schema.TestChatEndpoint" name="test_chat_hello_message" time="1.782" /><testcase classname="backend.tests.test_chat_and_seo_schema.TestChatEndpoint" name="test_chat_f1_tickets_question" time="4.403" /><testcase classname="backend.tests.test_chat_and_seo_schema.TestChatEndpoint" name="test_chat_arabic_support" time="3.781" /><testcase classname="backend.tests.test_chat_and_seo_schema.TestChatEndpoint" name="test_chat_session_id_generated" time="1.128" /><testcase classname="backend.tests.test_chat_and_seo_schema.TestChatEndpoint" name="test_chat_price_question" time="4.356" /><testcase classname="backend.tests.test_chat_and_seo_schema.TestSEOPageSchema" name="test_f1_page_has_image_field" time="0.120" /><testcase classname="backend.tests.test_chat_and_seo_schema.TestSEOPageSchema" name="test_f1_page_has_description" time="0.100" /><testcase classname="backend.tests.test_chat_and_seo_schema.TestSEOPageSchema" name="test_football_page_has_image" time="0.110" /><testcase classname="backend.tests.test_chat_and_seo_schema.TestSEOPageSchema" name="test_football_page_has_description" time="0.093" /><testcase classname="backend.tests.test_chat_and_seo_schema.TestSEOPageSchema" name="test_concert_page_has_image" time="0.099" /><testcase classname="backend.tests.test_chat_and_seo_schema.TestSEOPageSchema" name="test_worldcup_page_has_image" time="0.108" /><testcase classname="backend.tests.test_chat_and_seo_schema.TestSEOImageMapping" name="test_f1_image_contains_f1_red" time="0.137" /><testcase classname="backend.tests.test_chat_and_seo_schema.TestSEOImageMapping" name="test_multiple_pages_have_images" time="0.384" /></testsuite></testsuites>