<?xml version="1.0" encoding="utf-8"?><testsuites name="pytest tests"><testsuite name="pytest" errors="0" failures="7" skipped="0" tests="39" time="5.542" timestamp="2026-04-09T20:44:21.389325+00:00" hostname="agent-env-2f4aa8f6-d5d5-4e93-a71f-0d0b194e3946"><testcase classname="backend.tests.test_seo_pages_91.TestSitemapStructure" name="test_main_sitemap_returns_valid_xml" time="0.247" /><testcase classname="backend.tests.test_seo_pages_91.TestSitemapStructure" name="test_international_sitemap_valid" time="0.126" /><testcase classname="backend.tests.test_seo_pages_91.TestSitemapStructure" name="test_guides_sitemap_valid" time="0.126" /><testcase classname="backend.tests.test_seo_pages_91.TestSitemapStructure" name="test_football_sitemap_valid" time="0.149" /><testcase classname="backend.tests.test_seo_pages_91.TestEnglishSEOPagesAPI" name="test_english_seo_page_api[premier-league-tickets]" time="0.123" /><testcase classname="backend.tests.test_seo_pages_91.TestEnglishSEOPagesAPI" name="test_english_seo_page_api[la-liga-tickets]" time="0.128" /><testcase classname="backend.tests.test_seo_pages_91.TestEnglishSEOPagesAPI" name="test_english_seo_page_api[serie-a-tickets]" time="0.113" /><testcase classname="backend.tests.test_seo_pages_91.TestEnglishSEOPagesAPI" name="test_english_seo_page_api[how-to-buy-f1-tickets]" time="0.111" /><testcase classname="backend.tests.test_seo_pages_91.TestEnglishSEOPagesAPI" name="test_english_seo_page_api[cheapest-f1-tickets-2026]" time="0.121" /><testcase classname="backend.tests.test_seo_pages_91.TestEnglishSEOPagesAPI" name="test_english_seo_page_api[world-cup-2026-final-tickets]" time="0.163" /><testcase classname="backend.tests.test_seo_pages_91.TestEnglishSEOPagesAPI" name="test_english_seo_page_api[beyonce-tour-2026]" time="0.220" /><testcase classname="backend.tests.test_seo_pages_91.TestInternationalPagesLoad" name="test_international_page_loads[fr/billets-psg-French PSG]" time="0.117" /><testcase classname="backend.tests.test_seo_pages_91.TestInternationalPagesLoad" name="test_international_page_loads[fr/billets-coupe-du-monde-2026-French World Cup]" time="0.133" /><testcase classname="backend.tests.test_seo_pages_91.TestInternationalPagesLoad" name="test_international_page_loads[fr/acheter-billets-French Buy Tickets]" time="0.130" /><testcase classname="backend.tests.test_seo_pages_91.TestInternationalPagesLoad" name="test_international_page_loads[fr/billets-champions-league-French Champions League]" time="0.168" /><testcase classname="backend.tests.test_seo_pages_91.TestInternationalPagesLoad" name="test_international_page_loads[fr/billets-f1-French F1]" time="0.112" /><testcase classname="backend.tests.test_seo_pages_91.TestInternationalPagesLoad" name="test_international_page_loads[it/biglietti-juventus-Italian Juventus]" time="0.115" /><testcase classname="backend.tests.test_seo_pages_91.TestInternationalPagesLoad" name="test_international_page_loads[it/biglietti-serie-a-Italian Serie A]" time="0.135" /><testcase classname="backend.tests.test_seo_pages_91.TestInternationalPagesLoad" name="test_international_page_loads[it/biglietti-Italian Buy Tickets]" time="0.108" /><testcase classname="backend.tests.test_seo_pages_91.TestInternationalPagesLoad" name="test_international_page_loads[it/biglietti-champions-league-Italian Champions League]" time="0.154" /><testcase classname="backend.tests.test_seo_pages_91.TestInternationalPagesLoad" name="test_international_page_loads[it/biglietti-f1-Italian F1]" time="0.121" /><testcase classname="backend.tests.test_seo_pages_91.TestInternationalPagesLoad" name="test_international_page_loads[es/entradas-real-madrid-Spanish Real Madrid]" time="0.158" /><testcase classname="backend.tests.test_seo_pages_91.TestInternationalPagesLoad" name="test_international_page_loads[es/entradas-la-liga-Spanish La Liga]" time="0.119" /><testcase classname="backend.tests.test_seo_pages_91.TestInternationalPagesLoad" name="test_international_page_loads[es/comprar-entradas-Spanish Buy Tickets]" time="0.116" /><testcase classname="backend.tests.test_seo_pages_91.TestInternationalPagesLoad" name="test_international_page_loads[es/entradas-champions-league-Spanish Champions League]" time="0.123" /><testcase classname="backend.tests.test_seo_pages_91.TestInternationalPagesLoad" name="test_international_page_loads[es/entradas-f1-Spanish F1]" time="0.139" /><testcase classname="backend.tests.test_seo_pages_91.TestJSONLDStructuredData" name="test_dynamic_seo_page_has_image_and_validfrom" time="0.358" /><testcase classname="backend.tests.test_seo_pages_91.TestJSONLDStructuredData" name="test_french_page_has_structured_data" time="0.116" /><testcase classname="backend.tests.test_seo_pages_91.TestJSONLDStructuredData" name="test_italian_page_has_structured_data" time="0.105" /><testcase classname="backend.tests.test_seo_pages_91.TestJSONLDStructuredData" name="test_spanish_page_has_structured_data" time="0.131" /><testcase classname="backend.tests.test_seo_pages_91.TestPageMetaTags" name="test_homepage_has_h1_and_title" time="0.133"><failure message="AssertionError: Homepage missing title tag&#10;assert '&lt;title&gt;' in '&lt;!doctype html&gt;\n&lt;html lang=&quot;en&quot;&gt;\n  &lt;head&gt;\n    &lt;meta charset=&quot;utf-8&quot; /&gt;\n    &lt;meta http-equiv=&quot;content-security-policy&quot; content=&quot;upgrade-insecure-requests&quot; /&gt;\n    &lt;link rel=&quot;icon&quot; href=&quot;/favicon.ico&quot; /&gt;\n    &lt;link rel=&quot;icon&quot; type=&quot;image/png&quot; sizes=&quot;32x32&quot; href=&quot;/logo-32.png&quot; /&gt;\n    &lt;link rel=&quot;icon&quot; type=&quot;image/png&quot; sizes=&quot;16x16&quot; href=&quot;/logo-16.png&quot; /&gt;\n    &lt;link rel=&quot;apple-touch-icon&quot; sizes=&quot;180x180&quot; href=&quot;/apple-touch-icon.png&quot; /&gt;\n    &lt;link rel=&quot;manifest&quot; href=&quot;/manifest.json&quot; /&gt;\n    &lt;meta name=&quot;viewport&quot; content=&quot;width=device-width, initial-scale=1&quot; /&gt;\n    &lt;meta name=&quot;theme-color&quot; content=&quot;#09090b&quot; /&gt;\n    &lt;meta name=&quot;google-site-verification&quot; content=&quot;0p2i17vvx2nmksyj1ibqqdzc4moakd_ctjomy_dyty4&quot; /&gt;\n    \n    &lt;link rel=&quot;dns-prefetch&quot; href=&quot;https://fonts.googleapis.com&quot; /&gt;\n    &lt;link rel=&quot;dns-prefetch&quot; href=&quot;https://js.stripe.com&quot; /&gt;\n    &lt;link rel=&quot;preconnect&quot; href=&quot;https://fonts.googleapis.com&quot; /&gt;\n    &lt;link rel=&quot;preconnect&quot; href=&quot;https://fonts.gstatic.com&quot; crossorigin /&gt;\n    &lt;link href=&quot;https://fonts.googleapis.com/css2?family=tenor+sans&amp;family=manrope:wght@400;500;600;700&amp;family=unbounded:wght@400;500;600&amp;display=swap&quot; rel=&quot;stylesheet&quot; /&gt;\n    \n    &lt;link rel=&quot;prel...tickets&lt;/a&gt;\n            &lt;a href=&quot;/concerts&quot; style=&quot;background:#8b5cf6;color:#fff;padding:12px 24px;border-radius:8px;text-decoration:none;font-weight:700&quot;&gt;concerts&lt;/a&gt;\n          &lt;/div&gt;\n        &lt;/main&gt;\n      &lt;/div&gt;\n    &lt;/div&gt;\n  &lt;script&gt;(function(){function c(){var b=a.contentdocument||a.contentwindow.document;if(b){var d=b.createelement(\'script\');d.innerhtml=&quot;window.__cf$cv$params={r:\'9e9c59856b2213ce\',t:\'mtc3ntc2nzq2nq==\'};var a=document.createelement(\'script\');a.src=\'/cdn-cgi/challenge-platform/scripts/jsd/main.js\';document.getelementsbytagname(\'head\')[0].appendchild(a);&quot;;b.getelementsbytagname(\'head\')[0].appendchild(d)}}if(document.body){var a=document.createelement(\'iframe\');a.height=1;a.width=1;a.style.position=\'absolute\';a.style.top=0;a.style.left=0;a.style.border=\'none\';a.style.visibility=\'hidden\';document.body.appendchild(a);if(\'loading\'!==document.readystate)c();else if(window.addeventlistener)document.addeventlistener(\'domcontentloaded\',c);else{var e=document.onreadystatechange||function(){};document.onreadystatechange=function(b){e(b);\'loading\'!==document.readystate&amp;&amp;(document.onreadystatechange=e,c())}}}})();&lt;/script&gt;&lt;/body&gt;\n&lt;/html&gt;\n'&#10; +  where '&lt;!doctype html&gt;\n&lt;html lang=&quot;en&quot;&gt;\n  &lt;head&gt;\n    &lt;meta charset=&quot;utf-8&quot; /&gt;\n    &lt;meta http-equiv=&quot;content-security-policy&quot; content=&quot;upgrade-insecure-requests&quot; /&gt;\n    &lt;link rel=&quot;icon&quot; href=&quot;/favicon.ico&quot; /&gt;\n    &lt;link rel=&quot;icon&quot; type=&quot;image/png&quot; sizes=&quot;32x32&quot; href=&quot;/logo-32.png&quot; /&gt;\n    &lt;link rel=&quot;icon&quot; type=&quot;image/png&quot; sizes=&quot;16x16&quot; href=&quot;/logo-16.png&quot; /&gt;\n    &lt;link rel=&quot;apple-touch-icon&quot; sizes=&quot;180x180&quot; href=&quot;/apple-touch-icon.png&quot; /&gt;\n    &lt;link rel=&quot;manifest&quot; href=&quot;/manifest.json&quot; /&gt;\n    &lt;meta name=&quot;viewport&quot; content=&quot;width=device-width, initial-scale=1&quot; /&gt;\n    &lt;meta name=&quot;theme-color&quot; content=&quot;#09090b&quot; /&gt;\n    &lt;meta name=&quot;google-site-verification&quot; content=&quot;0p2i17vvx2nmksyj1ibqqdzc4moakd_ctjomy_dyty4&quot; /&gt;\n    \n    &lt;link rel=&quot;dns-prefetch&quot; href=&quot;https://fonts.googleapis.com&quot; /&gt;\n    &lt;link rel=&quot;dns-prefetch&quot; href=&quot;https://js.stripe.com&quot; /&gt;\n    &lt;link rel=&quot;preconnect&quot; href=&quot;https://fonts.googleapis.com&quot; /&gt;\n    &lt;link rel=&quot;preconnect&quot; href=&quot;https://fonts.gstatic.com&quot; crossorigin /&gt;\n    &lt;link href=&quot;https://fonts.googleapis.com/css2?family=tenor+sans&amp;family=manrope:wght@400;500;600;700&amp;family=unbounded:wght@400;500;600&amp;display=swap&quot; rel=&quot;stylesheet&quot; /&gt;\n    \n    &lt;link rel=&quot;prel...tickets&lt;/a&gt;\n            &lt;a href=&quot;/concerts&quot; style=&quot;background:#8b5cf6;color:#fff;padding:12px 24px;border-radius:8px;text-decoration:none;font-weight:700&quot;&gt;concerts&lt;/a&gt;\n          &lt;/div&gt;\n        &lt;/main&gt;\n      &lt;/div&gt;\n    &lt;/div&gt;\n  &lt;script&gt;(function(){function c(){var b=a.contentdocument||a.contentwindow.document;if(b){var d=b.createelement(\'script\');d.innerhtml=&quot;window.__cf$cv$params={r:\'9e9c59856b2213ce\',t:\'mtc3ntc2nzq2nq==\'};var a=document.createelement(\'script\');a.src=\'/cdn-cgi/challenge-platform/scripts/jsd/main.js\';document.getelementsbytagname(\'head\')[0].appendchild(a);&quot;;b.getelementsbytagname(\'head\')[0].appendchild(d)}}if(document.body){var a=document.createelement(\'iframe\');a.height=1;a.width=1;a.style.position=\'absolute\';a.style.top=0;a.style.left=0;a.style.border=\'none\';a.style.visibility=\'hidden\';document.body.appendchild(a);if(\'loading\'!==document.readystate)c();else if(window.addeventlistener)document.addeventlistener(\'domcontentloaded\',c);else{var e=document.onreadystatechange||function(){};document.onreadystatechange=function(b){e(b);\'loading\'!==document.readystate&amp;&amp;(document.onreadystatechange=e,c())}}}})();&lt;/script&gt;&lt;/body&gt;\n&lt;/html&gt;\n' = &lt;built-in method lower of str object at 0xac1b11ca6970&gt;()&#10; +    where &lt;built-in method lower of str object at 0xac1b11ca6970&gt; = '&lt;!DOCTYPE html&gt;\n&lt;html lang=&quot;en&quot;&gt;\n  &lt;head&gt;\n    &lt;meta charset=&quot;utf-8&quot; /&gt;\n    &lt;meta http-equiv=&quot;Content-Security-Policy&quot; content=&quot;upgrade-insecure-requests&quot; /&gt;\n    &lt;link rel=&quot;icon&quot; href=&quot;/favicon.ico&quot; /&gt;\n    &lt;link rel=&quot;icon&quot; type=&quot;image/png&quot; sizes=&quot;32x32&quot; href=&quot;/logo-32.png&quot; /&gt;\n    &lt;link rel=&quot;icon&quot; type=&quot;image/png&quot; sizes=&quot;16x16&quot; href=&quot;/logo-16.png&quot; /&gt;\n    &lt;link rel=&quot;apple-touch-icon&quot; sizes=&quot;180x180&quot; href=&quot;/apple-touch-icon.png&quot; /&gt;\n    &lt;link rel=&quot;manifest&quot; href=&quot;/manifest.json&quot; /&gt;\n    &lt;meta name=&quot;viewport&quot; content=&quot;width=device-width, initial-scale=1&quot; /&gt;\n    &lt;meta name=&quot;theme-color&quot; content=&quot;#09090b&quot; /&gt;\n    &lt;meta name=&quot;google-site-verification&quot; content=&quot;0p2i17vvx2NmkSyj1iBqQdzC4mOakD_CtjomY_DytY4&quot; /&gt;\n    \n    &lt;link rel=&quot;dns-prefetch&quot; href=&quot;https://fonts.googleapis.com&quot; /&gt;\n    &lt;link rel=&quot;dns-prefetch&quot; href=&quot;https://js.stripe.com&quot; /&gt;\n    &lt;link rel=&quot;preconnect&quot; href=&quot;https://fonts.googleapis.com&quot; /&gt;\n    &lt;link rel=&quot;preconnect&quot; href=&quot;https://fonts.gstatic.com&quot; crossorigin /&gt;\n    &lt;link href=&quot;https://fonts.googleapis.com/css2?family=Tenor+Sans&amp;family=Manrope:wght@400;500;600;700&amp;family=Unbounded:wght@400;500;600&amp;display=swap&quot; rel=&quot;stylesheet&quot; /&gt;\n    \n    &lt;link rel=&quot;prel...Tickets&lt;/a&gt;\n            &lt;a href=&quot;/concerts&quot; style=&quot;background:#8b5cf6;color:#fff;padding:12px 24px;border-radius:8px;text-decoration:none;font-weight:700&quot;&gt;Concerts&lt;/a&gt;\n          &lt;/div&gt;\n        &lt;/main&gt;\n      &lt;/div&gt;\n    &lt;/div&gt;\n  &lt;script&gt;(function(){function c(){var b=a.contentDocument||a.contentWindow.document;if(b){var d=b.createElement(\'script\');d.innerHTML=&quot;window.__CF$cv$params={r:\'9e9c59856b2213ce\',t:\'MTc3NTc2NzQ2NQ==\'};var a=document.createElement(\'script\');a.src=\'/cdn-cgi/challenge-platform/scripts/jsd/main.js\';document.getElementsByTagName(\'head\')[0].appendChild(a);&quot;;b.getElementsByTagName(\'head\')[0].appendChild(d)}}if(document.body){var a=document.createElement(\'iframe\');a.height=1;a.width=1;a.style.position=\'absolute\';a.style.top=0;a.style.left=0;a.style.border=\'none\';a.style.visibility=\'hidden\';document.body.appendChild(a);if(\'loading\'!==document.readyState)c();else if(window.addEventListener)document.addEventListener(\'DOMContentLoaded\',c);else{var e=document.onreadystatechange||function(){};document.onreadystatechange=function(b){e(b);\'loading\'!==document.readyState&amp;&amp;(document.onreadystatechange=e,c())}}}})();&lt;/script&gt;&lt;/body&gt;\n&lt;/html&gt;\n'.lower">backend/tests/test_seo_pages_91.py:269: in test_homepage_has_h1_and_title
    assert '&lt;title&gt;' in content.lower(), "Homepage missing title tag"
E   AssertionError: Homepage missing title tag
E   assert '&lt;title&gt;' in '&lt;!doctype html&gt;\n&lt;html lang="en"&gt;\n  &lt;head&gt;\n    &lt;meta charset="utf-8" /&gt;\n    &lt;meta http-equiv="content-security-policy" content="upgrade-insecure-requests" /&gt;\n    &lt;link rel="icon" href="/favicon.ico" /&gt;\n    &lt;link rel="icon" type="image/png" sizes="32x32" href="/logo-32.png" /&gt;\n    &lt;link rel="icon" type="image/png" sizes="16x16" href="/logo-16.png" /&gt;\n    &lt;link rel="apple-touch-icon" sizes="180x180" href="/apple-touch-icon.png" /&gt;\n    &lt;link rel="manifest" href="/manifest.json" /&gt;\n    &lt;meta name="viewport" content="width=device-width, initial-scale=1" /&gt;\n    &lt;meta name="theme-color" content="#09090b" /&gt;\n    &lt;meta name="google-site-verification" content="0p2i17vvx2nmksyj1ibqqdzc4moakd_ctjomy_dyty4" /&gt;\n    \n    &lt;link rel="dns-prefetch" href="https://fonts.googleapis.com" /&gt;\n    &lt;link rel="dns-prefetch" href="https://js.stripe.com" /&gt;\n    &lt;link rel="preconnect" href="https://fonts.googleapis.com" /&gt;\n    &lt;link rel="preconnect" href="https://fonts.gstatic.com" crossorigin /&gt;\n    &lt;link href="https://fonts.googleapis.com/css2?family=tenor+sans&amp;family=manrope:wght@400;500;600;700&amp;family=unbounded:wght@400;500;600&amp;display=swap" rel="stylesheet" /&gt;\n    \n    &lt;link rel="prel...tickets&lt;/a&gt;\n            &lt;a href="/concerts" style="background:#8b5cf6;color:#fff;padding:12px 24px;border-radius:8px;text-decoration:none;font-weight:700"&gt;concerts&lt;/a&gt;\n          &lt;/div&gt;\n        &lt;/main&gt;\n      &lt;/div&gt;\n    &lt;/div&gt;\n  &lt;script&gt;(function(){function c(){var b=a.contentdocument||a.contentwindow.document;if(b){var d=b.createelement(\'script\');d.innerhtml="window.__cf$cv$params={r:\'9e9c59856b2213ce\',t:\'mtc3ntc2nzq2nq==\'};var a=document.createelement(\'script\');a.src=\'/cdn-cgi/challenge-platform/scripts/jsd/main.js\';document.getelementsbytagname(\'head\')[0].appendchild(a);";b.getelementsbytagname(\'head\')[0].appendchild(d)}}if(document.body){var a=document.createelement(\'iframe\');a.height=1;a.width=1;a.style.position=\'absolute\';a.style.top=0;a.style.left=0;a.style.border=\'none\';a.style.visibility=\'hidden\';document.body.appendchild(a);if(\'loading\'!==document.readystate)c();else if(window.addeventlistener)document.addeventlistener(\'domcontentloaded\',c);else{var e=document.onreadystatechange||function(){};document.onreadystatechange=function(b){e(b);\'loading\'!==document.readystate&amp;&amp;(document.onreadystatechange=e,c())}}}})();&lt;/script&gt;&lt;/body&gt;\n&lt;/html&gt;\n'
E    +  where '&lt;!doctype html&gt;\n&lt;html lang="en"&gt;\n  &lt;head&gt;\n    &lt;meta charset="utf-8" /&gt;\n    &lt;meta http-equiv="content-security-policy" content="upgrade-insecure-requests" /&gt;\n    &lt;link rel="icon" href="/favicon.ico" /&gt;\n    &lt;link rel="icon" type="image/png" sizes="32x32" href="/logo-32.png" /&gt;\n    &lt;link rel="icon" type="image/png" sizes="16x16" href="/logo-16.png" /&gt;\n    &lt;link rel="apple-touch-icon" sizes="180x180" href="/apple-touch-icon.png" /&gt;\n    &lt;link rel="manifest" href="/manifest.json" /&gt;\n    &lt;meta name="viewport" content="width=device-width, initial-scale=1" /&gt;\n    &lt;meta name="theme-color" content="#09090b" /&gt;\n    &lt;meta name="google-site-verification" content="0p2i17vvx2nmksyj1ibqqdzc4moakd_ctjomy_dyty4" /&gt;\n    \n    &lt;link rel="dns-prefetch" href="https://fonts.googleapis.com" /&gt;\n    &lt;link rel="dns-prefetch" href="https://js.stripe.com" /&gt;\n    &lt;link rel="preconnect" href="https://fonts.googleapis.com" /&gt;\n    &lt;link rel="preconnect" href="https://fonts.gstatic.com" crossorigin /&gt;\n    &lt;link href="https://fonts.googleapis.com/css2?family=tenor+sans&amp;family=manrope:wght@400;500;600;700&amp;family=unbounded:wght@400;500;600&amp;display=swap" rel="stylesheet" /&gt;\n    \n    &lt;link rel="prel...tickets&lt;/a&gt;\n            &lt;a href="/concerts" style="background:#8b5cf6;color:#fff;padding:12px 24px;border-radius:8px;text-decoration:none;font-weight:700"&gt;concerts&lt;/a&gt;\n          &lt;/div&gt;\n        &lt;/main&gt;\n      &lt;/div&gt;\n    &lt;/div&gt;\n  &lt;script&gt;(function(){function c(){var b=a.contentdocument||a.contentwindow.document;if(b){var d=b.createelement(\'script\');d.innerhtml="window.__cf$cv$params={r:\'9e9c59856b2213ce\',t:\'mtc3ntc2nzq2nq==\'};var a=document.createelement(\'script\');a.src=\'/cdn-cgi/challenge-platform/scripts/jsd/main.js\';document.getelementsbytagname(\'head\')[0].appendchild(a);";b.getelementsbytagname(\'head\')[0].appendchild(d)}}if(document.body){var a=document.createelement(\'iframe\');a.height=1;a.width=1;a.style.position=\'absolute\';a.style.top=0;a.style.left=0;a.style.border=\'none\';a.style.visibility=\'hidden\';document.body.appendchild(a);if(\'loading\'!==document.readystate)c();else if(window.addeventlistener)document.addeventlistener(\'domcontentloaded\',c);else{var e=document.onreadystatechange||function(){};document.onreadystatechange=function(b){e(b);\'loading\'!==document.readystate&amp;&amp;(document.onreadystatechange=e,c())}}}})();&lt;/script&gt;&lt;/body&gt;\n&lt;/html&gt;\n' = &lt;built-in method lower of str object at 0xac1b11ca6970&gt;()
E    +    where &lt;built-in method lower of str object at 0xac1b11ca6970&gt; = '&lt;!DOCTYPE html&gt;\n&lt;html lang="en"&gt;\n  &lt;head&gt;\n    &lt;meta charset="utf-8" /&gt;\n    &lt;meta http-equiv="Content-Security-Policy" content="upgrade-insecure-requests" /&gt;\n    &lt;link rel="icon" href="/favicon.ico" /&gt;\n    &lt;link rel="icon" type="image/png" sizes="32x32" href="/logo-32.png" /&gt;\n    &lt;link rel="icon" type="image/png" sizes="16x16" href="/logo-16.png" /&gt;\n    &lt;link rel="apple-touch-icon" sizes="180x180" href="/apple-touch-icon.png" /&gt;\n    &lt;link rel="manifest" href="/manifest.json" /&gt;\n    &lt;meta name="viewport" content="width=device-width, initial-scale=1" /&gt;\n    &lt;meta name="theme-color" content="#09090b" /&gt;\n    &lt;meta name="google-site-verification" content="0p2i17vvx2NmkSyj1iBqQdzC4mOakD_CtjomY_DytY4" /&gt;\n    \n    &lt;link rel="dns-prefetch" href="https://fonts.googleapis.com" /&gt;\n    &lt;link rel="dns-prefetch" href="https://js.stripe.com" /&gt;\n    &lt;link rel="preconnect" href="https://fonts.googleapis.com" /&gt;\n    &lt;link rel="preconnect" href="https://fonts.gstatic.com" crossorigin /&gt;\n    &lt;link href="https://fonts.googleapis.com/css2?family=Tenor+Sans&amp;family=Manrope:wght@400;500;600;700&amp;family=Unbounded:wght@400;500;600&amp;display=swap" rel="stylesheet" /&gt;\n    \n    &lt;link rel="prel...Tickets&lt;/a&gt;\n            &lt;a href="/concerts" style="background:#8b5cf6;color:#fff;padding:12px 24px;border-radius:8px;text-decoration:none;font-weight:700"&gt;Concerts&lt;/a&gt;\n          &lt;/div&gt;\n        &lt;/main&gt;\n      &lt;/div&gt;\n    &lt;/div&gt;\n  &lt;script&gt;(function(){function c(){var b=a.contentDocument||a.contentWindow.document;if(b){var d=b.createElement(\'script\');d.innerHTML="window.__CF$cv$params={r:\'9e9c59856b2213ce\',t:\'MTc3NTc2NzQ2NQ==\'};var a=document.createElement(\'script\');a.src=\'/cdn-cgi/challenge-platform/scripts/jsd/main.js\';document.getElementsByTagName(\'head\')[0].appendChild(a);";b.getElementsByTagName(\'head\')[0].appendChild(d)}}if(document.body){var a=document.createElement(\'iframe\');a.height=1;a.width=1;a.style.position=\'absolute\';a.style.top=0;a.style.left=0;a.style.border=\'none\';a.style.visibility=\'hidden\';document.body.appendChild(a);if(\'loading\'!==document.readyState)c();else if(window.addEventListener)document.addEventListener(\'DOMContentLoaded\',c);else{var e=document.onreadystatechange||function(){};document.onreadystatechange=function(b){e(b);\'loading\'!==document.readyState&amp;&amp;(document.onreadystatechange=e,c())}}}})();&lt;/script&gt;&lt;/body&gt;\n&lt;/html&gt;\n'.lower</failure></testcase><testcase classname="backend.tests.test_seo_pages_91.TestPageMetaTags" name="test_french_page_has_h1_and_title" time="0.137"><failure message="AssertionError: French page missing title tag&#10;assert '&lt;title&gt;' in '&lt;!doctype html&gt;\n&lt;html lang=&quot;en&quot;&gt;\n  &lt;head&gt;\n    &lt;meta charset=&quot;utf-8&quot; /&gt;\n    &lt;meta http-equiv=&quot;content-security-policy&quot; content=&quot;upgrade-insecure-requests&quot; /&gt;\n    &lt;link rel=&quot;icon&quot; href=&quot;/favicon.ico&quot; /&gt;\n    &lt;link rel=&quot;icon&quot; type=&quot;image/png&quot; sizes=&quot;32x32&quot; href=&quot;/logo-32.png&quot; /&gt;\n    &lt;link rel=&quot;icon&quot; type=&quot;image/png&quot; sizes=&quot;16x16&quot; href=&quot;/logo-16.png&quot; /&gt;\n    &lt;link rel=&quot;apple-touch-icon&quot; sizes=&quot;180x180&quot; href=&quot;/apple-touch-icon.png&quot; /&gt;\n    &lt;link rel=&quot;manifest&quot; href=&quot;/manifest.json&quot; /&gt;\n    &lt;meta name=&quot;viewport&quot; content=&quot;width=device-width, initial-scale=1&quot; /&gt;\n    &lt;meta name=&quot;theme-color&quot; content=&quot;#09090b&quot; /&gt;\n    &lt;meta name=&quot;google-site-verification&quot; content=&quot;0p2i17vvx2nmksyj1ibqqdzc4moakd_ctjomy_dyty4&quot; /&gt;\n    \n    &lt;link rel=&quot;dns-prefetch&quot; href=&quot;https://fonts.googleapis.com&quot; /&gt;\n    &lt;link rel=&quot;dns-prefetch&quot; href=&quot;https://js.stripe.com&quot; /&gt;\n    &lt;link rel=&quot;preconnect&quot; href=&quot;https://fonts.googleapis.com&quot; /&gt;\n    &lt;link rel=&quot;preconnect&quot; href=&quot;https://fonts.gstatic.com&quot; crossorigin /&gt;\n    &lt;link href=&quot;https://fonts.googleapis.com/css2?family=tenor+sans&amp;family=manrope:wght@400;500;600;700&amp;family=unbounded:wght@400;500;600&amp;display=swap&quot; rel=&quot;stylesheet&quot; /&gt;\n    \n    &lt;link rel=&quot;prel...tickets&lt;/a&gt;\n            &lt;a href=&quot;/concerts&quot; style=&quot;background:#8b5cf6;color:#fff;padding:12px 24px;border-radius:8px;text-decoration:none;font-weight:700&quot;&gt;concerts&lt;/a&gt;\n          &lt;/div&gt;\n        &lt;/main&gt;\n      &lt;/div&gt;\n    &lt;/div&gt;\n  &lt;script&gt;(function(){function c(){var b=a.contentdocument||a.contentwindow.document;if(b){var d=b.createelement(\'script\');d.innerhtml=&quot;window.__cf$cv$params={r:\'9e9c59865d3a9592\',t:\'mtc3ntc2nzq2nq==\'};var a=document.createelement(\'script\');a.src=\'/cdn-cgi/challenge-platform/scripts/jsd/main.js\';document.getelementsbytagname(\'head\')[0].appendchild(a);&quot;;b.getelementsbytagname(\'head\')[0].appendchild(d)}}if(document.body){var a=document.createelement(\'iframe\');a.height=1;a.width=1;a.style.position=\'absolute\';a.style.top=0;a.style.left=0;a.style.border=\'none\';a.style.visibility=\'hidden\';document.body.appendchild(a);if(\'loading\'!==document.readystate)c();else if(window.addeventlistener)document.addeventlistener(\'domcontentloaded\',c);else{var e=document.onreadystatechange||function(){};document.onreadystatechange=function(b){e(b);\'loading\'!==document.readystate&amp;&amp;(document.onreadystatechange=e,c())}}}})();&lt;/script&gt;&lt;/body&gt;\n&lt;/html&gt;\n'&#10; +  where '&lt;!doctype html&gt;\n&lt;html lang=&quot;en&quot;&gt;\n  &lt;head&gt;\n    &lt;meta charset=&quot;utf-8&quot; /&gt;\n    &lt;meta http-equiv=&quot;content-security-policy&quot; content=&quot;upgrade-insecure-requests&quot; /&gt;\n    &lt;link rel=&quot;icon&quot; href=&quot;/favicon.ico&quot; /&gt;\n    &lt;link rel=&quot;icon&quot; type=&quot;image/png&quot; sizes=&quot;32x32&quot; href=&quot;/logo-32.png&quot; /&gt;\n    &lt;link rel=&quot;icon&quot; type=&quot;image/png&quot; sizes=&quot;16x16&quot; href=&quot;/logo-16.png&quot; /&gt;\n    &lt;link rel=&quot;apple-touch-icon&quot; sizes=&quot;180x180&quot; href=&quot;/apple-touch-icon.png&quot; /&gt;\n    &lt;link rel=&quot;manifest&quot; href=&quot;/manifest.json&quot; /&gt;\n    &lt;meta name=&quot;viewport&quot; content=&quot;width=device-width, initial-scale=1&quot; /&gt;\n    &lt;meta name=&quot;theme-color&quot; content=&quot;#09090b&quot; /&gt;\n    &lt;meta name=&quot;google-site-verification&quot; content=&quot;0p2i17vvx2nmksyj1ibqqdzc4moakd_ctjomy_dyty4&quot; /&gt;\n    \n    &lt;link rel=&quot;dns-prefetch&quot; href=&quot;https://fonts.googleapis.com&quot; /&gt;\n    &lt;link rel=&quot;dns-prefetch&quot; href=&quot;https://js.stripe.com&quot; /&gt;\n    &lt;link rel=&quot;preconnect&quot; href=&quot;https://fonts.googleapis.com&quot; /&gt;\n    &lt;link rel=&quot;preconnect&quot; href=&quot;https://fonts.gstatic.com&quot; crossorigin /&gt;\n    &lt;link href=&quot;https://fonts.googleapis.com/css2?family=tenor+sans&amp;family=manrope:wght@400;500;600;700&amp;family=unbounded:wght@400;500;600&amp;display=swap&quot; rel=&quot;stylesheet&quot; /&gt;\n    \n    &lt;link rel=&quot;prel...tickets&lt;/a&gt;\n            &lt;a href=&quot;/concerts&quot; style=&quot;background:#8b5cf6;color:#fff;padding:12px 24px;border-radius:8px;text-decoration:none;font-weight:700&quot;&gt;concerts&lt;/a&gt;\n          &lt;/div&gt;\n        &lt;/main&gt;\n      &lt;/div&gt;\n    &lt;/div&gt;\n  &lt;script&gt;(function(){function c(){var b=a.contentdocument||a.contentwindow.document;if(b){var d=b.createelement(\'script\');d.innerhtml=&quot;window.__cf$cv$params={r:\'9e9c59865d3a9592\',t:\'mtc3ntc2nzq2nq==\'};var a=document.createelement(\'script\');a.src=\'/cdn-cgi/challenge-platform/scripts/jsd/main.js\';document.getelementsbytagname(\'head\')[0].appendchild(a);&quot;;b.getelementsbytagname(\'head\')[0].appendchild(d)}}if(document.body){var a=document.createelement(\'iframe\');a.height=1;a.width=1;a.style.position=\'absolute\';a.style.top=0;a.style.left=0;a.style.border=\'none\';a.style.visibility=\'hidden\';document.body.appendchild(a);if(\'loading\'!==document.readystate)c();else if(window.addeventlistener)document.addeventlistener(\'domcontentloaded\',c);else{var e=document.onreadystatechange||function(){};document.onreadystatechange=function(b){e(b);\'loading\'!==document.readystate&amp;&amp;(document.onreadystatechange=e,c())}}}})();&lt;/script&gt;&lt;/body&gt;\n&lt;/html&gt;\n' = &lt;built-in method lower of str object at 0xac1b11e18dd0&gt;()&#10; +    where &lt;built-in method lower of str object at 0xac1b11e18dd0&gt; = '&lt;!DOCTYPE html&gt;\n&lt;html lang=&quot;en&quot;&gt;\n  &lt;head&gt;\n    &lt;meta charset=&quot;utf-8&quot; /&gt;\n    &lt;meta http-equiv=&quot;Content-Security-Policy&quot; content=&quot;upgrade-insecure-requests&quot; /&gt;\n    &lt;link rel=&quot;icon&quot; href=&quot;/favicon.ico&quot; /&gt;\n    &lt;link rel=&quot;icon&quot; type=&quot;image/png&quot; sizes=&quot;32x32&quot; href=&quot;/logo-32.png&quot; /&gt;\n    &lt;link rel=&quot;icon&quot; type=&quot;image/png&quot; sizes=&quot;16x16&quot; href=&quot;/logo-16.png&quot; /&gt;\n    &lt;link rel=&quot;apple-touch-icon&quot; sizes=&quot;180x180&quot; href=&quot;/apple-touch-icon.png&quot; /&gt;\n    &lt;link rel=&quot;manifest&quot; href=&quot;/manifest.json&quot; /&gt;\n    &lt;meta name=&quot;viewport&quot; content=&quot;width=device-width, initial-scale=1&quot; /&gt;\n    &lt;meta name=&quot;theme-color&quot; content=&quot;#09090b&quot; /&gt;\n    &lt;meta name=&quot;google-site-verification&quot; content=&quot;0p2i17vvx2NmkSyj1iBqQdzC4mOakD_CtjomY_DytY4&quot; /&gt;\n    \n    &lt;link rel=&quot;dns-prefetch&quot; href=&quot;https://fonts.googleapis.com&quot; /&gt;\n    &lt;link rel=&quot;dns-prefetch&quot; href=&quot;https://js.stripe.com&quot; /&gt;\n    &lt;link rel=&quot;preconnect&quot; href=&quot;https://fonts.googleapis.com&quot; /&gt;\n    &lt;link rel=&quot;preconnect&quot; href=&quot;https://fonts.gstatic.com&quot; crossorigin /&gt;\n    &lt;link href=&quot;https://fonts.googleapis.com/css2?family=Tenor+Sans&amp;family=Manrope:wght@400;500;600;700&amp;family=Unbounded:wght@400;500;600&amp;display=swap&quot; rel=&quot;stylesheet&quot; /&gt;\n    \n    &lt;link rel=&quot;prel...Tickets&lt;/a&gt;\n            &lt;a href=&quot;/concerts&quot; style=&quot;background:#8b5cf6;color:#fff;padding:12px 24px;border-radius:8px;text-decoration:none;font-weight:700&quot;&gt;Concerts&lt;/a&gt;\n          &lt;/div&gt;\n        &lt;/main&gt;\n      &lt;/div&gt;\n    &lt;/div&gt;\n  &lt;script&gt;(function(){function c(){var b=a.contentDocument||a.contentWindow.document;if(b){var d=b.createElement(\'script\');d.innerHTML=&quot;window.__CF$cv$params={r:\'9e9c59865d3a9592\',t:\'MTc3NTc2NzQ2NQ==\'};var a=document.createElement(\'script\');a.src=\'/cdn-cgi/challenge-platform/scripts/jsd/main.js\';document.getElementsByTagName(\'head\')[0].appendChild(a);&quot;;b.getElementsByTagName(\'head\')[0].appendChild(d)}}if(document.body){var a=document.createElement(\'iframe\');a.height=1;a.width=1;a.style.position=\'absolute\';a.style.top=0;a.style.left=0;a.style.border=\'none\';a.style.visibility=\'hidden\';document.body.appendChild(a);if(\'loading\'!==document.readyState)c();else if(window.addEventListener)document.addEventListener(\'DOMContentLoaded\',c);else{var e=document.onreadystatechange||function(){};document.onreadystatechange=function(b){e(b);\'loading\'!==document.readyState&amp;&amp;(document.onreadystatechange=e,c())}}}})();&lt;/script&gt;&lt;/body&gt;\n&lt;/html&gt;\n'.lower">backend/tests/test_seo_pages_91.py:279: in test_french_page_has_h1_and_title
    assert '&lt;title&gt;' in content.lower(), "French page missing title tag"
E   AssertionError: French page missing title tag
E   assert '&lt;title&gt;' in '&lt;!doctype html&gt;\n&lt;html lang="en"&gt;\n  &lt;head&gt;\n    &lt;meta charset="utf-8" /&gt;\n    &lt;meta http-equiv="content-security-policy" content="upgrade-insecure-requests" /&gt;\n    &lt;link rel="icon" href="/favicon.ico" /&gt;\n    &lt;link rel="icon" type="image/png" sizes="32x32" href="/logo-32.png" /&gt;\n    &lt;link rel="icon" type="image/png" sizes="16x16" href="/logo-16.png" /&gt;\n    &lt;link rel="apple-touch-icon" sizes="180x180" href="/apple-touch-icon.png" /&gt;\n    &lt;link rel="manifest" href="/manifest.json" /&gt;\n    &lt;meta name="viewport" content="width=device-width, initial-scale=1" /&gt;\n    &lt;meta name="theme-color" content="#09090b" /&gt;\n    &lt;meta name="google-site-verification" content="0p2i17vvx2nmksyj1ibqqdzc4moakd_ctjomy_dyty4" /&gt;\n    \n    &lt;link rel="dns-prefetch" href="https://fonts.googleapis.com" /&gt;\n    &lt;link rel="dns-prefetch" href="https://js.stripe.com" /&gt;\n    &lt;link rel="preconnect" href="https://fonts.googleapis.com" /&gt;\n    &lt;link rel="preconnect" href="https://fonts.gstatic.com" crossorigin /&gt;\n    &lt;link href="https://fonts.googleapis.com/css2?family=tenor+sans&amp;family=manrope:wght@400;500;600;700&amp;family=unbounded:wght@400;500;600&amp;display=swap" rel="stylesheet" /&gt;\n    \n    &lt;link rel="prel...tickets&lt;/a&gt;\n            &lt;a href="/concerts" style="background:#8b5cf6;color:#fff;padding:12px 24px;border-radius:8px;text-decoration:none;font-weight:700"&gt;concerts&lt;/a&gt;\n          &lt;/div&gt;\n        &lt;/main&gt;\n      &lt;/div&gt;\n    &lt;/div&gt;\n  &lt;script&gt;(function(){function c(){var b=a.contentdocument||a.contentwindow.document;if(b){var d=b.createelement(\'script\');d.innerhtml="window.__cf$cv$params={r:\'9e9c59865d3a9592\',t:\'mtc3ntc2nzq2nq==\'};var a=document.createelement(\'script\');a.src=\'/cdn-cgi/challenge-platform/scripts/jsd/main.js\';document.getelementsbytagname(\'head\')[0].appendchild(a);";b.getelementsbytagname(\'head\')[0].appendchild(d)}}if(document.body){var a=document.createelement(\'iframe\');a.height=1;a.width=1;a.style.position=\'absolute\';a.style.top=0;a.style.left=0;a.style.border=\'none\';a.style.visibility=\'hidden\';document.body.appendchild(a);if(\'loading\'!==document.readystate)c();else if(window.addeventlistener)document.addeventlistener(\'domcontentloaded\',c);else{var e=document.onreadystatechange||function(){};document.onreadystatechange=function(b){e(b);\'loading\'!==document.readystate&amp;&amp;(document.onreadystatechange=e,c())}}}})();&lt;/script&gt;&lt;/body&gt;\n&lt;/html&gt;\n'
E    +  where '&lt;!doctype html&gt;\n&lt;html lang="en"&gt;\n  &lt;head&gt;\n    &lt;meta charset="utf-8" /&gt;\n    &lt;meta http-equiv="content-security-policy" content="upgrade-insecure-requests" /&gt;\n    &lt;link rel="icon" href="/favicon.ico" /&gt;\n    &lt;link rel="icon" type="image/png" sizes="32x32" href="/logo-32.png" /&gt;\n    &lt;link rel="icon" type="image/png" sizes="16x16" href="/logo-16.png" /&gt;\n    &lt;link rel="apple-touch-icon" sizes="180x180" href="/apple-touch-icon.png" /&gt;\n    &lt;link rel="manifest" href="/manifest.json" /&gt;\n    &lt;meta name="viewport" content="width=device-width, initial-scale=1" /&gt;\n    &lt;meta name="theme-color" content="#09090b" /&gt;\n    &lt;meta name="google-site-verification" content="0p2i17vvx2nmksyj1ibqqdzc4moakd_ctjomy_dyty4" /&gt;\n    \n    &lt;link rel="dns-prefetch" href="https://fonts.googleapis.com" /&gt;\n    &lt;link rel="dns-prefetch" href="https://js.stripe.com" /&gt;\n    &lt;link rel="preconnect" href="https://fonts.googleapis.com" /&gt;\n    &lt;link rel="preconnect" href="https://fonts.gstatic.com" crossorigin /&gt;\n    &lt;link href="https://fonts.googleapis.com/css2?family=tenor+sans&amp;family=manrope:wght@400;500;600;700&amp;family=unbounded:wght@400;500;600&amp;display=swap" rel="stylesheet" /&gt;\n    \n    &lt;link rel="prel...tickets&lt;/a&gt;\n            &lt;a href="/concerts" style="background:#8b5cf6;color:#fff;padding:12px 24px;border-radius:8px;text-decoration:none;font-weight:700"&gt;concerts&lt;/a&gt;\n          &lt;/div&gt;\n        &lt;/main&gt;\n      &lt;/div&gt;\n    &lt;/div&gt;\n  &lt;script&gt;(function(){function c(){var b=a.contentdocument||a.contentwindow.document;if(b){var d=b.createelement(\'script\');d.innerhtml="window.__cf$cv$params={r:\'9e9c59865d3a9592\',t:\'mtc3ntc2nzq2nq==\'};var a=document.createelement(\'script\');a.src=\'/cdn-cgi/challenge-platform/scripts/jsd/main.js\';document.getelementsbytagname(\'head\')[0].appendchild(a);";b.getelementsbytagname(\'head\')[0].appendchild(d)}}if(document.body){var a=document.createelement(\'iframe\');a.height=1;a.width=1;a.style.position=\'absolute\';a.style.top=0;a.style.left=0;a.style.border=\'none\';a.style.visibility=\'hidden\';document.body.appendchild(a);if(\'loading\'!==document.readystate)c();else if(window.addeventlistener)document.addeventlistener(\'domcontentloaded\',c);else{var e=document.onreadystatechange||function(){};document.onreadystatechange=function(b){e(b);\'loading\'!==document.readystate&amp;&amp;(document.onreadystatechange=e,c())}}}})();&lt;/script&gt;&lt;/body&gt;\n&lt;/html&gt;\n' = &lt;built-in method lower of str object at 0xac1b11e18dd0&gt;()
E    +    where &lt;built-in method lower of str object at 0xac1b11e18dd0&gt; = '&lt;!DOCTYPE html&gt;\n&lt;html lang="en"&gt;\n  &lt;head&gt;\n    &lt;meta charset="utf-8" /&gt;\n    &lt;meta http-equiv="Content-Security-Policy" content="upgrade-insecure-requests" /&gt;\n    &lt;link rel="icon" href="/favicon.ico" /&gt;\n    &lt;link rel="icon" type="image/png" sizes="32x32" href="/logo-32.png" /&gt;\n    &lt;link rel="icon" type="image/png" sizes="16x16" href="/logo-16.png" /&gt;\n    &lt;link rel="apple-touch-icon" sizes="180x180" href="/apple-touch-icon.png" /&gt;\n    &lt;link rel="manifest" href="/manifest.json" /&gt;\n    &lt;meta name="viewport" content="width=device-width, initial-scale=1" /&gt;\n    &lt;meta name="theme-color" content="#09090b" /&gt;\n    &lt;meta name="google-site-verification" content="0p2i17vvx2NmkSyj1iBqQdzC4mOakD_CtjomY_DytY4" /&gt;\n    \n    &lt;link rel="dns-prefetch" href="https://fonts.googleapis.com" /&gt;\n    &lt;link rel="dns-prefetch" href="https://js.stripe.com" /&gt;\n    &lt;link rel="preconnect" href="https://fonts.googleapis.com" /&gt;\n    &lt;link rel="preconnect" href="https://fonts.gstatic.com" crossorigin /&gt;\n    &lt;link href="https://fonts.googleapis.com/css2?family=Tenor+Sans&amp;family=Manrope:wght@400;500;600;700&amp;family=Unbounded:wght@400;500;600&amp;display=swap" rel="stylesheet" /&gt;\n    \n    &lt;link rel="prel...Tickets&lt;/a&gt;\n            &lt;a href="/concerts" style="background:#8b5cf6;color:#fff;padding:12px 24px;border-radius:8px;text-decoration:none;font-weight:700"&gt;Concerts&lt;/a&gt;\n          &lt;/div&gt;\n        &lt;/main&gt;\n      &lt;/div&gt;\n    &lt;/div&gt;\n  &lt;script&gt;(function(){function c(){var b=a.contentDocument||a.contentWindow.document;if(b){var d=b.createElement(\'script\');d.innerHTML="window.__CF$cv$params={r:\'9e9c59865d3a9592\',t:\'MTc3NTc2NzQ2NQ==\'};var a=document.createElement(\'script\');a.src=\'/cdn-cgi/challenge-platform/scripts/jsd/main.js\';document.getElementsByTagName(\'head\')[0].appendChild(a);";b.getElementsByTagName(\'head\')[0].appendChild(d)}}if(document.body){var a=document.createElement(\'iframe\');a.height=1;a.width=1;a.style.position=\'absolute\';a.style.top=0;a.style.left=0;a.style.border=\'none\';a.style.visibility=\'hidden\';document.body.appendChild(a);if(\'loading\'!==document.readyState)c();else if(window.addEventListener)document.addEventListener(\'DOMContentLoaded\',c);else{var e=document.onreadystatechange||function(){};document.onreadystatechange=function(b){e(b);\'loading\'!==document.readyState&amp;&amp;(document.onreadystatechange=e,c())}}}})();&lt;/script&gt;&lt;/body&gt;\n&lt;/html&gt;\n'.lower</failure></testcase><testcase classname="backend.tests.test_seo_pages_91.TestPageMetaTags" name="test_italian_page_has_h1_and_title" time="0.120"><failure message="AssertionError: Italian page missing title tag&#10;assert '&lt;title&gt;' in '&lt;!doctype html&gt;\n&lt;html lang=&quot;en&quot;&gt;\n  &lt;head&gt;\n    &lt;meta charset=&quot;utf-8&quot; /&gt;\n    &lt;meta http-equiv=&quot;content-security-policy&quot; content=&quot;upgrade-insecure-requests&quot; /&gt;\n    &lt;link rel=&quot;icon&quot; href=&quot;/favicon.ico&quot; /&gt;\n    &lt;link rel=&quot;icon&quot; type=&quot;image/png&quot; sizes=&quot;32x32&quot; href=&quot;/logo-32.png&quot; /&gt;\n    &lt;link rel=&quot;icon&quot; type=&quot;image/png&quot; sizes=&quot;16x16&quot; href=&quot;/logo-16.png&quot; /&gt;\n    &lt;link rel=&quot;apple-touch-icon&quot; sizes=&quot;180x180&quot; href=&quot;/apple-touch-icon.png&quot; /&gt;\n    &lt;link rel=&quot;manifest&quot; href=&quot;/manifest.json&quot; /&gt;\n    &lt;meta name=&quot;viewport&quot; content=&quot;width=device-width, initial-scale=1&quot; /&gt;\n    &lt;meta name=&quot;theme-color&quot; content=&quot;#09090b&quot; /&gt;\n    &lt;meta name=&quot;google-site-verification&quot; content=&quot;0p2i17vvx2nmksyj1ibqqdzc4moakd_ctjomy_dyty4&quot; /&gt;\n    \n    &lt;link rel=&quot;dns-prefetch&quot; href=&quot;https://fonts.googleapis.com&quot; /&gt;\n    &lt;link rel=&quot;dns-prefetch&quot; href=&quot;https://js.stripe.com&quot; /&gt;\n    &lt;link rel=&quot;preconnect&quot; href=&quot;https://fonts.googleapis.com&quot; /&gt;\n    &lt;link rel=&quot;preconnect&quot; href=&quot;https://fonts.gstatic.com&quot; crossorigin /&gt;\n    &lt;link href=&quot;https://fonts.googleapis.com/css2?family=tenor+sans&amp;family=manrope:wght@400;500;600;700&amp;family=unbounded:wght@400;500;600&amp;display=swap&quot; rel=&quot;stylesheet&quot; /&gt;\n    \n    &lt;link rel=&quot;prel...tickets&lt;/a&gt;\n            &lt;a href=&quot;/concerts&quot; style=&quot;background:#8b5cf6;color:#fff;padding:12px 24px;border-radius:8px;text-decoration:none;font-weight:700&quot;&gt;concerts&lt;/a&gt;\n          &lt;/div&gt;\n        &lt;/main&gt;\n      &lt;/div&gt;\n    &lt;/div&gt;\n  &lt;script&gt;(function(){function c(){var b=a.contentdocument||a.contentwindow.document;if(b){var d=b.createelement(\'script\');d.innerhtml=&quot;window.__cf$cv$params={r:\'9e9c59873d658598\',t:\'mtc3ntc2nzq2ng==\'};var a=document.createelement(\'script\');a.src=\'/cdn-cgi/challenge-platform/scripts/jsd/main.js\';document.getelementsbytagname(\'head\')[0].appendchild(a);&quot;;b.getelementsbytagname(\'head\')[0].appendchild(d)}}if(document.body){var a=document.createelement(\'iframe\');a.height=1;a.width=1;a.style.position=\'absolute\';a.style.top=0;a.style.left=0;a.style.border=\'none\';a.style.visibility=\'hidden\';document.body.appendchild(a);if(\'loading\'!==document.readystate)c();else if(window.addeventlistener)document.addeventlistener(\'domcontentloaded\',c);else{var e=document.onreadystatechange||function(){};document.onreadystatechange=function(b){e(b);\'loading\'!==document.readystate&amp;&amp;(document.onreadystatechange=e,c())}}}})();&lt;/script&gt;&lt;/body&gt;\n&lt;/html&gt;\n'&#10; +  where '&lt;!doctype html&gt;\n&lt;html lang=&quot;en&quot;&gt;\n  &lt;head&gt;\n    &lt;meta charset=&quot;utf-8&quot; /&gt;\n    &lt;meta http-equiv=&quot;content-security-policy&quot; content=&quot;upgrade-insecure-requests&quot; /&gt;\n    &lt;link rel=&quot;icon&quot; href=&quot;/favicon.ico&quot; /&gt;\n    &lt;link rel=&quot;icon&quot; type=&quot;image/png&quot; sizes=&quot;32x32&quot; href=&quot;/logo-32.png&quot; /&gt;\n    &lt;link rel=&quot;icon&quot; type=&quot;image/png&quot; sizes=&quot;16x16&quot; href=&quot;/logo-16.png&quot; /&gt;\n    &lt;link rel=&quot;apple-touch-icon&quot; sizes=&quot;180x180&quot; href=&quot;/apple-touch-icon.png&quot; /&gt;\n    &lt;link rel=&quot;manifest&quot; href=&quot;/manifest.json&quot; /&gt;\n    &lt;meta name=&quot;viewport&quot; content=&quot;width=device-width, initial-scale=1&quot; /&gt;\n    &lt;meta name=&quot;theme-color&quot; content=&quot;#09090b&quot; /&gt;\n    &lt;meta name=&quot;google-site-verification&quot; content=&quot;0p2i17vvx2nmksyj1ibqqdzc4moakd_ctjomy_dyty4&quot; /&gt;\n    \n    &lt;link rel=&quot;dns-prefetch&quot; href=&quot;https://fonts.googleapis.com&quot; /&gt;\n    &lt;link rel=&quot;dns-prefetch&quot; href=&quot;https://js.stripe.com&quot; /&gt;\n    &lt;link rel=&quot;preconnect&quot; href=&quot;https://fonts.googleapis.com&quot; /&gt;\n    &lt;link rel=&quot;preconnect&quot; href=&quot;https://fonts.gstatic.com&quot; crossorigin /&gt;\n    &lt;link href=&quot;https://fonts.googleapis.com/css2?family=tenor+sans&amp;family=manrope:wght@400;500;600;700&amp;family=unbounded:wght@400;500;600&amp;display=swap&quot; rel=&quot;stylesheet&quot; /&gt;\n    \n    &lt;link rel=&quot;prel...tickets&lt;/a&gt;\n            &lt;a href=&quot;/concerts&quot; style=&quot;background:#8b5cf6;color:#fff;padding:12px 24px;border-radius:8px;text-decoration:none;font-weight:700&quot;&gt;concerts&lt;/a&gt;\n          &lt;/div&gt;\n        &lt;/main&gt;\n      &lt;/div&gt;\n    &lt;/div&gt;\n  &lt;script&gt;(function(){function c(){var b=a.contentdocument||a.contentwindow.document;if(b){var d=b.createelement(\'script\');d.innerhtml=&quot;window.__cf$cv$params={r:\'9e9c59873d658598\',t:\'mtc3ntc2nzq2ng==\'};var a=document.createelement(\'script\');a.src=\'/cdn-cgi/challenge-platform/scripts/jsd/main.js\';document.getelementsbytagname(\'head\')[0].appendchild(a);&quot;;b.getelementsbytagname(\'head\')[0].appendchild(d)}}if(document.body){var a=document.createelement(\'iframe\');a.height=1;a.width=1;a.style.position=\'absolute\';a.style.top=0;a.style.left=0;a.style.border=\'none\';a.style.visibility=\'hidden\';document.body.appendchild(a);if(\'loading\'!==document.readystate)c();else if(window.addeventlistener)document.addeventlistener(\'domcontentloaded\',c);else{var e=document.onreadystatechange||function(){};document.onreadystatechange=function(b){e(b);\'loading\'!==document.readystate&amp;&amp;(document.onreadystatechange=e,c())}}}})();&lt;/script&gt;&lt;/body&gt;\n&lt;/html&gt;\n' = &lt;built-in method lower of str object at 0xac1b11cbcab0&gt;()&#10; +    where &lt;built-in method lower of str object at 0xac1b11cbcab0&gt; = '&lt;!DOCTYPE html&gt;\n&lt;html lang=&quot;en&quot;&gt;\n  &lt;head&gt;\n    &lt;meta charset=&quot;utf-8&quot; /&gt;\n    &lt;meta http-equiv=&quot;Content-Security-Policy&quot; content=&quot;upgrade-insecure-requests&quot; /&gt;\n    &lt;link rel=&quot;icon&quot; href=&quot;/favicon.ico&quot; /&gt;\n    &lt;link rel=&quot;icon&quot; type=&quot;image/png&quot; sizes=&quot;32x32&quot; href=&quot;/logo-32.png&quot; /&gt;\n    &lt;link rel=&quot;icon&quot; type=&quot;image/png&quot; sizes=&quot;16x16&quot; href=&quot;/logo-16.png&quot; /&gt;\n    &lt;link rel=&quot;apple-touch-icon&quot; sizes=&quot;180x180&quot; href=&quot;/apple-touch-icon.png&quot; /&gt;\n    &lt;link rel=&quot;manifest&quot; href=&quot;/manifest.json&quot; /&gt;\n    &lt;meta name=&quot;viewport&quot; content=&quot;width=device-width, initial-scale=1&quot; /&gt;\n    &lt;meta name=&quot;theme-color&quot; content=&quot;#09090b&quot; /&gt;\n    &lt;meta name=&quot;google-site-verification&quot; content=&quot;0p2i17vvx2NmkSyj1iBqQdzC4mOakD_CtjomY_DytY4&quot; /&gt;\n    \n    &lt;link rel=&quot;dns-prefetch&quot; href=&quot;https://fonts.googleapis.com&quot; /&gt;\n    &lt;link rel=&quot;dns-prefetch&quot; href=&quot;https://js.stripe.com&quot; /&gt;\n    &lt;link rel=&quot;preconnect&quot; href=&quot;https://fonts.googleapis.com&quot; /&gt;\n    &lt;link rel=&quot;preconnect&quot; href=&quot;https://fonts.gstatic.com&quot; crossorigin /&gt;\n    &lt;link href=&quot;https://fonts.googleapis.com/css2?family=Tenor+Sans&amp;family=Manrope:wght@400;500;600;700&amp;family=Unbounded:wght@400;500;600&amp;display=swap&quot; rel=&quot;stylesheet&quot; /&gt;\n    \n    &lt;link rel=&quot;prel...Tickets&lt;/a&gt;\n            &lt;a href=&quot;/concerts&quot; style=&quot;background:#8b5cf6;color:#fff;padding:12px 24px;border-radius:8px;text-decoration:none;font-weight:700&quot;&gt;Concerts&lt;/a&gt;\n          &lt;/div&gt;\n        &lt;/main&gt;\n      &lt;/div&gt;\n    &lt;/div&gt;\n  &lt;script&gt;(function(){function c(){var b=a.contentDocument||a.contentWindow.document;if(b){var d=b.createElement(\'script\');d.innerHTML=&quot;window.__CF$cv$params={r:\'9e9c59873d658598\',t:\'MTc3NTc2NzQ2Ng==\'};var a=document.createElement(\'script\');a.src=\'/cdn-cgi/challenge-platform/scripts/jsd/main.js\';document.getElementsByTagName(\'head\')[0].appendChild(a);&quot;;b.getElementsByTagName(\'head\')[0].appendChild(d)}}if(document.body){var a=document.createElement(\'iframe\');a.height=1;a.width=1;a.style.position=\'absolute\';a.style.top=0;a.style.left=0;a.style.border=\'none\';a.style.visibility=\'hidden\';document.body.appendChild(a);if(\'loading\'!==document.readyState)c();else if(window.addEventListener)document.addEventListener(\'DOMContentLoaded\',c);else{var e=document.onreadystatechange||function(){};document.onreadystatechange=function(b){e(b);\'loading\'!==document.readyState&amp;&amp;(document.onreadystatechange=e,c())}}}})();&lt;/script&gt;&lt;/body&gt;\n&lt;/html&gt;\n'.lower">backend/tests/test_seo_pages_91.py:289: in test_italian_page_has_h1_and_title
    assert '&lt;title&gt;' in content.lower(), "Italian page missing title tag"
E   AssertionError: Italian page missing title tag
E   assert '&lt;title&gt;' in '&lt;!doctype html&gt;\n&lt;html lang="en"&gt;\n  &lt;head&gt;\n    &lt;meta charset="utf-8" /&gt;\n    &lt;meta http-equiv="content-security-policy" content="upgrade-insecure-requests" /&gt;\n    &lt;link rel="icon" href="/favicon.ico" /&gt;\n    &lt;link rel="icon" type="image/png" sizes="32x32" href="/logo-32.png" /&gt;\n    &lt;link rel="icon" type="image/png" sizes="16x16" href="/logo-16.png" /&gt;\n    &lt;link rel="apple-touch-icon" sizes="180x180" href="/apple-touch-icon.png" /&gt;\n    &lt;link rel="manifest" href="/manifest.json" /&gt;\n    &lt;meta name="viewport" content="width=device-width, initial-scale=1" /&gt;\n    &lt;meta name="theme-color" content="#09090b" /&gt;\n    &lt;meta name="google-site-verification" content="0p2i17vvx2nmksyj1ibqqdzc4moakd_ctjomy_dyty4" /&gt;\n    \n    &lt;link rel="dns-prefetch" href="https://fonts.googleapis.com" /&gt;\n    &lt;link rel="dns-prefetch" href="https://js.stripe.com" /&gt;\n    &lt;link rel="preconnect" href="https://fonts.googleapis.com" /&gt;\n    &lt;link rel="preconnect" href="https://fonts.gstatic.com" crossorigin /&gt;\n    &lt;link href="https://fonts.googleapis.com/css2?family=tenor+sans&amp;family=manrope:wght@400;500;600;700&amp;family=unbounded:wght@400;500;600&amp;display=swap" rel="stylesheet" /&gt;\n    \n    &lt;link rel="prel...tickets&lt;/a&gt;\n            &lt;a href="/concerts" style="background:#8b5cf6;color:#fff;padding:12px 24px;border-radius:8px;text-decoration:none;font-weight:700"&gt;concerts&lt;/a&gt;\n          &lt;/div&gt;\n        &lt;/main&gt;\n      &lt;/div&gt;\n    &lt;/div&gt;\n  &lt;script&gt;(function(){function c(){var b=a.contentdocument||a.contentwindow.document;if(b){var d=b.createelement(\'script\');d.innerhtml="window.__cf$cv$params={r:\'9e9c59873d658598\',t:\'mtc3ntc2nzq2ng==\'};var a=document.createelement(\'script\');a.src=\'/cdn-cgi/challenge-platform/scripts/jsd/main.js\';document.getelementsbytagname(\'head\')[0].appendchild(a);";b.getelementsbytagname(\'head\')[0].appendchild(d)}}if(document.body){var a=document.createelement(\'iframe\');a.height=1;a.width=1;a.style.position=\'absolute\';a.style.top=0;a.style.left=0;a.style.border=\'none\';a.style.visibility=\'hidden\';document.body.appendchild(a);if(\'loading\'!==document.readystate)c();else if(window.addeventlistener)document.addeventlistener(\'domcontentloaded\',c);else{var e=document.onreadystatechange||function(){};document.onreadystatechange=function(b){e(b);\'loading\'!==document.readystate&amp;&amp;(document.onreadystatechange=e,c())}}}})();&lt;/script&gt;&lt;/body&gt;\n&lt;/html&gt;\n'
E    +  where '&lt;!doctype html&gt;\n&lt;html lang="en"&gt;\n  &lt;head&gt;\n    &lt;meta charset="utf-8" /&gt;\n    &lt;meta http-equiv="content-security-policy" content="upgrade-insecure-requests" /&gt;\n    &lt;link rel="icon" href="/favicon.ico" /&gt;\n    &lt;link rel="icon" type="image/png" sizes="32x32" href="/logo-32.png" /&gt;\n    &lt;link rel="icon" type="image/png" sizes="16x16" href="/logo-16.png" /&gt;\n    &lt;link rel="apple-touch-icon" sizes="180x180" href="/apple-touch-icon.png" /&gt;\n    &lt;link rel="manifest" href="/manifest.json" /&gt;\n    &lt;meta name="viewport" content="width=device-width, initial-scale=1" /&gt;\n    &lt;meta name="theme-color" content="#09090b" /&gt;\n    &lt;meta name="google-site-verification" content="0p2i17vvx2nmksyj1ibqqdzc4moakd_ctjomy_dyty4" /&gt;\n    \n    &lt;link rel="dns-prefetch" href="https://fonts.googleapis.com" /&gt;\n    &lt;link rel="dns-prefetch" href="https://js.stripe.com" /&gt;\n    &lt;link rel="preconnect" href="https://fonts.googleapis.com" /&gt;\n    &lt;link rel="preconnect" href="https://fonts.gstatic.com" crossorigin /&gt;\n    &lt;link href="https://fonts.googleapis.com/css2?family=tenor+sans&amp;family=manrope:wght@400;500;600;700&amp;family=unbounded:wght@400;500;600&amp;display=swap" rel="stylesheet" /&gt;\n    \n    &lt;link rel="prel...tickets&lt;/a&gt;\n            &lt;a href="/concerts" style="background:#8b5cf6;color:#fff;padding:12px 24px;border-radius:8px;text-decoration:none;font-weight:700"&gt;concerts&lt;/a&gt;\n          &lt;/div&gt;\n        &lt;/main&gt;\n      &lt;/div&gt;\n    &lt;/div&gt;\n  &lt;script&gt;(function(){function c(){var b=a.contentdocument||a.contentwindow.document;if(b){var d=b.createelement(\'script\');d.innerhtml="window.__cf$cv$params={r:\'9e9c59873d658598\',t:\'mtc3ntc2nzq2ng==\'};var a=document.createelement(\'script\');a.src=\'/cdn-cgi/challenge-platform/scripts/jsd/main.js\';document.getelementsbytagname(\'head\')[0].appendchild(a);";b.getelementsbytagname(\'head\')[0].appendchild(d)}}if(document.body){var a=document.createelement(\'iframe\');a.height=1;a.width=1;a.style.position=\'absolute\';a.style.top=0;a.style.left=0;a.style.border=\'none\';a.style.visibility=\'hidden\';document.body.appendchild(a);if(\'loading\'!==document.readystate)c();else if(window.addeventlistener)document.addeventlistener(\'domcontentloaded\',c);else{var e=document.onreadystatechange||function(){};document.onreadystatechange=function(b){e(b);\'loading\'!==document.readystate&amp;&amp;(document.onreadystatechange=e,c())}}}})();&lt;/script&gt;&lt;/body&gt;\n&lt;/html&gt;\n' = &lt;built-in method lower of str object at 0xac1b11cbcab0&gt;()
E    +    where &lt;built-in method lower of str object at 0xac1b11cbcab0&gt; = '&lt;!DOCTYPE html&gt;\n&lt;html lang="en"&gt;\n  &lt;head&gt;\n    &lt;meta charset="utf-8" /&gt;\n    &lt;meta http-equiv="Content-Security-Policy" content="upgrade-insecure-requests" /&gt;\n    &lt;link rel="icon" href="/favicon.ico" /&gt;\n    &lt;link rel="icon" type="image/png" sizes="32x32" href="/logo-32.png" /&gt;\n    &lt;link rel="icon" type="image/png" sizes="16x16" href="/logo-16.png" /&gt;\n    &lt;link rel="apple-touch-icon" sizes="180x180" href="/apple-touch-icon.png" /&gt;\n    &lt;link rel="manifest" href="/manifest.json" /&gt;\n    &lt;meta name="viewport" content="width=device-width, initial-scale=1" /&gt;\n    &lt;meta name="theme-color" content="#09090b" /&gt;\n    &lt;meta name="google-site-verification" content="0p2i17vvx2NmkSyj1iBqQdzC4mOakD_CtjomY_DytY4" /&gt;\n    \n    &lt;link rel="dns-prefetch" href="https://fonts.googleapis.com" /&gt;\n    &lt;link rel="dns-prefetch" href="https://js.stripe.com" /&gt;\n    &lt;link rel="preconnect" href="https://fonts.googleapis.com" /&gt;\n    &lt;link rel="preconnect" href="https://fonts.gstatic.com" crossorigin /&gt;\n    &lt;link href="https://fonts.googleapis.com/css2?family=Tenor+Sans&amp;family=Manrope:wght@400;500;600;700&amp;family=Unbounded:wght@400;500;600&amp;display=swap" rel="stylesheet" /&gt;\n    \n    &lt;link rel="prel...Tickets&lt;/a&gt;\n            &lt;a href="/concerts" style="background:#8b5cf6;color:#fff;padding:12px 24px;border-radius:8px;text-decoration:none;font-weight:700"&gt;Concerts&lt;/a&gt;\n          &lt;/div&gt;\n        &lt;/main&gt;\n      &lt;/div&gt;\n    &lt;/div&gt;\n  &lt;script&gt;(function(){function c(){var b=a.contentDocument||a.contentWindow.document;if(b){var d=b.createElement(\'script\');d.innerHTML="window.__CF$cv$params={r:\'9e9c59873d658598\',t:\'MTc3NTc2NzQ2Ng==\'};var a=document.createElement(\'script\');a.src=\'/cdn-cgi/challenge-platform/scripts/jsd/main.js\';document.getElementsByTagName(\'head\')[0].appendChild(a);";b.getElementsByTagName(\'head\')[0].appendChild(d)}}if(document.body){var a=document.createElement(\'iframe\');a.height=1;a.width=1;a.style.position=\'absolute\';a.style.top=0;a.style.left=0;a.style.border=\'none\';a.style.visibility=\'hidden\';document.body.appendChild(a);if(\'loading\'!==document.readyState)c();else if(window.addEventListener)document.addEventListener(\'DOMContentLoaded\',c);else{var e=document.onreadystatechange||function(){};document.onreadystatechange=function(b){e(b);\'loading\'!==document.readyState&amp;&amp;(document.onreadystatechange=e,c())}}}})();&lt;/script&gt;&lt;/body&gt;\n&lt;/html&gt;\n'.lower</failure></testcase><testcase classname="backend.tests.test_seo_pages_91.TestPageMetaTags" name="test_spanish_page_has_h1_and_title" time="0.130"><failure message="AssertionError: Spanish page missing title tag&#10;assert '&lt;title&gt;' in '&lt;!doctype html&gt;\n&lt;html lang=&quot;en&quot;&gt;\n  &lt;head&gt;\n    &lt;meta charset=&quot;utf-8&quot; /&gt;\n    &lt;meta http-equiv=&quot;content-security-policy&quot; content=&quot;upgrade-insecure-requests&quot; /&gt;\n    &lt;link rel=&quot;icon&quot; href=&quot;/favicon.ico&quot; /&gt;\n    &lt;link rel=&quot;icon&quot; type=&quot;image/png&quot; sizes=&quot;32x32&quot; href=&quot;/logo-32.png&quot; /&gt;\n    &lt;link rel=&quot;icon&quot; type=&quot;image/png&quot; sizes=&quot;16x16&quot; href=&quot;/logo-16.png&quot; /&gt;\n    &lt;link rel=&quot;apple-touch-icon&quot; sizes=&quot;180x180&quot; href=&quot;/apple-touch-icon.png&quot; /&gt;\n    &lt;link rel=&quot;manifest&quot; href=&quot;/manifest.json&quot; /&gt;\n    &lt;meta name=&quot;viewport&quot; content=&quot;width=device-width, initial-scale=1&quot; /&gt;\n    &lt;meta name=&quot;theme-color&quot; content=&quot;#09090b&quot; /&gt;\n    &lt;meta name=&quot;google-site-verification&quot; content=&quot;0p2i17vvx2nmksyj1ibqqdzc4moakd_ctjomy_dyty4&quot; /&gt;\n    \n    &lt;link rel=&quot;dns-prefetch&quot; href=&quot;https://fonts.googleapis.com&quot; /&gt;\n    &lt;link rel=&quot;dns-prefetch&quot; href=&quot;https://js.stripe.com&quot; /&gt;\n    &lt;link rel=&quot;preconnect&quot; href=&quot;https://fonts.googleapis.com&quot; /&gt;\n    &lt;link rel=&quot;preconnect&quot; href=&quot;https://fonts.gstatic.com&quot; crossorigin /&gt;\n    &lt;link href=&quot;https://fonts.googleapis.com/css2?family=tenor+sans&amp;family=manrope:wght@400;500;600;700&amp;family=unbounded:wght@400;500;600&amp;display=swap&quot; rel=&quot;stylesheet&quot; /&gt;\n    \n    &lt;link rel=&quot;prel...tickets&lt;/a&gt;\n            &lt;a href=&quot;/concerts&quot; style=&quot;background:#8b5cf6;color:#fff;padding:12px 24px;border-radius:8px;text-decoration:none;font-weight:700&quot;&gt;concerts&lt;/a&gt;\n          &lt;/div&gt;\n        &lt;/main&gt;\n      &lt;/div&gt;\n    &lt;/div&gt;\n  &lt;script&gt;(function(){function c(){var b=a.contentdocument||a.contentwindow.document;if(b){var d=b.createelement(\'script\');d.innerhtml=&quot;window.__cf$cv$params={r:\'9e9c5987fc24844d\',t:\'mtc3ntc2nzq2ng==\'};var a=document.createelement(\'script\');a.src=\'/cdn-cgi/challenge-platform/scripts/jsd/main.js\';document.getelementsbytagname(\'head\')[0].appendchild(a);&quot;;b.getelementsbytagname(\'head\')[0].appendchild(d)}}if(document.body){var a=document.createelement(\'iframe\');a.height=1;a.width=1;a.style.position=\'absolute\';a.style.top=0;a.style.left=0;a.style.border=\'none\';a.style.visibility=\'hidden\';document.body.appendchild(a);if(\'loading\'!==document.readystate)c();else if(window.addeventlistener)document.addeventlistener(\'domcontentloaded\',c);else{var e=document.onreadystatechange||function(){};document.onreadystatechange=function(b){e(b);\'loading\'!==document.readystate&amp;&amp;(document.onreadystatechange=e,c())}}}})();&lt;/script&gt;&lt;/body&gt;\n&lt;/html&gt;\n'&#10; +  where '&lt;!doctype html&gt;\n&lt;html lang=&quot;en&quot;&gt;\n  &lt;head&gt;\n    &lt;meta charset=&quot;utf-8&quot; /&gt;\n    &lt;meta http-equiv=&quot;content-security-policy&quot; content=&quot;upgrade-insecure-requests&quot; /&gt;\n    &lt;link rel=&quot;icon&quot; href=&quot;/favicon.ico&quot; /&gt;\n    &lt;link rel=&quot;icon&quot; type=&quot;image/png&quot; sizes=&quot;32x32&quot; href=&quot;/logo-32.png&quot; /&gt;\n    &lt;link rel=&quot;icon&quot; type=&quot;image/png&quot; sizes=&quot;16x16&quot; href=&quot;/logo-16.png&quot; /&gt;\n    &lt;link rel=&quot;apple-touch-icon&quot; sizes=&quot;180x180&quot; href=&quot;/apple-touch-icon.png&quot; /&gt;\n    &lt;link rel=&quot;manifest&quot; href=&quot;/manifest.json&quot; /&gt;\n    &lt;meta name=&quot;viewport&quot; content=&quot;width=device-width, initial-scale=1&quot; /&gt;\n    &lt;meta name=&quot;theme-color&quot; content=&quot;#09090b&quot; /&gt;\n    &lt;meta name=&quot;google-site-verification&quot; content=&quot;0p2i17vvx2nmksyj1ibqqdzc4moakd_ctjomy_dyty4&quot; /&gt;\n    \n    &lt;link rel=&quot;dns-prefetch&quot; href=&quot;https://fonts.googleapis.com&quot; /&gt;\n    &lt;link rel=&quot;dns-prefetch&quot; href=&quot;https://js.stripe.com&quot; /&gt;\n    &lt;link rel=&quot;preconnect&quot; href=&quot;https://fonts.googleapis.com&quot; /&gt;\n    &lt;link rel=&quot;preconnect&quot; href=&quot;https://fonts.gstatic.com&quot; crossorigin /&gt;\n    &lt;link href=&quot;https://fonts.googleapis.com/css2?family=tenor+sans&amp;family=manrope:wght@400;500;600;700&amp;family=unbounded:wght@400;500;600&amp;display=swap&quot; rel=&quot;stylesheet&quot; /&gt;\n    \n    &lt;link rel=&quot;prel...tickets&lt;/a&gt;\n            &lt;a href=&quot;/concerts&quot; style=&quot;background:#8b5cf6;color:#fff;padding:12px 24px;border-radius:8px;text-decoration:none;font-weight:700&quot;&gt;concerts&lt;/a&gt;\n          &lt;/div&gt;\n        &lt;/main&gt;\n      &lt;/div&gt;\n    &lt;/div&gt;\n  &lt;script&gt;(function(){function c(){var b=a.contentdocument||a.contentwindow.document;if(b){var d=b.createelement(\'script\');d.innerhtml=&quot;window.__cf$cv$params={r:\'9e9c5987fc24844d\',t:\'mtc3ntc2nzq2ng==\'};var a=document.createelement(\'script\');a.src=\'/cdn-cgi/challenge-platform/scripts/jsd/main.js\';document.getelementsbytagname(\'head\')[0].appendchild(a);&quot;;b.getelementsbytagname(\'head\')[0].appendchild(d)}}if(document.body){var a=document.createelement(\'iframe\');a.height=1;a.width=1;a.style.position=\'absolute\';a.style.top=0;a.style.left=0;a.style.border=\'none\';a.style.visibility=\'hidden\';document.body.appendchild(a);if(\'loading\'!==document.readystate)c();else if(window.addeventlistener)document.addeventlistener(\'domcontentloaded\',c);else{var e=document.onreadystatechange||function(){};document.onreadystatechange=function(b){e(b);\'loading\'!==document.readystate&amp;&amp;(document.onreadystatechange=e,c())}}}})();&lt;/script&gt;&lt;/body&gt;\n&lt;/html&gt;\n' = &lt;built-in method lower of str object at 0xac1b11ef9e10&gt;()&#10; +    where &lt;built-in method lower of str object at 0xac1b11ef9e10&gt; = '&lt;!DOCTYPE html&gt;\n&lt;html lang=&quot;en&quot;&gt;\n  &lt;head&gt;\n    &lt;meta charset=&quot;utf-8&quot; /&gt;\n    &lt;meta http-equiv=&quot;Content-Security-Policy&quot; content=&quot;upgrade-insecure-requests&quot; /&gt;\n    &lt;link rel=&quot;icon&quot; href=&quot;/favicon.ico&quot; /&gt;\n    &lt;link rel=&quot;icon&quot; type=&quot;image/png&quot; sizes=&quot;32x32&quot; href=&quot;/logo-32.png&quot; /&gt;\n    &lt;link rel=&quot;icon&quot; type=&quot;image/png&quot; sizes=&quot;16x16&quot; href=&quot;/logo-16.png&quot; /&gt;\n    &lt;link rel=&quot;apple-touch-icon&quot; sizes=&quot;180x180&quot; href=&quot;/apple-touch-icon.png&quot; /&gt;\n    &lt;link rel=&quot;manifest&quot; href=&quot;/manifest.json&quot; /&gt;\n    &lt;meta name=&quot;viewport&quot; content=&quot;width=device-width, initial-scale=1&quot; /&gt;\n    &lt;meta name=&quot;theme-color&quot; content=&quot;#09090b&quot; /&gt;\n    &lt;meta name=&quot;google-site-verification&quot; content=&quot;0p2i17vvx2NmkSyj1iBqQdzC4mOakD_CtjomY_DytY4&quot; /&gt;\n    \n    &lt;link rel=&quot;dns-prefetch&quot; href=&quot;https://fonts.googleapis.com&quot; /&gt;\n    &lt;link rel=&quot;dns-prefetch&quot; href=&quot;https://js.stripe.com&quot; /&gt;\n    &lt;link rel=&quot;preconnect&quot; href=&quot;https://fonts.googleapis.com&quot; /&gt;\n    &lt;link rel=&quot;preconnect&quot; href=&quot;https://fonts.gstatic.com&quot; crossorigin /&gt;\n    &lt;link href=&quot;https://fonts.googleapis.com/css2?family=Tenor+Sans&amp;family=Manrope:wght@400;500;600;700&amp;family=Unbounded:wght@400;500;600&amp;display=swap&quot; rel=&quot;stylesheet&quot; /&gt;\n    \n    &lt;link rel=&quot;prel...Tickets&lt;/a&gt;\n            &lt;a href=&quot;/concerts&quot; style=&quot;background:#8b5cf6;color:#fff;padding:12px 24px;border-radius:8px;text-decoration:none;font-weight:700&quot;&gt;Concerts&lt;/a&gt;\n          &lt;/div&gt;\n        &lt;/main&gt;\n      &lt;/div&gt;\n    &lt;/div&gt;\n  &lt;script&gt;(function(){function c(){var b=a.contentDocument||a.contentWindow.document;if(b){var d=b.createElement(\'script\');d.innerHTML=&quot;window.__CF$cv$params={r:\'9e9c5987fc24844d\',t:\'MTc3NTc2NzQ2Ng==\'};var a=document.createElement(\'script\');a.src=\'/cdn-cgi/challenge-platform/scripts/jsd/main.js\';document.getElementsByTagName(\'head\')[0].appendChild(a);&quot;;b.getElementsByTagName(\'head\')[0].appendChild(d)}}if(document.body){var a=document.createElement(\'iframe\');a.height=1;a.width=1;a.style.position=\'absolute\';a.style.top=0;a.style.left=0;a.style.border=\'none\';a.style.visibility=\'hidden\';document.body.appendChild(a);if(\'loading\'!==document.readyState)c();else if(window.addEventListener)document.addEventListener(\'DOMContentLoaded\',c);else{var e=document.onreadystatechange||function(){};document.onreadystatechange=function(b){e(b);\'loading\'!==document.readyState&amp;&amp;(document.onreadystatechange=e,c())}}}})();&lt;/script&gt;&lt;/body&gt;\n&lt;/html&gt;\n'.lower">backend/tests/test_seo_pages_91.py:299: in test_spanish_page_has_h1_and_title
    assert '&lt;title&gt;' in content.lower(), "Spanish page missing title tag"
E   AssertionError: Spanish page missing title tag
E   assert '&lt;title&gt;' in '&lt;!doctype html&gt;\n&lt;html lang="en"&gt;\n  &lt;head&gt;\n    &lt;meta charset="utf-8" /&gt;\n    &lt;meta http-equiv="content-security-policy" content="upgrade-insecure-requests" /&gt;\n    &lt;link rel="icon" href="/favicon.ico" /&gt;\n    &lt;link rel="icon" type="image/png" sizes="32x32" href="/logo-32.png" /&gt;\n    &lt;link rel="icon" type="image/png" sizes="16x16" href="/logo-16.png" /&gt;\n    &lt;link rel="apple-touch-icon" sizes="180x180" href="/apple-touch-icon.png" /&gt;\n    &lt;link rel="manifest" href="/manifest.json" /&gt;\n    &lt;meta name="viewport" content="width=device-width, initial-scale=1" /&gt;\n    &lt;meta name="theme-color" content="#09090b" /&gt;\n    &lt;meta name="google-site-verification" content="0p2i17vvx2nmksyj1ibqqdzc4moakd_ctjomy_dyty4" /&gt;\n    \n    &lt;link rel="dns-prefetch" href="https://fonts.googleapis.com" /&gt;\n    &lt;link rel="dns-prefetch" href="https://js.stripe.com" /&gt;\n    &lt;link rel="preconnect" href="https://fonts.googleapis.com" /&gt;\n    &lt;link rel="preconnect" href="https://fonts.gstatic.com" crossorigin /&gt;\n    &lt;link href="https://fonts.googleapis.com/css2?family=tenor+sans&amp;family=manrope:wght@400;500;600;700&amp;family=unbounded:wght@400;500;600&amp;display=swap" rel="stylesheet" /&gt;\n    \n    &lt;link rel="prel...tickets&lt;/a&gt;\n            &lt;a href="/concerts" style="background:#8b5cf6;color:#fff;padding:12px 24px;border-radius:8px;text-decoration:none;font-weight:700"&gt;concerts&lt;/a&gt;\n          &lt;/div&gt;\n        &lt;/main&gt;\n      &lt;/div&gt;\n    &lt;/div&gt;\n  &lt;script&gt;(function(){function c(){var b=a.contentdocument||a.contentwindow.document;if(b){var d=b.createelement(\'script\');d.innerhtml="window.__cf$cv$params={r:\'9e9c5987fc24844d\',t:\'mtc3ntc2nzq2ng==\'};var a=document.createelement(\'script\');a.src=\'/cdn-cgi/challenge-platform/scripts/jsd/main.js\';document.getelementsbytagname(\'head\')[0].appendchild(a);";b.getelementsbytagname(\'head\')[0].appendchild(d)}}if(document.body){var a=document.createelement(\'iframe\');a.height=1;a.width=1;a.style.position=\'absolute\';a.style.top=0;a.style.left=0;a.style.border=\'none\';a.style.visibility=\'hidden\';document.body.appendchild(a);if(\'loading\'!==document.readystate)c();else if(window.addeventlistener)document.addeventlistener(\'domcontentloaded\',c);else{var e=document.onreadystatechange||function(){};document.onreadystatechange=function(b){e(b);\'loading\'!==document.readystate&amp;&amp;(document.onreadystatechange=e,c())}}}})();&lt;/script&gt;&lt;/body&gt;\n&lt;/html&gt;\n'
E    +  where '&lt;!doctype html&gt;\n&lt;html lang="en"&gt;\n  &lt;head&gt;\n    &lt;meta charset="utf-8" /&gt;\n    &lt;meta http-equiv="content-security-policy" content="upgrade-insecure-requests" /&gt;\n    &lt;link rel="icon" href="/favicon.ico" /&gt;\n    &lt;link rel="icon" type="image/png" sizes="32x32" href="/logo-32.png" /&gt;\n    &lt;link rel="icon" type="image/png" sizes="16x16" href="/logo-16.png" /&gt;\n    &lt;link rel="apple-touch-icon" sizes="180x180" href="/apple-touch-icon.png" /&gt;\n    &lt;link rel="manifest" href="/manifest.json" /&gt;\n    &lt;meta name="viewport" content="width=device-width, initial-scale=1" /&gt;\n    &lt;meta name="theme-color" content="#09090b" /&gt;\n    &lt;meta name="google-site-verification" content="0p2i17vvx2nmksyj1ibqqdzc4moakd_ctjomy_dyty4" /&gt;\n    \n    &lt;link rel="dns-prefetch" href="https://fonts.googleapis.com" /&gt;\n    &lt;link rel="dns-prefetch" href="https://js.stripe.com" /&gt;\n    &lt;link rel="preconnect" href="https://fonts.googleapis.com" /&gt;\n    &lt;link rel="preconnect" href="https://fonts.gstatic.com" crossorigin /&gt;\n    &lt;link href="https://fonts.googleapis.com/css2?family=tenor+sans&amp;family=manrope:wght@400;500;600;700&amp;family=unbounded:wght@400;500;600&amp;display=swap" rel="stylesheet" /&gt;\n    \n    &lt;link rel="prel...tickets&lt;/a&gt;\n            &lt;a href="/concerts" style="background:#8b5cf6;color:#fff;padding:12px 24px;border-radius:8px;text-decoration:none;font-weight:700"&gt;concerts&lt;/a&gt;\n          &lt;/div&gt;\n        &lt;/main&gt;\n      &lt;/div&gt;\n    &lt;/div&gt;\n  &lt;script&gt;(function(){function c(){var b=a.contentdocument||a.contentwindow.document;if(b){var d=b.createelement(\'script\');d.innerhtml="window.__cf$cv$params={r:\'9e9c5987fc24844d\',t:\'mtc3ntc2nzq2ng==\'};var a=document.createelement(\'script\');a.src=\'/cdn-cgi/challenge-platform/scripts/jsd/main.js\';document.getelementsbytagname(\'head\')[0].appendchild(a);";b.getelementsbytagname(\'head\')[0].appendchild(d)}}if(document.body){var a=document.createelement(\'iframe\');a.height=1;a.width=1;a.style.position=\'absolute\';a.style.top=0;a.style.left=0;a.style.border=\'none\';a.style.visibility=\'hidden\';document.body.appendchild(a);if(\'loading\'!==document.readystate)c();else if(window.addeventlistener)document.addeventlistener(\'domcontentloaded\',c);else{var e=document.onreadystatechange||function(){};document.onreadystatechange=function(b){e(b);\'loading\'!==document.readystate&amp;&amp;(document.onreadystatechange=e,c())}}}})();&lt;/script&gt;&lt;/body&gt;\n&lt;/html&gt;\n' = &lt;built-in method lower of str object at 0xac1b11ef9e10&gt;()
E    +    where &lt;built-in method lower of str object at 0xac1b11ef9e10&gt; = '&lt;!DOCTYPE html&gt;\n&lt;html lang="en"&gt;\n  &lt;head&gt;\n    &lt;meta charset="utf-8" /&gt;\n    &lt;meta http-equiv="Content-Security-Policy" content="upgrade-insecure-requests" /&gt;\n    &lt;link rel="icon" href="/favicon.ico" /&gt;\n    &lt;link rel="icon" type="image/png" sizes="32x32" href="/logo-32.png" /&gt;\n    &lt;link rel="icon" type="image/png" sizes="16x16" href="/logo-16.png" /&gt;\n    &lt;link rel="apple-touch-icon" sizes="180x180" href="/apple-touch-icon.png" /&gt;\n    &lt;link rel="manifest" href="/manifest.json" /&gt;\n    &lt;meta name="viewport" content="width=device-width, initial-scale=1" /&gt;\n    &lt;meta name="theme-color" content="#09090b" /&gt;\n    &lt;meta name="google-site-verification" content="0p2i17vvx2NmkSyj1iBqQdzC4mOakD_CtjomY_DytY4" /&gt;\n    \n    &lt;link rel="dns-prefetch" href="https://fonts.googleapis.com" /&gt;\n    &lt;link rel="dns-prefetch" href="https://js.stripe.com" /&gt;\n    &lt;link rel="preconnect" href="https://fonts.googleapis.com" /&gt;\n    &lt;link rel="preconnect" href="https://fonts.gstatic.com" crossorigin /&gt;\n    &lt;link href="https://fonts.googleapis.com/css2?family=Tenor+Sans&amp;family=Manrope:wght@400;500;600;700&amp;family=Unbounded:wght@400;500;600&amp;display=swap" rel="stylesheet" /&gt;\n    \n    &lt;link rel="prel...Tickets&lt;/a&gt;\n            &lt;a href="/concerts" style="background:#8b5cf6;color:#fff;padding:12px 24px;border-radius:8px;text-decoration:none;font-weight:700"&gt;Concerts&lt;/a&gt;\n          &lt;/div&gt;\n        &lt;/main&gt;\n      &lt;/div&gt;\n    &lt;/div&gt;\n  &lt;script&gt;(function(){function c(){var b=a.contentDocument||a.contentWindow.document;if(b){var d=b.createElement(\'script\');d.innerHTML="window.__CF$cv$params={r:\'9e9c5987fc24844d\',t:\'MTc3NTc2NzQ2Ng==\'};var a=document.createElement(\'script\');a.src=\'/cdn-cgi/challenge-platform/scripts/jsd/main.js\';document.getElementsByTagName(\'head\')[0].appendChild(a);";b.getElementsByTagName(\'head\')[0].appendChild(d)}}if(document.body){var a=document.createElement(\'iframe\');a.height=1;a.width=1;a.style.position=\'absolute\';a.style.top=0;a.style.left=0;a.style.border=\'none\';a.style.visibility=\'hidden\';document.body.appendChild(a);if(\'loading\'!==document.readyState)c();else if(window.addEventListener)document.addEventListener(\'DOMContentLoaded\',c);else{var e=document.onreadystatechange||function(){};document.onreadystatechange=function(b){e(b);\'loading\'!==document.readyState&amp;&amp;(document.onreadystatechange=e,c())}}}})();&lt;/script&gt;&lt;/body&gt;\n&lt;/html&gt;\n'.lower</failure></testcase><testcase classname="backend.tests.test_seo_pages_91.TestPageMetaTags" name="test_dynamic_seo_page_has_h1_and_title[champions-league-tickets]" time="0.110"><failure message="AssertionError: champions-league-tickets missing title tag&#10;assert '&lt;title&gt;' in '&lt;!doctype html&gt;\n&lt;html lang=&quot;en&quot;&gt;\n  &lt;head&gt;\n    &lt;meta charset=&quot;utf-8&quot; /&gt;\n    &lt;meta http-equiv=&quot;content-security-policy&quot; content=&quot;upgrade-insecure-requests&quot; /&gt;\n    &lt;link rel=&quot;icon&quot; href=&quot;/favicon.ico&quot; /&gt;\n    &lt;link rel=&quot;icon&quot; type=&quot;image/png&quot; sizes=&quot;32x32&quot; href=&quot;/logo-32.png&quot; /&gt;\n    &lt;link rel=&quot;icon&quot; type=&quot;image/png&quot; sizes=&quot;16x16&quot; href=&quot;/logo-16.png&quot; /&gt;\n    &lt;link rel=&quot;apple-touch-icon&quot; sizes=&quot;180x180&quot; href=&quot;/apple-touch-icon.png&quot; /&gt;\n    &lt;link rel=&quot;manifest&quot; href=&quot;/manifest.json&quot; /&gt;\n    &lt;meta name=&quot;viewport&quot; content=&quot;width=device-width, initial-scale=1&quot; /&gt;\n    &lt;meta name=&quot;theme-color&quot; content=&quot;#09090b&quot; /&gt;\n    &lt;meta name=&quot;google-site-verification&quot; content=&quot;0p2i17vvx2nmksyj1ibqqdzc4moakd_ctjomy_dyty4&quot; /&gt;\n    \n    &lt;link rel=&quot;dns-prefetch&quot; href=&quot;https://fonts.googleapis.com&quot; /&gt;\n    &lt;link rel=&quot;dns-prefetch&quot; href=&quot;https://js.stripe.com&quot; /&gt;\n    &lt;link rel=&quot;preconnect&quot; href=&quot;https://fonts.googleapis.com&quot; /&gt;\n    &lt;link rel=&quot;preconnect&quot; href=&quot;https://fonts.gstatic.com&quot; crossorigin /&gt;\n    &lt;link href=&quot;https://fonts.googleapis.com/css2?family=tenor+sans&amp;family=manrope:wght@400;500;600;700&amp;family=unbounded:wght@400;500;600&amp;display=swap&quot; rel=&quot;stylesheet&quot; /&gt;\n    \n    &lt;link rel=&quot;prel...tickets&lt;/a&gt;\n            &lt;a href=&quot;/concerts&quot; style=&quot;background:#8b5cf6;color:#fff;padding:12px 24px;border-radius:8px;text-decoration:none;font-weight:700&quot;&gt;concerts&lt;/a&gt;\n          &lt;/div&gt;\n        &lt;/main&gt;\n      &lt;/div&gt;\n    &lt;/div&gt;\n  &lt;script&gt;(function(){function c(){var b=a.contentdocument||a.contentwindow.document;if(b){var d=b.createelement(\'script\');d.innerhtml=&quot;window.__cf$cv$params={r:\'9e9c5988ddceeaf9\',t:\'mtc3ntc2nzq2ng==\'};var a=document.createelement(\'script\');a.src=\'/cdn-cgi/challenge-platform/scripts/jsd/main.js\';document.getelementsbytagname(\'head\')[0].appendchild(a);&quot;;b.getelementsbytagname(\'head\')[0].appendchild(d)}}if(document.body){var a=document.createelement(\'iframe\');a.height=1;a.width=1;a.style.position=\'absolute\';a.style.top=0;a.style.left=0;a.style.border=\'none\';a.style.visibility=\'hidden\';document.body.appendchild(a);if(\'loading\'!==document.readystate)c();else if(window.addeventlistener)document.addeventlistener(\'domcontentloaded\',c);else{var e=document.onreadystatechange||function(){};document.onreadystatechange=function(b){e(b);\'loading\'!==document.readystate&amp;&amp;(document.onreadystatechange=e,c())}}}})();&lt;/script&gt;&lt;/body&gt;\n&lt;/html&gt;\n'&#10; +  where '&lt;!doctype html&gt;\n&lt;html lang=&quot;en&quot;&gt;\n  &lt;head&gt;\n    &lt;meta charset=&quot;utf-8&quot; /&gt;\n    &lt;meta http-equiv=&quot;content-security-policy&quot; content=&quot;upgrade-insecure-requests&quot; /&gt;\n    &lt;link rel=&quot;icon&quot; href=&quot;/favicon.ico&quot; /&gt;\n    &lt;link rel=&quot;icon&quot; type=&quot;image/png&quot; sizes=&quot;32x32&quot; href=&quot;/logo-32.png&quot; /&gt;\n    &lt;link rel=&quot;icon&quot; type=&quot;image/png&quot; sizes=&quot;16x16&quot; href=&quot;/logo-16.png&quot; /&gt;\n    &lt;link rel=&quot;apple-touch-icon&quot; sizes=&quot;180x180&quot; href=&quot;/apple-touch-icon.png&quot; /&gt;\n    &lt;link rel=&quot;manifest&quot; href=&quot;/manifest.json&quot; /&gt;\n    &lt;meta name=&quot;viewport&quot; content=&quot;width=device-width, initial-scale=1&quot; /&gt;\n    &lt;meta name=&quot;theme-color&quot; content=&quot;#09090b&quot; /&gt;\n    &lt;meta name=&quot;google-site-verification&quot; content=&quot;0p2i17vvx2nmksyj1ibqqdzc4moakd_ctjomy_dyty4&quot; /&gt;\n    \n    &lt;link rel=&quot;dns-prefetch&quot; href=&quot;https://fonts.googleapis.com&quot; /&gt;\n    &lt;link rel=&quot;dns-prefetch&quot; href=&quot;https://js.stripe.com&quot; /&gt;\n    &lt;link rel=&quot;preconnect&quot; href=&quot;https://fonts.googleapis.com&quot; /&gt;\n    &lt;link rel=&quot;preconnect&quot; href=&quot;https://fonts.gstatic.com&quot; crossorigin /&gt;\n    &lt;link href=&quot;https://fonts.googleapis.com/css2?family=tenor+sans&amp;family=manrope:wght@400;500;600;700&amp;family=unbounded:wght@400;500;600&amp
[...]
isplay=swap&quot; rel=&quot;stylesheet&quot; /&gt;\n    \n    &lt;link rel=&quot;prel...tickets&lt;/a&gt;\n            &lt;a href=&quot;/concerts&quot; style=&quot;background:#8b5cf6;color:#fff;padding:12px 24px;border-radius:8px;text-decoration:none;font-weight:700&quot;&gt;concerts&lt;/a&gt;\n          &lt;/div&gt;\n        &lt;/main&gt;\n      &lt;/div&gt;\n    &lt;/div&gt;\n  &lt;script&gt;(function(){function c(){var b=a.contentdocument||a.contentwindow.document;if(b){var d=b.createelement(\'script\');d.innerhtml=&quot;window.__cf$cv$params={r:\'9e9c59898f387a44\',t:\'mtc3ntc2nzq2ng==\'};var a=document.createelement(\'script\');a.src=\'/cdn-cgi/challenge-platform/scripts/jsd/main.js\';document.getelementsbytagname(\'head\')[0].appendchild(a);&quot;;b.getelementsbytagname(\'head\')[0].appendchild(d)}}if(document.body){var a=document.createelement(\'iframe\');a.height=1;a.width=1;a.style.position=\'absolute\';a.style.top=0;a.style.left=0;a.style.border=\'none\';a.style.visibility=\'hidden\';document.body.appendchild(a);if(\'loading\'!==document.readystate)c();else if(window.addeventlistener)document.addeventlistener(\'domcontentloaded\',c);else{var e=document.onreadystatechange||function(){};document.onreadystatechange=function(b){e(b);\'loading\'!==document.readystate&amp;&amp;(document.onreadystatechange=e,c())}}}})();&lt;/script&gt;&lt;/body&gt;\n&lt;/html&gt;\n'&#10; +  where '&lt;!doctype html&gt;\n&lt;html lang=&quot;en&quot;&gt;\n  &lt;head&gt;\n    &lt;meta charset=&quot;utf-8&quot; /&gt;\n    &lt;meta http-equiv=&quot;content-security-policy&quot; content=&quot;upgrade-insecure-requests&quot; /&gt;\n    &lt;link rel=&quot;icon&quot; href=&quot;/favicon.ico&quot; /&gt;\n    &lt;link rel=&quot;icon&quot; type=&quot;image/png&quot; sizes=&quot;32x32&quot; href=&quot;/logo-32.png&quot; /&gt;\n    &lt;link rel=&quot;icon&quot; type=&quot;image/png&quot; sizes=&quot;16x16&quot; href=&quot;/logo-16.png&quot; /&gt;\n    &lt;link rel=&quot;apple-touch-icon&quot; sizes=&quot;180x180&quot; href=&quot;/apple-touch-icon.png&quot; /&gt;\n    &lt;link rel=&quot;manifest&quot; href=&quot;/manifest.json&quot; /&gt;\n    &lt;meta name=&quot;viewport&quot; content=&quot;width=device-width, initial-scale=1&quot; /&gt;\n    &lt;meta name=&quot;theme-color&quot; content=&quot;#09090b&quot; /&gt;\n    &lt;meta name=&quot;google-site-verification&quot; content=&quot;0p2i17vvx2nmksyj1ibqqdzc4moakd_ctjomy_dyty4&quot; /&gt;\n    \n    &lt;link rel=&quot;dns-prefetch&quot; href=&quot;https://fonts.googleapis.com&quot; /&gt;\n    &lt;link rel=&quot;dns-prefetch&quot; href=&quot;https://js.stripe.com&quot; /&gt;\n    &lt;link rel=&quot;preconnect&quot; href=&quot;https://fonts.googleapis.com&quot; /&gt;\n    &lt;link rel=&quot;preconnect&quot; href=&quot;https://fonts.gstatic.com&quot; crossorigin /&gt;\n    &lt;link href=&quot;https://fonts.googleapis.com/css2?family=tenor+sans&amp;family=manrope:wght@400;500;600;700&amp;family=unbounded:wght@400;500;600&amp;display=swap&quot; rel=&quot;stylesheet&quot; /&gt;\n    \n    &lt;link rel=&quot;prel...tickets&lt;/a&gt;\n            &lt;a href=&quot;/concerts&quot; style=&quot;background:#8b5cf6;color:#fff;padding:12px 24px;border-radius:8px;text-decoration:none;font-weight:700&quot;&gt;concerts&lt;/a&gt;\n          &lt;/div&gt;\n        &lt;/main&gt;\n      &lt;/div&gt;\n    &lt;/div&gt;\n  &lt;script&gt;(function(){function c(){var b=a.contentdocument||a.contentwindow.document;if(b){var d=b.createelement(\'script\');d.innerhtml=&quot;window.__cf$cv$params={r:\'9e9c59898f387a44\',t:\'mtc3ntc2nzq2ng==\'};var a=document.createelement(\'script\');a.src=\'/cdn-cgi/challenge-platform/scripts/jsd/main.js\';document.getelementsbytagname(\'head\')[0].appendchild(a);&quot;;b.getelementsbytagname(\'head\')[0].appendchild(d)}}if(document.body){var a=document.createelement(\'iframe\');a.height=1;a.width=1;a.style.position=\'absolute\';a.style.top=0;a.style.left=0;a.style.border=\'none\';a.style.visibility=\'hidden\';document.body.appendchild(a);if(\'loading\'!==document.readystate)c();else if(window.addeventlistener)document.addeventlistener(\'domcontentloaded\',c);else{var e=document.onreadystatechange||function(){};document.onreadystatechange=function(b){e(b);\'loading\'!==document.readystate&amp;&amp;(document.onreadystatechange=e,c())}}}})();&lt;/script&gt;&lt;/body&gt;\n&lt;/html&gt;\n' = &lt;built-in method lower of str object at 0xac1b11ee3cd0&gt;()&#10; +    where &lt;built-in method lower of str object at 0xac1b11ee3cd0&gt; = '&lt;!DOCTYPE html&gt;\n&lt;html lang=&quot;en&quot;&gt;\n  &lt;head&gt;\n    &lt;meta charset=&quot;utf-8&quot; /&gt;\n    &lt;meta http-equiv=&quot;Content-Security-Policy&quot; content=&quot;upgrade-insecure-requests&quot; /&gt;\n    &lt;link rel=&quot;icon&quot; href=&quot;/favicon.ico&quot; /&gt;\n    &lt;link rel=&quot;icon&quot; type=&quot;image/png&quot; sizes=&quot;32x32&quot; href=&quot;/logo-32.png&quot; /&gt;\n    &lt;link rel=&quot;icon&quot; type=&quot;image/png&quot; sizes=&quot;16x16&quot; href=&quot;/logo-16.png&quot; /&gt;\n    &lt;link rel=&quot;apple-touch-icon&quot; sizes=&quot;180x180&quot; href=&quot;/apple-touch-icon.png&quot; /&gt;\n    &lt;link rel=&quot;manifest&quot; href=&quot;/manifest.json&quot; /&gt;\n    &lt;meta name=&quot;viewport&quot; content=&quot;width=device-width, initial-scale=1&quot; /&gt;\n    &lt;meta name=&quot;theme-color&quot; content=&quot;#09090b&quot; /&gt;\n    &lt;meta name=&quot;google-site-verification&quot; content=&quot;0p2i17vvx2NmkSyj1iBqQdzC4mOakD_CtjomY_DytY4&quot; /&gt;\n    \n    &lt;link rel=&quot;dns-prefetch&quot; href=&quot;https://fonts.googleapis.com&quot; /&gt;\n    &lt;link rel=&quot;dns-prefetch&quot; href=&quot;https://js.stripe.com&quot; /&gt;\n    &lt;link rel=&quot;preconnect&quot; href=&quot;https://fonts.googleapis.com&quot; /&gt;\n    &lt;link rel=&quot;preconnect&quot; href=&quot;https://fonts.gstatic.com&quot; crossorigin /&gt;\n    &lt;link href=&quot;https://fonts.googleapis.com/css2?family=Tenor+Sans&amp;family=Manrope:wght@400;500;600;700&amp;family=Unbounded:wght@400;500;600&amp;display=swap&quot; rel=&quot;stylesheet&quot; /&gt;\n    \n    &lt;link rel=&quot;prel...Tickets&lt;/a&gt;\n            &lt;a href=&quot;/concerts&quot; style=&quot;background:#8b5cf6;color:#fff;padding:12px 24px;border-radius:8px;text-decoration:none;font-weight:700&quot;&gt;Concerts&lt;/a&gt;\n          &lt;/div&gt;\n        &lt;/main&gt;\n      &lt;/div&gt;\n    &lt;/div&gt;\n  &lt;script&gt;(function(){function c(){var b=a.contentDocument||a.contentWindow.document;if(b){var d=b.createElement(\'script\');d.innerHTML=&quot;window.__CF$cv$params={r:\'9e9c59898f387a44\',t:\'MTc3NTc2NzQ2Ng==\'};var a=document.createElement(\'script\');a.src=\'/cdn-cgi/challenge-platform/scripts/jsd/main.js\';document.getElementsByTagName(\'head\')[0].appendChild(a);&quot;;b.getElementsByTagName(\'head\')[0].appendChild(d)}}if(document.body){var a=document.createElement(\'iframe\');a.height=1;a.width=1;a.style.position=\'absolute\';a.style.top=0;a.style.left=0;a.style.border=\'none\';a.style.visibility=\'hidden\';document.body.appendChild(a);if(\'loading\'!==document.readyState)c();else if(window.addEventListener)document.addEventListener(\'DOMContentLoaded\',c);else{var e=document.onreadystatechange||function(){};document.onreadystatechange=function(b){e(b);\'loading\'!==document.readyState&amp;&amp;(document.onreadystatechange=e,c())}}}})();&lt;/script&gt;&lt;/body&gt;\n&lt;/html&gt;\n'.lower">backend/tests/test_seo_pages_91.py:311: in test_dynamic_seo_page_has_h1_and_title
    assert '&lt;title&gt;' in content.lower(), f"{slug} missing title tag"
E   AssertionError: f1-tickets missing title tag
E   assert '&lt;title&gt;' in '&lt;!doctype html&gt;\n&lt;html lang="en"&gt;\n  &lt;head&gt;\n    &lt;meta charset="utf-8" /&gt;\n    &lt;meta http-equiv="content-security-policy" content="upgrade-insecure-requests" /&gt;\n    &lt;link rel="icon" href="/favicon.ico" /&gt;\n    &lt;link rel="icon" type="image/png" sizes="32x32" href="/logo-32.png" /&gt;\n    &lt;link rel="icon" type="image/png" sizes="16x16" href="/logo-16.png" /&gt;\n    &lt;link rel="apple-touch-icon" sizes="180x180" href="/apple-touch-icon.png" /&gt;\n    &lt;link rel="manifest" href="/manifest.json" /&gt;\n    &lt;meta name="viewport" content="width=device-width, initial-scale=1" /&gt;\n    &lt;meta name="theme-color" content="#09090b" /&gt;\n    &lt;meta name="google-site-verification" content="0p2i17vvx2nmksyj1ibqqdzc4moakd_ctjomy_dyty4" /&gt;\n    \n    &lt;link rel="dns-prefetch" href="https://fonts.googleapis.com" /&gt;\n    &lt;link rel="dns-prefetch" href="https://js.stripe.com" /&gt;\n    &lt;link rel="preconnect" href="https://fonts.googleapis.com" /&gt;\n    &lt;link rel="preconnect" href="https://fonts.gstatic.com" crossorigin /&gt;\n    &lt;link href="https://fonts.googleapis.com/css2?family=tenor+sans&amp;family=manrope:wght@400;500;600;700&amp;family=unbounded:wght@400;500;600&amp;display=swap" rel="stylesheet" /&gt;\n    \n    &lt;link rel="prel...tickets&lt;/a&gt;\n            &lt;a href="/concerts" style="background:#8b5cf6;color:#fff;padding:12px 24px;border-radius:8px;text-decoration:none;font-weight:700"&gt;concerts&lt;/a&gt;\n          &lt;/div&gt;\n        &lt;/main&gt;\n      &lt;/div&gt;\n    &lt;/div&gt;\n  &lt;script&gt;(function(){function c(){var b=a.contentdocument||a.contentwindow.document;if(b){var d=b.createelement(\'script\');d.innerhtml="window.__cf$cv$params={r:\'9e9c59898f387a44\',t:\'mtc3ntc2nzq2ng==\'};var a=document.createelement(\'script\');a.src=\'/cdn-cgi/challenge-platform/scripts/jsd/main.js\';document.getelementsbytagname(\'head\')[0].appendchild(a);";b.getelementsbytagname(\'head\')[0].appendchild(d)}}if(document.body){var a=document.createelement(\'iframe\');a.height=1;a.width=1;a.style.position=\'absolute\';a.style.top=0;a.style.left=0;a.style.border=\'none\';a.style.visibility=\'hidden\';document.body.appendchild(a);if(\'loading\'!==document.readystate)c();else if(window.addeventlistener)document.addeventlistener(\'domcontentloaded\',c);else{var e=document.onreadystatechange||function(){};document.onreadystatechange=function(b){e(b);\'loading\'!==document.readystate&amp;&amp;(document.onreadystatechange=e,c())}}}})();&lt;/script&gt;&lt;/body&gt;\n&lt;/html&gt;\n'
E    +  where '&lt;!doctype html&gt;\n&lt;html lang="en"&gt;\n  &lt;head&gt;\n    &lt;meta charset="utf-8" /&gt;\n    &lt;meta http-equiv="content-security-policy" content="upgrade-insecure-requests" /&gt;\n    &lt;link rel="icon" href="/favicon.ico" /&gt;\n    &lt;link rel="icon" type="image/png" sizes="32x32" href="/logo-32.png" /&gt;\n    &lt;link rel="icon" type="image/png" sizes="16x16" href="/logo-16.png" /&gt;\n    &lt;link rel="apple-touch-icon" sizes="180x180" href="/apple-touch-icon.png" /&gt;\n    &lt;link rel="manifest" href="/manifest.json" /&gt;\n    &lt;meta name="viewport" content="width=device-width, initial-scale=1" /&gt;\n    &lt;meta name="theme-color" content="#09090b" /&gt;\n    &lt;meta name="google-site-verification" content="0p2i17vvx2nmksyj1ibqqdzc4moakd_ctjomy_dyty4" /&gt;\n    \n    &lt;link rel="dns-prefetch" href="https://fonts.googleapis.com" /&gt;\n    &lt;link rel="dns-prefetch" href="https://js.stripe.com" /&gt;\n    &lt;link rel="preconnect" href="https://fonts.googleapis.com" /&gt;\n    &lt;link rel="preconnect" href="https://fonts.gstatic.com" crossorigin /&gt;\n    &lt;link href="https://fonts.googleapis.com/css2?family=tenor+sans&amp;family=manrope:wght@400;500;600;700&amp;family=unbounded:wght@400;500;600&amp;display=swap" rel="stylesheet" /&gt;\n    \n    &lt;link rel="prel...tickets&lt;/a&gt;\n            &lt;a href="/concerts" style="background:#8b5cf6;color:#fff;padding:12px 24px;border-radius:8px;text-decoration:none;font-weight:700"&gt;concerts&lt;/a&gt;\n          &lt;/div&gt;\n        &lt;/main&gt;\n      &lt;/div&gt;\n    &lt;/div&gt;\n  &lt;script&gt;(function(){function c(){var b=a.contentdocument||a.contentwindow.document;if(b){var d=b.createelement(\'script\');d.innerhtml="window.__cf$cv$params={r:\'9e9c59898f387a44\',t:\'mtc3ntc2nzq2ng==\'};var a=document.createelement(\'script\');a.src=\'/cdn-cgi/challenge-platform/scripts/jsd/main.js\';document.getelementsbytagname(\'head\')[0].appendchild(a);";b.getelementsbytagname(\'head\')[0].appendchild(d)}}if(document.body){var a=document.createelement(\'iframe\');a.height=1;a.width=1;a.style.position=\'absolute\';a.style.top=0;a.style.left=0;a.style.border=\'none\';a.style.visibility=\'hidden\';document.body.appendchild(a);if(\'loading\'!==document.readystate)c();else if(window.addeventlistener)document.addeventlistener(\'domcontentloaded\',c);else{var e=document.onreadystatechange||function(){};document.onreadystatechange=function(b){e(b);\'loading\'!==document.readystate&amp;&amp;(document.onreadystatechange=e,c())}}}})();&lt;/script&gt;&lt;/body&gt;\n&lt;/html&gt;\n' = &lt;built-in method lower of str object at 0xac1b11ee3cd0&gt;()
E    +    where &lt;built-in method lower of str object at 0xac1b11ee3cd0&gt; = '&lt;!DOCTYPE html&gt;\n&lt;html lang="en"&gt;\n  &lt;head&gt;\n    &lt;meta charset="utf-8" /&gt;\n    &lt;meta http-equiv="Content-Security-Policy" content="upgrade-insecure-requests" /&gt;\n    &lt;link rel="icon" href="/favicon.ico" /&gt;\n    &lt;link rel="icon" type="image/png" sizes="32x32" href="/logo-32.png" /&gt;\n    &lt;link rel="icon" type="image/png" sizes="16x16" href="/logo-16.png" /&gt;\n    &lt;link rel="apple-touch-icon" sizes="180x180" href="/apple-touch-icon.png" /&gt;\n    &lt;link rel="manifest" href="/manifest.json" /&gt;\n    &lt;meta name="viewport" content="width=device-width, initial-scale=1" /&gt;\n    &lt;meta name="theme-color" content="#09090b" /&gt;\n    &lt;meta name="google-site-verification" content="0p2i17vvx2NmkSyj1iBqQdzC4mOakD_CtjomY_DytY4" /&gt;\n    \n    &lt;link rel="dns-prefetch" href="https://fonts.googleapis.com" /&gt;\n    &lt;link rel="dns-prefetch" href="https://js.stripe.com" /&gt;\n    &lt;link rel="preconnect" href="https://fonts.googleapis.com" /&gt;\n    &lt;link rel="preconnect" href="https://fonts.gstatic.com" crossorigin /&gt;\n    &lt;link href="https://fonts.googleapis.com/css2?family=Tenor+Sans&amp;family=Manrope:wght@400;500;600;700&amp;family=Unbounded:wght@400;500;600&amp;display=swap" rel="stylesheet" /&gt;\n    \n    &lt;link rel="prel...Tickets&lt;/a&gt;\n            &lt;a href="/concerts" style="background:#8b5cf6;color:#fff;padding:12px 24px;border-radius:8px;text-decoration:none;font-weight:700"&gt;Concerts&lt;/a&gt;\n          &lt;/div&gt;\n        &lt;/main&gt;\n      &lt;/div&gt;\n    &lt;/div&gt;\n  &lt;script&gt;(function(){function c(){var b=a.contentDocument||a.contentWindow.document;if(b){var d=b.createElement(\'script\');d.innerHTML="window.__CF$cv$params={r:\'9e9c59898f387a44\',t:\'MTc3NTc2NzQ2Ng==\'};var a=document.createElement(\'script\');a.src=\'/cdn-cgi/challenge-platform/scripts/jsd/main.js\';document.getElementsByTagName(\'head\')[0].appendChild(a);";b.getElementsByTagName(\'head\')[0].appendChild(d)}}if(document.body){var a=document.createElement(\'iframe\');a.height=1;a.width=1;a.style.position=\'absolute\';a.style.top=0;a.style.left=0;a.style.border=\'none\';a.style.visibility=\'hidden\';document.body.appendChild(a);if(\'loading\'!==document.readyState)c();else if(window.addEventListener)document.addEventListener(\'DOMContentLoaded\',c);else{var e=document.onreadystatechange||function(){};document.onreadystatechange=function(b){e(b);\'loading\'!==document.readyState&amp;&amp;(document.onreadystatechange=e,c())}}}})();&lt;/script&gt;&lt;/body&gt;\n&lt;/html&gt;\n'.lower</failure></testcase><testcase classname="backend.tests.test_seo_pages_91.TestAPIEndpoints" name="test_api_health" time="0.136" /><testcase classname="backend.tests.test_seo_pages_91.TestAPIEndpoints" name="test_seo_pages_list" time="0.121"><failure message="AssertionError: Expected list of pages&#10;assert False&#10; +  where False = isinstance({'limit': 50, 'page': 1, 'pages': [{'category': 'f1', 'description': 'Buy Formula 1 tickets online for all 24 Grand Prix races in 2026. Secure checkout, instant QR delivery, 100% buyer protection. From €61.', 'image': 'https://euromatchtickets.com/og-image.jpg', 'page_type': 'commercial_landing', ...}, {'category': 'f1', 'city': 'Europe', 'description': 'Buy the cheapest F1 tickets for 2026. All 24 Grand Prix races from €61. General admission, grandstand, VIP. 0% fees, instant delivery. Compare prices now.', 'image': 'https://euromatchtickets.com/og-image.jpg', ...}, {'category': 'football', 'description': 'Buy Champions League Final 2026 tickets. The biggest match in club football. Verified tickets, instant delivery, 100% buyer protection.', 'image': 'https://euromatchtickets.com/og-image.jpg', 'page_type': 'commercial_landing', ...}, {'category': 'f1', 'city': 'Austin', 'description': 'Buy United States Grand Prix 2026 tickets. Circuit of the Americas, Austin. Grandstand, VIP &amp; Paddock Club available. Secure booking, instant delivery.', 'image': 'https://euromatchtickets.com/images/heroes/f1-red-lg.webp', ...}, {'category': 'f1', 'city': 'Baku', 'description': 'Buy Azerbaijan Grand Prix 2026 tickets. Baku City Circuit, Baku. Grandstand, VIP &amp; Paddock Club available. Secure booking, instant delivery.', 'image': 'https://euromatchtickets.com/images/heroes/f1-red-lg.webp', ...}, {'category': 'worldcup', 'city': 'Vancouver', 'description': 'Buy World Cup 2026 tickets for Vancouver. BC Place (54,500 seats). All stages. From €99.', 'image': 'https://static.prod-images.emergentagent.com/jobs/775fd9a1-fbbf-459e-af56-55fb2499685c/images/05d1221f89c0b02e7b60a2c357633e81ec178eb2044cc15e0b6a54756cb7e589.png', ...}, ...], 'total': 1982, ...}, list)">backend/tests/test_seo_pages_91.py:331: in test_seo_pages_list
    assert isinstance(data, list), "Expected list of pages"
E   AssertionError: Expected list of pages
E   assert False
E    +  where False = isinstance({'limit': 50, 'page': 1, 'pages': [{'category': 'f1', 'description': 'Buy Formula 1 tickets online for all 24 Grand Prix races in 2026. Secure checkout, instant QR delivery, 100% buyer protection. From €61.', 'image': 'https://euromatchtickets.com/og-image.jpg', 'page_type': 'commercial_landing', ...}, {'category': 'f1', 'city': 'Europe', 'description': 'Buy the cheapest F1 tickets for 2026. All 24 Grand Prix races from €61. General admission, grandstand, VIP. 0% fees, instant delivery. Compare prices now.', 'image': 'https://euromatchtickets.com/og-image.jpg', ...}, {'category': 'football', 'description': 'Buy Champions League Final 2026 tickets. The biggest match in club football. Verified tickets, instant delivery, 100% buyer protection.', 'image': 'https://euromatchtickets.com/og-image.jpg', 'page_type': 'commercial_landing', ...}, {'category': 'f1', 'city': 'Austin', 'description': 'Buy United States Grand Prix 2026 tickets. Circuit of the Americas, Austin. Grandstand, VIP &amp; Paddock Club available. Secure booking, instant delivery.', 'image': 'https://euromatchtickets.com/images/heroes/f1-red-lg.webp', ...}, {'category': 'f1', 'city': 'Baku', 'description': 'Buy Azerbaijan Grand Prix 2026 tickets. Baku City Circuit, Baku. Grandstand, VIP &amp; Paddock Club available. Secure booking, instant delivery.', 'image': 'https://euromatchtickets.com/images/heroes/f1-red-lg.webp', ...}, {'category': 'worldcup', 'city': 'Vancouver', 'description': 'Buy World Cup 2026 tickets for Vancouver. BC Place (54,500 seats). All stages. From €99.', 'image': 'https://static.prod-images.emergentagent.com/jobs/775fd9a1-fbbf-459e-af56-55fb2499685c/images/05d1221f89c0b02e7b60a2c357633e81ec178eb2044cc15e0b6a54756cb7e589.png', ...}, ...], 'total': 1982, ...}, list)</failure></testcase><testcase classname="backend.tests.test_seo_pages_91.TestAPIEndpoints" name="test_seo_indexing_status" time="0.129" /></testsuite></testsuites>