<?xml version="1.0" encoding="utf-8"?><testsuites name="pytest tests"><testsuite name="pytest" errors="0" failures="0" skipped="0" tests="17" time="2.154" timestamp="2026-03-12T19:28:07.907975+00:00" hostname="agent-env-6165c03c-b794-4734-8e8e-6933f1cef28a"><testcase classname="tests.test_sitemap_and_internal_links.TestSitemapIndex" name="test_sitemap_index_returns_valid_xml" time="0.156" /><testcase classname="tests.test_sitemap_and_internal_links.TestSitemapIndex" name="test_sitemap_index_does_not_contain_articles" time="0.180" /><testcase classname="tests.test_sitemap_and_internal_links.TestSitemapIndex" name="test_sitemap_index_has_exactly_6_entries" time="0.120" /><testcase classname="tests.test_sitemap_and_internal_links.TestArticlesSitemap" name="test_articles_sitemap_returns_valid_empty_xml" time="0.149" /><testcase classname="tests.test_sitemap_and_internal_links.TestOtherSitemaps" name="test_pages_sitemap_returns_valid_xml" time="0.130" /><testcase classname="tests.test_sitemap_and_internal_links.TestOtherSitemaps" name="test_f1_sitemap_returns_valid_xml" time="0.145" /><testcase classname="tests.test_sitemap_and_internal_links.TestOtherSitemaps" name="test_football_sitemap_returns_valid_xml" time="0.197" /><testcase classname="tests.test_sitemap_and_internal_links.TestOtherSitemaps" name="test_concerts_sitemap_returns_valid_xml" time="0.117" /><testcase classname="tests.test_sitemap_and_internal_links.TestRelatedPagesAPI" name="test_related_pages_f1_returns_links_array" time="0.122" /><testcase classname="tests.test_sitemap_and_internal_links.TestRelatedPagesAPI" name="test_related_pages_concert_returns_links" time="0.147" /><testcase classname="tests.test_sitemap_and_internal_links.TestRelatedPagesAPI" name="test_related_pages_excludes_current_slug" time="0.146" /><testcase classname="tests.test_sitemap_and_internal_links.TestRelatedPagesAPI" name="test_related_pages_football_with_cross_category" time="0.179" /><testcase classname="tests.test_sitemap_and_internal_links.TestRelatedPagesAPI" name="test_related_pages_includes_url_title_category_city" time="0.131" /><testcase classname="tests.test_sitemap_and_internal_links.TestRelatedPagesAPI" name="test_related_pages_same_city_different_category" time="0.154" /><testcase classname="tests.test_sitemap_and_internal_links.TestStaticSitemapFile" name="test_static_sitemap_exists" time="0.000" /><testcase classname="tests.test_sitemap_and_internal_links.TestStaticSitemapFile" name="test_static_sitemap_no_articles_entry" time="0.000" /><testcase classname="tests.test_sitemap_and_internal_links.TestStaticSitemapFile" name="test_static_sitemap_has_correct_entries" time="0.000" /></testsuite></testsuites>