<?xml version="1.0" encoding="utf-8"?><testsuites name="pytest tests"><testsuite name="pytest" errors="0" failures="0" skipped="0" tests="18" time="1.551" timestamp="2026-04-21T11:07:52.495466+00:00" hostname="agent-env-2f4aa8f6-d5d5-4e93-a71f-0d0b194e3946"><testcase classname="backend.tests.test_growth_engine.TestMostWanted" name="test_returns_expected_structure" time="0.198" /><testcase classname="backend.tests.test_growth_engine.TestMostWanted" name="test_respects_limit" time="0.050" /><testcase classname="backend.tests.test_growth_engine.TestMostWanted" name="test_invalid_limit_rejected" time="0.104" /><testcase classname="backend.tests.test_growth_engine.TestByCity" name="test_amsterdam" time="0.053" /><testcase classname="backend.tests.test_growth_engine.TestByCity" name="test_case_insensitive" time="0.100" /><testcase classname="backend.tests.test_growth_engine.TestByCity" name="test_london_has_events" time="0.049" /><testcase classname="backend.tests.test_growth_engine.TestByCity" name="test_invalid_city_rejected" time="0.184" /><testcase classname="backend.tests.test_growth_engine.TestByArtist" name="test_structure" time="0.050" /><testcase classname="backend.tests.test_growth_engine.TestByArtist" name="test_invalid_artist" time="0.047" /><testcase classname="backend.tests.test_growth_engine.TestLeads" name="test_capture_valid" time="0.057" /><testcase classname="backend.tests.test_growth_engine.TestLeads" name="test_capture_upsert_increments_demand" time="0.196" /><testcase classname="backend.tests.test_growth_engine.TestLeads" name="test_invalid_email_422" time="0.045" /><testcase classname="backend.tests.test_growth_engine.TestLeads" name="test_invalid_slug_400" time="0.067" /><testcase classname="backend.tests.test_growth_engine.TestLeads" name="test_leads_count" time="0.047" /><testcase classname="backend.tests.test_growth_engine.TestVitals" name="test_valid_lcp" time="0.047" /><testcase classname="backend.tests.test_growth_engine.TestVitals" name="test_unknown_metric_rejected" time="0.046" /><testcase classname="backend.tests.test_growth_engine.TestSecurityHeaders" name="test_events_robots_header" time="0.052" /><testcase classname="backend.tests.test_growth_engine.TestSecurityHeaders" name="test_404_robots_noindex" time="0.044" /></testsuite></testsuites>