<?xml version="1.0" encoding="utf-8"?><testsuites name="pytest tests"><testsuite name="pytest" errors="0" failures="0" skipped="0" tests="14" time="2.808" timestamp="2026-03-12T23:17:57.663139+00:00" hostname="agent-env-5c0bc5c6-c0f2-4c48-9acf-c7c1796bb5c4"><testcase classname="backend.tests.test_event_date_filter_and_images.TestEventDateFilter" name="test_api_health" time="0.267" /><testcase classname="backend.tests.test_event_date_filter_and_images.TestEventDateFilter" name="test_all_events_have_future_dates" time="0.213" /><testcase classname="backend.tests.test_event_date_filter_and_images.TestEventDateFilter" name="test_match_events_have_future_dates" time="0.192" /><testcase classname="backend.tests.test_event_date_filter_and_images.TestEventDateFilter" name="test_concert_events_have_future_dates" time="0.158" /><testcase classname="backend.tests.test_event_date_filter_and_images.TestEventDateFilter" name="test_featured_events_have_future_dates" time="0.190" /><testcase classname="backend.tests.test_event_date_filter_and_images.TestSitemapAndInternalLinks" name="test_sitemap_xml_structure" time="0.141" /><testcase classname="backend.tests.test_event_date_filter_and_images.TestSitemapAndInternalLinks" name="test_sitemap_no_past_events" time="0.135" /><testcase classname="backend.tests.test_event_date_filter_and_images.TestSitemapAndInternalLinks" name="test_internal_links_match_future_only" time="0.150" /><testcase classname="backend.tests.test_event_date_filter_and_images.TestSitemapAndInternalLinks" name="test_internal_links_concert_future_only" time="0.123" /><testcase classname="backend.tests.test_event_date_filter_and_images.TestImageCacheHeaders" name="test_local_hero_images_exist" time="0.590" /><testcase classname="backend.tests.test_event_date_filter_and_images.TestImageCacheHeaders" name="test_image_cache_headers" time="0.170" /><testcase classname="backend.tests.test_event_date_filter_and_images.TestSEORelatedFeatures" name="test_robots_txt" time="0.133" /><testcase classname="backend.tests.test_event_date_filter_and_images.TestSEORelatedFeatures" name="test_sitemap_index_xml" time="0.117" /><testcase classname="backend.tests.test_event_date_filter_and_images.TestSEORelatedFeatures" name="test_no_cancelled_events_in_api" time="0.165" /></testsuite></testsuites>