<?xml version="1.0" encoding="utf-8"?><testsuites name="pytest tests"><testsuite name="pytest" errors="0" failures="0" skipped="0" tests="11" time="5.407" timestamp="2026-03-17T19:32:54.136092+00:00" hostname="agent-env-aa8d5fa3-e3ae-4e86-a129-cc80d7b77478"><testcase classname="backend.tests.test_seo_slugs.TestEventSlugLookup" name="test_event_lookup_by_slug" time="0.357" /><testcase classname="backend.tests.test_seo_slugs.TestEventSlugLookup" name="test_event_lookup_by_event_id" time="0.346" /><testcase classname="backend.tests.test_seo_slugs.TestEventSlugLookup" name="test_events_list_contains_slug" time="0.229" /><testcase classname="backend.tests.test_seo_slugs.TestSlugGeneration" name="test_generate_slugs_endpoint" time="0.143" /><testcase classname="backend.tests.test_seo_slugs.TestSitemap" name="test_sitemap_xml" time="0.162" /><testcase classname="backend.tests.test_seo_slugs.TestSitemap" name="test_sitemap_index_xml" time="0.134" /><testcase classname="backend.tests.test_seo_slugs.TestRobotsTxt" name="test_robots_txt" time="0.167" /><testcase classname="backend.tests.test_seo_slugs.TestRelatedContent" name="test_full_related_endpoint" time="0.761" /><testcase classname="backend.tests.test_seo_slugs.TestRelatedContent" name="test_related_pages_endpoint" time="0.158" /><testcase classname="backend.tests.test_seo_slugs.TestContentStats" name="test_content_stats" time="2.495" /><testcase classname="backend.tests.test_seo_slugs.TestEventFields" name="test_event_has_image_fields" time="0.393" /></testsuite></testsuites>