<?xml version="1.0" encoding="utf-8"?><testsuites name="pytest tests"><testsuite name="pytest" errors="0" failures="0" skipped="0" tests="13" time="2.372" timestamp="2026-03-19T20:36:38.754518+00:00" hostname="agent-env-bdfa3227-2ff4-416f-8133-a816a0c3b27d"><testcase classname="backend.tests.test_event_details_page.TestEventDetailsAPI" name="test_get_event_by_id_success" time="0.209" /><testcase classname="backend.tests.test_event_details_page.TestEventDetailsAPI" name="test_event_has_grouped_sections" time="0.180" /><testcase classname="backend.tests.test_event_details_page.TestEventDetailsAPI" name="test_grouped_section_structure" time="0.149" /><testcase classname="backend.tests.test_event_details_page.TestEventDetailsAPI" name="test_grouped_section_tickets_structure" time="0.190" /><testcase classname="backend.tests.test_event_details_page.TestEventDetailsAPI" name="test_event_has_ticket_count" time="0.138" /><testcase classname="backend.tests.test_event_details_page.TestEventDetailsAPI" name="test_event_has_categories" time="0.135" /><testcase classname="backend.tests.test_event_details_page.TestEventDetailsAPI" name="test_event_not_found_returns_404" time="0.172" /><testcase classname="backend.tests.test_event_details_page.TestEventDetailsAPI" name="test_event_by_slug" time="0.188" /><testcase classname="backend.tests.test_event_details_page.TestEventDetailsAPI" name="test_sections_sorted_by_lowest_price" time="0.134" /><testcase classname="backend.tests.test_event_details_page.TestEventListAPI" name="test_events_list_returns_200" time="0.151" /><testcase classname="backend.tests.test_event_details_page.TestEventListAPI" name="test_events_list_has_ticket_counts" time="0.191" /><testcase classname="backend.tests.test_event_details_page.TestEventListAPI" name="test_events_filter_by_type" time="0.178" /><testcase classname="backend.tests.test_event_details_page.TestEventListAPI" name="test_football_event_has_grouped_sections" time="0.281" /></testsuite></testsuites>