<?xml version="1.0" encoding="utf-8"?><testsuites name="pytest tests"><testsuite name="pytest" errors="0" failures="1" skipped="0" tests="15" time="38.410" timestamp="2026-04-22T12:01:13.957587+00:00" hostname="agent-env-2f4aa8f6-d5d5-4e93-a71f-0d0b194e3946"><testcase classname="backend.tests.test_seo_indexability_iter56.TestSitemapsAndRobots" name="test_sitemap_index_200" time="0.169" /><testcase classname="backend.tests.test_seo_indexability_iter56.TestSitemapsAndRobots" name="test_robots_txt" time="0.108"><failure message="assert not &lt;re.Match object; span=(1370, 1382), match='Disallow: /\n'&gt;&#10; +  where &lt;re.Match object; span=(1370, 1382), match='Disallow: /\n'&gt; = &lt;function search at 0xfc0fb508cc20&gt;('^\\s*Disallow:\\s*/\\s*$', &quot;# As a condition of accessing this website, you agree to abide by the following\n# content signals:\n\n# (a)  If a Content-Signal = yes, you may collect content for the corresponding\n#      use.\n# (b)  If a Content-Signal = no, you may not collect content for the\n#      corresponding use.\n# (c)  If the website operator does not include a Content-Signal for a\n#      corresponding use, the website operator neither grants nor restricts\n#      permission via Content-Signal with respect to the corresponding use.\n\n# The content signals and their meanings are:\n\n# search:   building a search index and providing search results (e.g., returning\n#           hyperlinks and short excerpts from your website's contents). Search does not\n#           include providing AI-generated search summaries.\n# ai-input: inputting content into one or more AI models (e.g., retrieval\n#           augmented generation, grounding, or other real-time taking of content for\n#           generative AI search answers).\n# ai-train: training or fine-tuning AI models.\n\n# ANY RESTRICTIONS EXPRESSED VIA CONTENT SIGNALS ARE EXPRESS RESERVATIONS OF\n# RIGHTS UNDER ARTICLE 4 OF THE EUROPEAN UNION DIRECTIVE ...naged Content\n\nUser-agent: *\nAllow: /\nAllow: /api/merchant/feed.xml\nDisallow: /admin\nDisallow: /owner\nDisallow: /seller\nDisallow: /api/\nDisallow: /auth/\nDisallow: /marketing\nDisallow: /checkout\nDisallow: /checkout?*\nDisallow: /order/\nDisallow: /my-tickets\nDisallow: /seo-dashboard\nDisallow: /seo-bot\nDisallow: /search?\nDisallow: /filter?\nDisallow: /*?sort=\nDisallow: /*?page=\nDisallow: /*?filter=\n\nUser-agent: Googlebot\nAllow: /\nAllow: /api/merchant/feed.xml\nCrawl-delay: 0\n\nUser-agent: Bingbot\nAllow: /\nCrawl-delay: 0\n\nUser-agent: Yandex\nAllow: /\nCrawl-delay: 1\n\nSitemap: https://euromatchtickets.com/sitemap.xml\nSitemap: https://euromatchtickets.com/sitemap-core.xml\nSitemap: https://euromatchtickets.com/sitemap-f1-motorsport.xml\nSitemap: https://euromatchtickets.com/sitemap-football.xml\nSitemap: https://euromatchtickets.com/sitemap-concerts.xml\nSitemap: https://euromatchtickets.com/sitemap-worldcup.xml\nSitemap: https://euromatchtickets.com/sitemap-city-regional.xml\nSitemap: https://euromatchtickets.com/sitemap-events.xml\nSitemap: https://euromatchtickets.com/sitemap-international.xml\nSitemap: https://euromatchtickets.com/sitemap-guides.xml\n&quot;, re.MULTILINE)&#10; +    where &lt;function search at 0xfc0fb508cc20&gt; = re.search&#10; +    and   re.MULTILINE = re.MULTILINE">backend/tests/test_seo_indexability_iter56.py:72: in test_robots_txt
    assert not re.search(r"^\s*Disallow:\s*/\s*$", body, re.MULTILINE)
E   assert not &lt;re.Match object; span=(1370, 1382), match='Disallow: /\n'&gt;
E    +  where &lt;re.Match object; span=(1370, 1382), match='Disallow: /\n'&gt; = &lt;function search at 0xfc0fb508cc20&gt;('^\\s*Disallow:\\s*/\\s*$', "# As a condition of accessing this website, you agree to abide by the following\n# content signals:\n\n# (a)  If a Content-Signal = yes, you may collect content for the corresponding\n#      use.\n# (b)  If a Content-Signal = no, you may not collect content for the\n#      corresponding use.\n# (c)  If the website operator does not include a Content-Signal for a\n#      corresponding use, the website operator neither grants nor restricts\n#      permission via Content-Signal with respect to the corresponding use.\n\n# The content signals and their meanings are:\n\n# search:   building a search index and providing search results (e.g., returning\n#           hyperlinks and short excerpts from your website's contents). Search does not\n#           include providing AI-generated search summaries.\n# ai-input: inputting content into one or more AI models (e.g., retrieval\n#           augmented generation, grounding, or other real-time taking of content for\n#           generative AI search answers).\n# ai-train: training or fine-tuning AI models.\n\n# ANY RESTRICTIONS EXPRESSED VIA CONTENT SIGNALS ARE EXPRESS RESERVATIONS OF\n# RIGHTS UNDER ARTICLE 4 OF THE EUROPEAN UNION DIRECTIVE ...naged Content\n\nUser-agent: *\nAllow: /\nAllow: /api/merchant/feed.xml\nDisallow: /admin\nDisallow: /owner\nDisallow: /seller\nDisallow: /api/\nDisallow: /auth/\nDisallow: /marketing\nDisallow: /checkout\nDisallow: /checkout?*\nDisallow: /order/\nDisallow: /my-tickets\nDisallow: /seo-dashboard\nDisallow: /seo-bot\nDisallow: /search?\nDisallow: /filter?\nDisallow: /*?sort=\nDisallow: /*?page=\nDisallow: /*?filter=\n\nUser-agent: Googlebot\nAllow: /\nAllow: /api/merchant/feed.xml\nCrawl-delay: 0\n\nUser-agent: Bingbot\nAllow: /\nCrawl-delay: 0\n\nUser-agent: Yandex\nAllow: /\nCrawl-delay: 1\n\nSitemap: https://euromatchtickets.com/sitemap.xml\nSitemap: https://euromatchtickets.com/sitemap-core.xml\nSitemap: https://euromatchtickets.com/sitemap-f1-motorsport.xml\nSitemap: https://euromatchtickets.com/sitemap-football.xml\nSitemap: https://euromatchtickets.com/sitemap-concerts.xml\nSitemap: https://euromatchtickets.com/sitemap-worldcup.xml\nSitemap: https://euromatchtickets.com/sitemap-city-regional.xml\nSitemap: https://euromatchtickets.com/sitemap-events.xml\nSitemap: https://euromatchtickets.com/sitemap-international.xml\nSitemap: https://euromatchtickets.com/sitemap-guides.xml\n", re.MULTILINE)
E    +    where &lt;function search at 0xfc0fb508cc20&gt; = re.search
E    +    and   re.MULTILINE = re.MULTILINE</failure></testcase><testcase classname="backend.tests.test_seo_indexability_iter56.TestSitemapsAndRobots" name="test_each_subsitemap_loads[sitemap-core.xml]" time="0.115" /><testcase classname="backend.tests.test_seo_indexability_iter56.TestSitemapsAndRobots" name="test_each_subsitemap_loads[sitemap-events.xml]" time="0.138" /><testcase classname="backend.tests.test_seo_indexability_iter56.TestSitemapsAndRobots" name="test_each_subsitemap_loads[sitemap-worldcup.xml]" time="0.121" /><testcase classname="backend.tests.test_seo_indexability_iter56.TestSitemapsAndRobots" name="test_each_subsitemap_loads[sitemap-f1-motorsport.xml]" time="0.104" /><testcase classname="backend.tests.test_seo_indexability_iter56.TestSitemapsAndRobots" name="test_each_subsitemap_loads[sitemap-football.xml]" time="0.107" /><testcase classname="backend.tests.test_seo_indexability_iter56.TestSitemapsAndRobots" name="test_each_subsitemap_loads[sitemap-concerts.xml]" time="0.129" /><testcase classname="backend.tests.test_seo_indexability_iter56.TestSitemapsAndRobots" name="test_each_subsitemap_loads[sitemap-city-regional.xml]" time="0.117" /><testcase classname="backend.tests.test_seo_indexability_iter56.TestSitemapsAndRobots" name="test_each_subsitemap_loads[sitemap-international.xml]" time="0.112" /><testcase classname="backend.tests.test_seo_indexability_iter56.TestSitemapsAndRobots" name="test_each_subsitemap_loads[sitemap-guides.xml]" time="0.119" /><testcase classname="backend.tests.test_seo_indexability_iter56.TestSitemapsAndRobots" name="test_total_loc_count_500_plus" time="0.995" /><testcase classname="backend.tests.test_seo_indexability_iter56.TestSitemapsAndRobots" name="test_image_locs_absolute" time="0.997" /><testcase classname="backend.tests.test_seo_indexability_iter56.TestBrokenLinks" name="test_sample_50_urls_per_sitemap" time="14.331" /><testcase classname="backend.tests.test_seo_indexability_iter56.TestKeyRoutesStatus" name="test_all_key_routes_200" time="20.663" /></testsuite></testsuites>