<?xml version="1.0" encoding="utf-8"?><testsuites name="pytest tests"><testsuite name="pytest" errors="0" failures="1" skipped="0" tests="19" time="1.417" timestamp="2026-04-21T11:38:53.755956+00:00" hostname="agent-env-2f4aa8f6-d5d5-4e93-a71f-0d0b194e3946"><testcase classname="backend.tests.test_iteration_55.TestHomepageCarousel" name="test_homepage_loads" time="0.245" /><testcase classname="backend.tests.test_iteration_55.TestHomepageCarousel" name="test_homepage_no_bieber_fake_price" time="0.068" /><testcase classname="backend.tests.test_iteration_55.TestTaylorSwiftComingSoon" name="test_ts_london_returns_200" time="0.065" /><testcase classname="backend.tests.test_iteration_55.TestTaylorSwiftComingSoon" name="test_ts_london_has_noindex_meta" time="0.060" /><testcase classname="backend.tests.test_iteration_55.TestTaylorSwiftComingSoon" name="test_ts_london_no_product_schema" time="0.055" /><testcase classname="backend.tests.test_iteration_55.TestTaylorSwiftComingSoon" name="test_ts_london_has_coming_soon_ui_markers" time="0.061" /><testcase classname="backend.tests.test_iteration_55.TestTaylorSwiftComingSoon" name="test_ts_variation_returns_200[/taylor-swift-london-tickets]" time="0.058" /><testcase classname="backend.tests.test_iteration_55.TestTaylorSwiftComingSoon" name="test_ts_variation_returns_200[/taylor-swift-wembley-2026-tickets]" time="0.061" /><testcase classname="backend.tests.test_iteration_55.TestTaylorSwiftComingSoon" name="test_ts_variation_returns_200[/taylor-swift-tickets]" time="0.065" /><testcase classname="backend.tests.test_iteration_55.TestTaylorSwiftComingSoon" name="test_ts_variation_returns_200[/taylor-swift-concert-london]" time="0.061" /><testcase classname="backend.tests.test_iteration_55.TestTaylorSwiftComingSoon" name="test_ts_variation_returns_200[/taylor-swift-eras-tour-london]" time="0.055" /><testcase classname="backend.tests.test_iteration_55.TestBieberComingSoon" name="test_bieber_variation_returns_200[/justin-bieber-amsterdam-2026-tickets]" time="0.053" /><testcase classname="backend.tests.test_iteration_55.TestBieberComingSoon" name="test_bieber_variation_returns_200[/justin-bieber-amsterdam-tickets]" time="0.060" /><testcase classname="backend.tests.test_iteration_55.TestBieberComingSoon" name="test_bieber_variation_returns_200[/justin-bieber-amsterdam]" time="0.058" /><testcase classname="backend.tests.test_iteration_55.TestBieberComingSoon" name="test_bieber_variation_returns_200[/bieber-amsterdam-tickets]" time="0.057" /><testcase classname="backend.tests.test_iteration_55.TestBieberComingSoon" name="test_bieber_canonical_coming_soon" time="0.054" /><testcase classname="backend.tests.test_iteration_55.TestBackendAPIs" name="test_events_endpoint" time="0.063" /><testcase classname="backend.tests.test_iteration_55.TestBackendAPIs" name="test_demand_most_wanted" time="0.055" /><testcase classname="backend.tests.test_iteration_55.TestLeadCaptureIdempotency" name="test_duplicate_email_does_not_inflate" time="0.068"><failure message="AssertionError: first capture returned 422: {&quot;detail&quot;:[{&quot;type&quot;:&quot;missing&quot;,&quot;loc&quot;:[&quot;body&quot;,&quot;event_slug&quot;],&quot;msg&quot;:&quot;Field required&quot;,&quot;input&quot;:{&quot;email&quot;:&quot;test_iter55_1776771535@example.com&quot;,&quot;slug&quot;:&quot;taylor-swift-london-tickets&quot;,&quot;source&quot;:&quot;test_iter55&quot;},&quot;url&quot;:&quot;https://errors.pydantic.dev/2.11/v/missing&quot;}]}&#10;assert 422 in (200, 201)&#10; +  where 422 = &lt;Response [422]&gt;.status_code">backend/tests/test_iteration_55.py:175: in test_duplicate_email_does_not_inflate
    assert r1.status_code in (200, 201), f"first capture returned {r1.status_code}: {r1.text[:300]}"
E   AssertionError: first capture returned 422: {"detail":[{"type":"missing","loc":["body","event_slug"],"msg":"Field required","input":{"email":"test_iter55_1776771535@example.com","slug":"taylor-swift-london-tickets","source":"test_iter55"},"url":"https://errors.pydantic.dev/2.11/v/missing"}]}
E   assert 422 in (200, 201)
E    +  where 422 = &lt;Response [422]&gt;.status_code</failure></testcase></testsuite></testsuites>